2022-08-16 11:53:01.592  INFO 15076 --- [main] c.e.coursework.CourseworkApplication     : Starting CourseworkApplication using Java 17.0.4 on DESKTOP-O6BUNA7 with PID 15076 (C:\Users\User\IdeaProjects\netology\src\netology\jd\springboot\coursework\target\classes started by User in C:\Users\User\IdeaProjects\netology\src\netology\jd\springboot\coursework)
2022-08-16 11:53:01.602  INFO 15076 --- [main] c.e.coursework.CourseworkApplication     : No active profile set, falling back to 1 default profile: "default"
2022-08-16 11:53:03.212  INFO 15076 --- [main] o.s.b.w.embedded.tomcat.TomcatWebServer  : Tomcat initialized with port(s): 8080 (http)
2022-08-16 11:53:03.226  INFO 15076 --- [main] o.apache.catalina.core.StandardService   : Starting service [Tomcat]
2022-08-16 11:53:03.227  INFO 15076 --- [main] org.apache.catalina.core.StandardEngine  : Starting Servlet engine: [Apache Tomcat/9.0.65]
2022-08-16 11:53:03.359  INFO 15076 --- [main] o.a.c.c.C.[Tomcat].[localhost].[/]       : Initializing Spring embedded WebApplicationContext
2022-08-16 11:53:03.359  INFO 15076 --- [main] w.s.c.ServletWebServerApplicationContext : Root WebApplicationContext: initialization completed in 1671 ms
2022-08-16 11:53:04.007  INFO 15076 --- [main] o.s.b.w.embedded.tomcat.TomcatWebServer  : Tomcat started on port(s): 8080 (http) with context path ''
2022-08-16 11:53:04.029  INFO 15076 --- [main] c.e.coursework.CourseworkApplication     : Started CourseworkApplication in 2.913 seconds (JVM running for 4.649)
2022-08-16 12:54:12.980  INFO 24288 --- [main] c.e.coursework.CourseworkApplication     : Starting CourseworkApplication using Java 17.0.4 on DESKTOP-O6BUNA7 with PID 24288 (C:\Users\User\IdeaProjects\netology\src\netology\jd\springboot\coursework\target\classes started by User in C:\Users\User\IdeaProjects\netology\src\netology\jd\springboot\coursework)
2022-08-16 12:54:12.984  INFO 24288 --- [main] c.e.coursework.CourseworkApplication     : No active profile set, falling back to 1 default profile: "default"
2022-08-16 12:54:22.535  INFO 24288 --- [main] o.s.b.w.embedded.tomcat.TomcatWebServer  : Tomcat initialized with port(s): 8080 (http)
2022-08-16 12:54:22.548  INFO 24288 --- [main] o.apache.catalina.core.StandardService   : Starting service [Tomcat]
2022-08-16 12:54:22.548  INFO 24288 --- [main] org.apache.catalina.core.StandardEngine  : Starting Servlet engine: [Apache Tomcat/9.0.65]
2022-08-16 12:54:22.676  INFO 24288 --- [main] o.a.c.c.C.[Tomcat].[localhost].[/]       : Initializing Spring embedded WebApplicationContext
2022-08-16 12:54:22.676  INFO 24288 --- [main] w.s.c.ServletWebServerApplicationContext : Root WebApplicationContext: initialization completed in 9576 ms
2022-08-16 12:54:23.146  INFO 24288 --- [main] o.s.b.w.embedded.tomcat.TomcatWebServer  : Tomcat started on port(s): 8080 (http) with context path ''
2022-08-16 12:54:23.169  INFO 24288 --- [main] c.e.coursework.CourseworkApplication     : Started CourseworkApplication in 11.045 seconds (JVM running for 12.022)
2022-08-16 12:55:06.879  INFO 24288 --- [http-nio-8080-exec-1] o.a.c.c.C.[Tomcat].[localhost].[/]       : Initializing Spring DispatcherServlet 'dispatcherServlet'
2022-08-16 12:55:06.880  INFO 24288 --- [http-nio-8080-exec-1] o.s.web.servlet.DispatcherServlet        : Initializing Servlet 'dispatcherServlet'
2022-08-16 12:55:06.881  INFO 24288 --- [http-nio-8080-exec-1] o.s.web.servlet.DispatcherServlet        : Completed initialization in 1 ms
2022-08-16 12:56:21.757  INFO 22312 --- [main] c.e.coursework.CourseworkApplication     : Starting CourseworkApplication using Java 17.0.4 on DESKTOP-O6BUNA7 with PID 22312 (C:\Users\User\IdeaProjects\netology\src\netology\jd\springboot\coursework\target\classes started by User in C:\Users\User\IdeaProjects\netology\src\netology\jd\springboot\coursework)
2022-08-16 12:56:21.760  INFO 22312 --- [main] c.e.coursework.CourseworkApplication     : No active profile set, falling back to 1 default profile: "default"
2022-08-16 12:56:22.746  INFO 22312 --- [main] o.s.b.w.embedded.tomcat.TomcatWebServer  : Tomcat initialized with port(s): 8080 (http)
2022-08-16 12:56:22.757  INFO 22312 --- [main] o.apache.catalina.core.StandardService   : Starting service [Tomcat]
2022-08-16 12:56:22.758  INFO 22312 --- [main] org.apache.catalina.core.StandardEngine  : Starting Servlet engine: [Apache Tomcat/9.0.65]
2022-08-16 12:56:22.861  INFO 22312 --- [main] o.a.c.c.C.[Tomcat].[localhost].[/]       : Initializing Spring embedded WebApplicationContext
2022-08-16 12:56:22.862  INFO 22312 --- [main] w.s.c.ServletWebServerApplicationContext : Root WebApplicationContext: initialization completed in 1053 ms
2022-08-16 12:56:23.299  INFO 22312 --- [main] o.s.b.w.embedded.tomcat.TomcatWebServer  : Tomcat started on port(s): 8080 (http) with context path ''
2022-08-16 12:56:23.310  INFO 22312 --- [main] c.e.coursework.CourseworkApplication     : Started CourseworkApplication in 1.954 seconds (JVM running for 2.774)
2022-08-16 12:56:36.781  INFO 22312 --- [http-nio-8080-exec-1] o.a.c.c.C.[Tomcat].[localhost].[/]       : Initializing Spring DispatcherServlet 'dispatcherServlet'
2022-08-16 12:56:36.781  INFO 22312 --- [http-nio-8080-exec-1] o.s.web.servlet.DispatcherServlet        : Initializing Servlet 'dispatcherServlet'
2022-08-16 12:56:36.783  INFO 22312 --- [http-nio-8080-exec-1] o.s.web.servlet.DispatcherServlet        : Completed initialization in 1 ms
2022-08-16 12:58:17.660  INFO 22184 --- [main] c.e.coursework.CourseworkApplication     : Starting CourseworkApplication using Java 17.0.4 on DESKTOP-O6BUNA7 with PID 22184 (C:\Users\User\IdeaProjects\netology\src\netology\jd\springboot\coursework\target\classes started by User in C:\Users\User\IdeaProjects\netology\src\netology\jd\springboot\coursework)
2022-08-16 12:58:17.664  INFO 22184 --- [main] c.e.coursework.CourseworkApplication     : No active profile set, falling back to 1 default profile: "default"
2022-08-16 12:58:18.718  INFO 22184 --- [main] o.s.b.w.embedded.tomcat.TomcatWebServer  : Tomcat initialized with port(s): 8080 (http)
2022-08-16 12:58:18.727  INFO 22184 --- [main] o.apache.catalina.core.StandardService   : Starting service [Tomcat]
2022-08-16 12:58:18.728  INFO 22184 --- [main] org.apache.catalina.core.StandardEngine  : Starting Servlet engine: [Apache Tomcat/9.0.65]
2022-08-16 12:58:18.830  INFO 22184 --- [main] o.a.c.c.C.[Tomcat].[localhost].[/]       : Initializing Spring embedded WebApplicationContext
2022-08-16 12:58:18.830  INFO 22184 --- [main] w.s.c.ServletWebServerApplicationContext : Root WebApplicationContext: initialization completed in 1120 ms
2022-08-16 12:58:19.245  INFO 22184 --- [main] o.s.b.w.embedded.tomcat.TomcatWebServer  : Tomcat started on port(s): 8080 (http) with context path ''
2022-08-16 12:58:19.256  INFO 22184 --- [main] c.e.coursework.CourseworkApplication     : Started CourseworkApplication in 2.006 seconds (JVM running for 2.92)
2022-08-16 12:58:38.162  INFO 22184 --- [http-nio-8080-exec-1] o.a.c.c.C.[Tomcat].[localhost].[/]       : Initializing Spring DispatcherServlet 'dispatcherServlet'
2022-08-16 12:58:38.163  INFO 22184 --- [http-nio-8080-exec-1] o.s.web.servlet.DispatcherServlet        : Initializing Servlet 'dispatcherServlet'
2022-08-16 12:58:38.165  INFO 22184 --- [http-nio-8080-exec-1] o.s.web.servlet.DispatcherServlet        : Completed initialization in 2 ms
2022-08-16 12:59:08.832  INFO 25996 --- [main] c.e.coursework.CourseworkApplication     : Starting CourseworkApplication using Java 17.0.4 on DESKTOP-O6BUNA7 with PID 25996 (C:\Users\User\IdeaProjects\netology\src\netology\jd\springboot\coursework\target\classes started by User in C:\Users\User\IdeaProjects\netology\src\netology\jd\springboot\coursework)
2022-08-16 12:59:08.835  INFO 25996 --- [main] c.e.coursework.CourseworkApplication     : No active profile set, falling back to 1 default profile: "default"
2022-08-16 12:59:09.929  INFO 25996 --- [main] o.s.b.w.embedded.tomcat.TomcatWebServer  : Tomcat initialized with port(s): 8080 (http)
2022-08-16 12:59:09.940  INFO 25996 --- [main] o.apache.catalina.core.StandardService   : Starting service [Tomcat]
2022-08-16 12:59:09.941  INFO 25996 --- [main] org.apache.catalina.core.StandardEngine  : Starting Servlet engine: [Apache Tomcat/9.0.65]
2022-08-16 12:59:10.060  INFO 25996 --- [main] o.a.c.c.C.[Tomcat].[localhost].[/]       : Initializing Spring embedded WebApplicationContext
2022-08-16 12:59:10.061  INFO 25996 --- [main] w.s.c.ServletWebServerApplicationContext : Root WebApplicationContext: initialization completed in 1156 ms
2022-08-16 12:59:10.434  INFO 25996 --- [main] o.s.b.w.embedded.tomcat.TomcatWebServer  : Tomcat started on port(s): 8080 (http) with context path ''
2022-08-16 12:59:10.445  INFO 25996 --- [main] c.e.coursework.CourseworkApplication     : Started CourseworkApplication in 2.116 seconds (JVM running for 2.915)
2022-08-16 12:59:12.717  INFO 25996 --- [http-nio-8080-exec-1] o.a.c.c.C.[Tomcat].[localhost].[/]       : Initializing Spring DispatcherServlet 'dispatcherServlet'
2022-08-16 12:59:12.718  INFO 25996 --- [http-nio-8080-exec-1] o.s.web.servlet.DispatcherServlet        : Initializing Servlet 'dispatcherServlet'
2022-08-16 12:59:12.719  INFO 25996 --- [http-nio-8080-exec-1] o.s.web.servlet.DispatcherServlet        : Completed initialization in 1 ms
2022-08-16 13:00:11.639  INFO 10392 --- [main] c.e.coursework.CourseworkApplication     : Starting CourseworkApplication using Java 17.0.4 on DESKTOP-O6BUNA7 with PID 10392 (C:\Users\User\IdeaProjects\netology\src\netology\jd\springboot\coursework\target\classes started by User in C:\Users\User\IdeaProjects\netology\src\netology\jd\springboot\coursework)
2022-08-16 13:00:11.642  INFO 10392 --- [main] c.e.coursework.CourseworkApplication     : No active profile set, falling back to 1 default profile: "default"
2022-08-16 13:00:12.845  INFO 10392 --- [main] o.s.b.w.embedded.tomcat.TomcatWebServer  : Tomcat initialized with port(s): 8080 (http)
2022-08-16 13:00:12.854  INFO 10392 --- [main] o.apache.catalina.core.StandardService   : Starting service [Tomcat]
2022-08-16 13:00:12.855  INFO 10392 --- [main] org.apache.catalina.core.StandardEngine  : Starting Servlet engine: [Apache Tomcat/9.0.65]
2022-08-16 13:00:12.966  INFO 10392 --- [main] o.a.c.c.C.[Tomcat].[localhost].[/]       : Initializing Spring embedded WebApplicationContext
2022-08-16 13:00:12.966  INFO 10392 --- [main] w.s.c.ServletWebServerApplicationContext : Root WebApplicationContext: initialization completed in 1252 ms
2022-08-16 13:00:13.378  INFO 10392 --- [main] o.s.b.w.embedded.tomcat.TomcatWebServer  : Tomcat started on port(s): 8080 (http) with context path ''
2022-08-16 13:00:13.391  INFO 10392 --- [main] c.e.coursework.CourseworkApplication     : Started CourseworkApplication in 2.173 seconds (JVM running for 2.862)
2022-08-16 13:07:22.050  INFO 10392 --- [http-nio-8080-exec-1] o.a.c.c.C.[Tomcat].[localhost].[/]       : Initializing Spring DispatcherServlet 'dispatcherServlet'
2022-08-16 13:07:22.051  INFO 10392 --- [http-nio-8080-exec-1] o.s.web.servlet.DispatcherServlet        : Initializing Servlet 'dispatcherServlet'
2022-08-16 13:07:22.053  INFO 10392 --- [http-nio-8080-exec-1] o.s.web.servlet.DispatcherServlet        : Completed initialization in 2 ms
2022-08-16 13:08:34.942  INFO 19772 --- [main] c.e.coursework.CourseworkApplication     : Starting CourseworkApplication using Java 17.0.4 on DESKTOP-O6BUNA7 with PID 19772 (C:\Users\User\IdeaProjects\netology\src\netology\jd\springboot\coursework\target\classes started by User in C:\Users\User\IdeaProjects\netology\src\netology\jd\springboot\coursework)
2022-08-16 13:08:34.945  INFO 19772 --- [main] c.e.coursework.CourseworkApplication     : No active profile set, falling back to 1 default profile: "default"
2022-08-16 13:08:35.887  INFO 19772 --- [main] o.s.b.w.embedded.tomcat.TomcatWebServer  : Tomcat initialized with port(s): 8080 (http)
2022-08-16 13:08:35.897  INFO 19772 --- [main] o.apache.catalina.core.StandardService   : Starting service [Tomcat]
2022-08-16 13:08:35.898  INFO 19772 --- [main] org.apache.catalina.core.StandardEngine  : Starting Servlet engine: [Apache Tomcat/9.0.65]
2022-08-16 13:08:36.003  INFO 19772 --- [main] o.a.c.c.C.[Tomcat].[localhost].[/]       : Initializing Spring embedded WebApplicationContext
2022-08-16 13:08:36.003  INFO 19772 --- [main] w.s.c.ServletWebServerApplicationContext : Root WebApplicationContext: initialization completed in 1007 ms
2022-08-16 13:08:36.420  INFO 19772 --- [main] o.s.b.w.embedded.tomcat.TomcatWebServer  : Tomcat started on port(s): 8080 (http) with context path ''
2022-08-16 13:08:36.431  INFO 19772 --- [main] c.e.coursework.CourseworkApplication     : Started CourseworkApplication in 1.88 seconds (JVM running for 2.601)
2022-08-16 13:08:53.235  INFO 19772 --- [http-nio-8080-exec-1] o.a.c.c.C.[Tomcat].[localhost].[/]       : Initializing Spring DispatcherServlet 'dispatcherServlet'
2022-08-16 13:08:53.236  INFO 19772 --- [http-nio-8080-exec-1] o.s.web.servlet.DispatcherServlet        : Initializing Servlet 'dispatcherServlet'
2022-08-16 13:08:53.236  INFO 19772 --- [http-nio-8080-exec-1] o.s.web.servlet.DispatcherServlet        : Completed initialization in 0 ms
2022-08-16 13:09:28.758  INFO 26176 --- [main] c.e.c.CourseworkApplicationTests         : Starting CourseworkApplicationTests using Java 17.0.4 on DESKTOP-O6BUNA7 with PID 26176 (started by User in C:\Users\User\IdeaProjects\netology\src\netology\jd\springboot\coursework)
2022-08-16 13:09:28.760  INFO 26176 --- [main] c.e.c.CourseworkApplicationTests         : No active profile set, falling back to 1 default profile: "default"
2022-08-16 13:09:31.117  INFO 26176 --- [main] c.e.c.CourseworkApplicationTests         : Started CourseworkApplicationTests in 2.786 seconds (JVM running for 4.63)
2022-08-16 13:59:29.769  INFO 4564 --- [main] c.e.c.CourseworkApplicationTests         : Starting CourseworkApplicationTests using Java 17.0.4 on DESKTOP-O6BUNA7 with PID 4564 (started by User in C:\Users\User\IdeaProjects\netology\src\netology\jd\springboot\coursework)
2022-08-16 13:59:29.776  INFO 4564 --- [main] c.e.c.CourseworkApplicationTests         : No active profile set, falling back to 1 default profile: "default"
2022-08-16 13:59:32.694  INFO 4564 --- [main] c.e.c.CourseworkApplicationTests         : Started CourseworkApplicationTests in 3.523 seconds (JVM running for 5.482)
2022-08-16 17:32:31.624  INFO 65672 --- [main] c.e.c.CourseworkApplicationTests         : Starting CourseworkApplicationTests using Java 17.0.4 on DESKTOP-O6BUNA7 with PID 65672 (started by User in C:\Users\User\IdeaProjects\netology\src\netology\jd\springboot\coursework)
2022-08-16 17:32:31.626  INFO 65672 --- [main] c.e.c.CourseworkApplicationTests         : No active profile set, falling back to 1 default profile: "default"
2022-08-16 17:32:33.904  INFO 65672 --- [main] o.s.b.w.embedded.tomcat.TomcatWebServer  : Tomcat initialized with port(s): 0 (http)
2022-08-16 17:32:33.925  INFO 65672 --- [main] o.apache.catalina.core.StandardService   : Starting service [Tomcat]
2022-08-16 17:32:33.926  INFO 65672 --- [main] org.apache.catalina.core.StandardEngine  : Starting Servlet engine: [Apache Tomcat/9.0.65]
2022-08-16 17:32:34.105  INFO 65672 --- [main] o.a.c.c.C.[Tomcat].[localhost].[/]       : Initializing Spring embedded WebApplicationContext
2022-08-16 17:32:34.106  INFO 65672 --- [main] w.s.c.ServletWebServerApplicationContext : Root WebApplicationContext: initialization completed in 2436 ms
2022-08-16 17:32:35.245  INFO 65672 --- [main] o.s.b.w.embedded.tomcat.TomcatWebServer  : Tomcat started on port(s): 53032 (http) with context path ''
2022-08-16 17:32:35.263  INFO 65672 --- [main] c.e.c.CourseworkApplicationTests         : Started CourseworkApplicationTests in 4.804 seconds (JVM running for 7.041)
2022-08-16 17:32:36.132  INFO 65672 --- [main] o.t.d.DockerClientProviderStrategy       : Loaded org.testcontainers.dockerclient.NpipeSocketClientProviderStrategy from ~/.testcontainers.properties, will try it first
2022-08-16 17:32:38.151  INFO 65672 --- [main] o.t.d.DockerClientProviderStrategy       : Found Docker environment with local Npipe socket (npipe:////./pipe/docker_engine)
2022-08-16 17:32:38.154  INFO 65672 --- [main] org.testcontainers.DockerClientFactory   : Docker host IP address is localhost
2022-08-16 17:32:38.245  INFO 65672 --- [main] org.testcontainers.DockerClientFactory   : Connected to docker: 
  Server Version: 20.10.17
  API Version: 1.41
  Operating System: Docker Desktop
  Total Memory: 3909 MB
2022-08-16 17:32:38.380  INFO 65672 --- [main] üê≥ [testcontainers/ryuk:0.3.3]           : Creating container for image: testcontainers/ryuk:0.3.3
2022-08-16 17:32:38.836  INFO 65672 --- [main] o.t.utility.RegistryAuthLocator          : Credential helper/store (docker-credential-desktop) does not have credentials for https://index.docker.io/v1/
2022-08-16 17:32:39.402  INFO 65672 --- [main] üê≥ [testcontainers/ryuk:0.3.3]           : Container testcontainers/ryuk:0.3.3 is starting: 1e55390e578ff2669c3375638a7f2f06df8c389e019f066f3d55df4bcfcd49d5
2022-08-16 17:32:44.373  INFO 65672 --- [main] üê≥ [testcontainers/ryuk:0.3.3]           : Container testcontainers/ryuk:0.3.3 started in PT6.1151721S
2022-08-16 17:32:44.406  INFO 65672 --- [main] o.t.utility.RyukResourceReaper           : Ryuk started - will monitor and terminate Testcontainers containers on JVM exit
2022-08-16 17:32:44.407  INFO 65672 --- [main] org.testcontainers.DockerClientFactory   : Checking the system...
2022-08-16 17:32:44.409  INFO 65672 --- [main] org.testcontainers.DockerClientFactory   : ‚úîÔ∏é Docker server version should be at least 1.6.0
2022-08-16 17:32:44.410  INFO 65672 --- [main] üê≥ [backend:1.0]                         : Creating container for image: backend:1.0
2022-08-16 17:32:44.586  INFO 65672 --- [main] üê≥ [backend:1.0]                         : Container backend:1.0 is starting: 3a67148720804537672c42f1c31541a62fc38f2e4eb8c42315ad9606dddb6bbc
2022-08-16 17:33:46.664 ERROR 65672 --- [main] üê≥ [backend:1.0]                         : Could not start container

org.testcontainers.containers.ContainerLaunchException: Timed out waiting for container port to open (localhost ports: [53039] should be listening)
	at org.testcontainers.containers.wait.strategy.HostPortWaitStrategy.waitUntilReady(HostPortWaitStrategy.java:102) ~[testcontainers-1.17.3.jar:na]
	at org.testcontainers.containers.wait.strategy.AbstractWaitStrategy.waitUntilReady(AbstractWaitStrategy.java:52) ~[testcontainers-1.17.3.jar:na]
	at org.testcontainers.containers.GenericContainer.waitUntilContainerStarted(GenericContainer.java:953) ~[testcontainers-1.17.3.jar:na]
	at org.testcontainers.containers.GenericContainer.tryStart(GenericContainer.java:485) ~[testcontainers-1.17.3.jar:na]
	at org.testcontainers.containers.GenericContainer.lambda$doStart$0(GenericContainer.java:344) ~[testcontainers-1.17.3.jar:na]
	at org.rnorth.ducttape.unreliables.Unreliables.retryUntilSuccess(Unreliables.java:81) ~[duct-tape-1.0.8.jar:na]
	at org.testcontainers.containers.GenericContainer.doStart(GenericContainer.java:334) ~[testcontainers-1.17.3.jar:na]
	at org.testcontainers.containers.GenericContainer.start(GenericContainer.java:322) ~[testcontainers-1.17.3.jar:na]
	at org.testcontainers.junit.jupiter.TestcontainersExtension$StoreAdapter.start(TestcontainersExtension.java:242) ~[junit-jupiter-1.17.3.jar:na]
	at org.testcontainers.junit.jupiter.TestcontainersExtension$StoreAdapter.access$200(TestcontainersExtension.java:229) ~[junit-jupiter-1.17.3.jar:na]
	at org.testcontainers.junit.jupiter.TestcontainersExtension.lambda$null$4(TestcontainersExtension.java:81) ~[junit-jupiter-1.17.3.jar:na]
	at org.junit.jupiter.engine.execution.ExtensionValuesStore.lambda$getOrComputeIfAbsent$4(ExtensionValuesStore.java:86) ~[junit-jupiter-engine-5.8.2.jar:5.8.2]
	at org.junit.jupiter.engine.execution.ExtensionValuesStore$MemoizingSupplier.computeValue(ExtensionValuesStore.java:223) ~[junit-jupiter-engine-5.8.2.jar:5.8.2]
	at org.junit.jupiter.engine.execution.ExtensionValuesStore$MemoizingSupplier.get(ExtensionValuesStore.java:211) ~[junit-jupiter-engine-5.8.2.jar:5.8.2]
	at org.junit.jupiter.engine.execution.ExtensionValuesStore$StoredValue.evaluate(ExtensionValuesStore.java:191) ~[junit-jupiter-engine-5.8.2.jar:5.8.2]
	at org.junit.jupiter.engine.execution.ExtensionValuesStore$StoredValue.access$100(ExtensionValuesStore.java:171) ~[junit-jupiter-engine-5.8.2.jar:5.8.2]
	at org.junit.jupiter.engine.execution.ExtensionValuesStore.getOrComputeIfAbsent(ExtensionValuesStore.java:89) ~[junit-jupiter-engine-5.8.2.jar:5.8.2]
	at org.junit.jupiter.engine.execution.NamespaceAwareStore.getOrComputeIfAbsent(NamespaceAwareStore.java:53) ~[junit-jupiter-engine-5.8.2.jar:5.8.2]
	at org.testcontainers.junit.jupiter.TestcontainersExtension.lambda$beforeEach$5(TestcontainersExtension.java:81) ~[junit-jupiter-1.17.3.jar:na]
	at java.base/java.util.stream.ReferencePipeline$15$1.accept(ReferencePipeline.java:540) ~[na:na]
	at java.base/java.util.stream.ForEachOps$ForEachOp$OfRef.accept(ForEachOps.java:183) ~[na:na]
	at java.base/java.util.stream.ReferencePipeline$3$1.accept(ReferencePipeline.java:197) ~[na:na]
	at java.base/java.util.ArrayList$ArrayListSpliterator.forEachRemaining(ArrayList.java:1625) ~[na:na]
	at java.base/java.util.stream.AbstractPipeline.copyInto(AbstractPipeline.java:509) ~[na:na]
	at java.base/java.util.stream.AbstractPipeline.wrapAndCopyInto(AbstractPipeline.java:499) ~[na:na]
	at java.base/java.util.stream.ForEachOps$ForEachOp.evaluateSequential(ForEachOps.java:150) ~[na:na]
	at java.base/java.util.stream.ForEachOps$ForEachOp$OfRef.evaluateSequential(ForEachOps.java:173) ~[na:na]
	at java.base/java.util.stream.AbstractPipeline.evaluate(AbstractPipeline.java:234) ~[na:na]
	at java.base/java.util.stream.ReferencePipeline.forEach(ReferencePipeline.java:596) ~[na:na]
	at java.base/java.util.stream.ReferencePipeline$7$1.accept(ReferencePipeline.java:276) ~[na:na]
	at java.base/java.util.Iterator.forEachRemaining(Iterator.java:133) ~[na:na]
	at java.base/java.util.Spliterators$IteratorSpliterator.forEachRemaining(Spliterators.java:1845) ~[na:na]
	at java.base/java.util.stream.AbstractPipeline.copyInto(AbstractPipeline.java:509) ~[na:na]
	at java.base/java.util.stream.AbstractPipeline.wrapAndCopyInto(AbstractPipeline.java:499) ~[na:na]
	at java.base/java.util.stream.ReduceOps$ReduceTask.doLeaf(ReduceOps.java:960) ~[na:na]
	at java.base/java.util.stream.ReduceOps$ReduceTask.doLeaf(ReduceOps.java:934) ~[na:na]
	at java.base/java.util.stream.AbstractTask.compute(AbstractTask.java:327) ~[na:na]
	at java.base/java.util.concurrent.CountedCompleter.exec(CountedCompleter.java:754) ~[na:na]
	at java.base/java.util.concurrent.ForkJoinTask.doExec(ForkJoinTask.java:373) ~[na:na]
	at java.base/java.util.concurrent.ForkJoinTask.invoke(ForkJoinTask.java:686) ~[na:na]
	at java.base/java.util.stream.ReduceOps$ReduceOp.evaluateParallel(ReduceOps.java:927) ~[na:na]
	at java.base/java.util.stream.AbstractPipeline.evaluate(AbstractPipeline.java:233) ~[na:na]
	at java.base/java.util.stream.ReferencePipeline.collect(ReferencePipeline.java:682) ~[na:na]
	at org.testcontainers.junit.jupiter.TestcontainersExtension.beforeEach(TestcontainersExtension.java:84) ~[junit-jupiter-1.17.3.jar:na]
	at org.junit.jupiter.engine.descriptor.TestMethodTestDescriptor.lambda$invokeBeforeEachCallbacks$2(TestMethodTestDescriptor.java:163) ~[junit-jupiter-engine-5.8.2.jar:5.8.2]
	at org.junit.jupiter.engine.descriptor.TestMethodTestDescriptor.lambda$invokeBeforeMethodsOrCallbacksUntilExceptionOccurs$6(TestMethodTestDescriptor.java:199) ~[junit-jupiter-engine-5.8.2.jar:5.8.2]
	at org.junit.platform.engine.support.hierarchical.ThrowableCollector.execute(ThrowableCollector.java:73) ~[junit-platform-engine-1.8.2.jar:1.8.2]
	at org.junit.jupiter.engine.descriptor.TestMethodTestDescriptor.invokeBeforeMethodsOrCallbacksUntilExceptionOccurs(TestMethodTestDescriptor.java:199) ~[junit-jupiter-engine-5.8.2.jar:5.8.2]
	at org.junit.jupiter.engine.descriptor.TestMethodTestDescriptor.invokeBeforeEachCallbacks(TestMethodTestDescriptor.java:162) ~[junit-jupiter-engine-5.8.2.jar:5.8.2]
	at org.junit.jupiter.engine.descriptor.TestMethodTestDescriptor.execute(TestMethodTestDescriptor.java:129) ~[junit-jupiter-engine-5.8.2.jar:5.8.2]
	at org.junit.jupiter.engine.descriptor.TestMethodTestDescriptor.execute(TestMethodTestDescriptor.java:66) ~[junit-jupiter-engine-5.8.2.jar:5.8.2]
	at org.junit.platform.engine.support.hierarchical.NodeTestTask.lambda$executeRecursively$6(NodeTestTask.java:151) ~[junit-platform-engine-1.8.2.jar:1.8.2]
	at org.junit.platform.engine.support.hierarchical.ThrowableCollector.execute(ThrowableCollector.java:73) ~[junit-platform-engine-1.8.2.jar:1.8.2]
	at org.junit.platform.engine.support.hierarchical.NodeTestTask.lambda$executeRecursively$8(NodeTestTask.java:141) ~[junit-platform-engine-1.8.2.jar:1.8.2]
	at org.junit.platform.engine.support.hierarchical.Node.around(Node.java:137) ~[junit-platform-engine-1.8.2.jar:1.8.2]
	at org.junit.platform.engine.support.hierarchical.NodeTestTask.lambda$executeRecursively$9(NodeTestTask.java:139) ~[junit-platform-engine-1.8.2.jar:1.8.2]
	at org.junit.platform.engine.support.hierarchical.ThrowableCollector.execute(ThrowableCollector.java:73) ~[junit-platform-engine-1.8.2.jar:1.8.2]
	at org.junit.platform.engine.support.hierarchical.NodeTestTask.executeRecursively(NodeTestTask.java:138) ~[junit-platform-engine-1.8.2.jar:1.8.2]
	at org.junit.platform.engine.support.hierarchical.NodeTestTask.execute(NodeTestTask.java:95) ~[junit-platform-engine-1.8.2.jar:1.8.2]
	at java.base/java.util.ArrayList.forEach(ArrayList.java:1511) ~[na:na]
	at org.junit.platform.engine.support.hierarchical.SameThreadHierarchicalTestExecutorService.invokeAll(SameThreadHierarchicalTestExecutorService.java:41) ~[junit-platform-engine-1.8.2.jar:1.8.2]
	at org.junit.platform.engine.support.hierarchical.NodeTestTask.lambda$executeRecursively$6(NodeTestTask.java:155) ~[junit-platform-engine-1.8.2.jar:1.8.2]
	at org.junit.platform.engine.support.hierarchical.ThrowableCollector.execute(ThrowableCollector.java:73) ~[junit-platform-engine-1.8.2.jar:1.8.2]
	at org.junit.platform.engine.support.hierarchical.NodeTestTask.lambda$executeRecursively$8(NodeTestTask.java:141) ~[junit-platform-engine-1.8.2.jar:1.8.2]
	at org.junit.platform.engine.support.hierarchical.Node.around(Node.java:137) ~[junit-platform-engine-1.8.2.jar:1.8.2]
	at org.junit.platform.engine.support.hierarchical.NodeTestTask.lambda$executeRecursively$9(NodeTestTask.java:139) ~[junit-platform-engine-1.8.2.jar:1.8.2]
	at org.junit.platform.engine.support.hierarchical.ThrowableCollector.execute(ThrowableCollector.java:73) ~[junit-platform-engine-1.8.2.jar:1.8.2]
	at org.junit.platform.engine.support.hierarchical.NodeTestTask.executeRecursively(NodeTestTask.java:138) ~[junit-platform-engine-1.8.2.jar:1.8.2]
	at org.junit.platform.engine.support.hierarchical.NodeTestTask.execute(NodeTestTask.java:95) ~[junit-platform-engine-1.8.2.jar:1.8.2]
	at java.base/java.util.ArrayList.forEach(ArrayList.java:1511) ~[na:na]
	at org.junit.platform.engine.support.hierarchical.SameThreadHierarchicalTestExecutorService.invokeAll(SameThreadHierarchicalTestExecutorService.java:41) ~[junit-platform-engine-1.8.2.jar:1.8.2]
	at org.junit.platform.engine.support.hierarchical.NodeTestTask.lambda$executeRecursively$6(NodeTestTask.java:155) ~[junit-platform-engine-1.8.2.jar:1.8.2]
	at org.junit.platform.engine.support.hierarchical.ThrowableCollector.execute(ThrowableCollector.java:73) ~[junit-platform-engine-1.8.2.jar:1.8.2]
	at org.junit.platform.engine.support.hierarchical.NodeTestTask.lambda$executeRecursively$8(NodeTestTask.java:141) ~[junit-platform-engine-1.8.2.jar:1.8.2]
	at org.junit.platform.engine.support.hierarchical.Node.around(Node.java:137) ~[junit-platform-engine-1.8.2.jar:1.8.2]
	at org.junit.platform.engine.support.hierarchical.NodeTestTask.lambda$executeRecursively$9(NodeTestTask.java:139) ~[junit-platform-engine-1.8.2.jar:1.8.2]
	at org.junit.platform.engine.support.hierarchical.ThrowableCollector.execute(ThrowableCollector.java:73) ~[junit-platform-engine-1.8.2.jar:1.8.2]
	at org.junit.platform.engine.support.hierarchical.NodeTestTask.executeRecursively(NodeTestTask.java:138) ~[junit-platform-engine-1.8.2.jar:1.8.2]
	at org.junit.platform.engine.support.hierarchical.NodeTestTask.execute(NodeTestTask.java:95) ~[junit-platform-engine-1.8.2.jar:1.8.2]
	at org.junit.platform.engine.support.hierarchical.SameThreadHierarchicalTestExecutorService.submit(SameThreadHierarchicalTestExecutorService.java:35) ~[junit-platform-engine-1.8.2.jar:1.8.2]
	at org.junit.platform.engine.support.hierarchical.HierarchicalTestExecutor.execute(HierarchicalTestExecutor.java:57) ~[junit-platform-engine-1.8.2.jar:1.8.2]
	at org.junit.platform.engine.support.hierarchical.HierarchicalTestEngine.execute(HierarchicalTestEngine.java:54) ~[junit-platform-engine-1.8.2.jar:1.8.2]
	at org.junit.platform.launcher.core.EngineExecutionOrchestrator.execute(EngineExecutionOrchestrator.java:107) ~[junit-platform-launcher-1.8.2.jar:1.8.2]
	at org.junit.platform.launcher.core.EngineExecutionOrchestrator.execute(EngineExecutionOrchestrator.java:88) ~[junit-platform-launcher-1.8.2.jar:1.8.2]
	at org.junit.platform.launcher.core.EngineExecutionOrchestrator.lambda$execute$0(EngineExecutionOrchestrator.java:54) ~[junit-platform-launcher-1.8.2.jar:1.8.2]
	at org.junit.platform.launcher.core.EngineExecutionOrchestrator.withInterceptedStreams(EngineExecutionOrchestrator.java:67) ~[junit-platform-launcher-1.8.2.jar:1.8.2]
	at org.junit.platform.launcher.core.EngineExecutionOrchestrator.execute(EngineExecutionOrchestrator.java:52) ~[junit-platform-launcher-1.8.2.jar:1.8.2]
	at org.junit.platform.launcher.core.DefaultLauncher.execute(DefaultLauncher.java:114) ~[junit-platform-launcher-1.8.2.jar:1.8.2]
	at org.junit.platform.launcher.core.DefaultLauncher.execute(DefaultLauncher.java:86) ~[junit-platform-launcher-1.8.2.jar:1.8.2]
	at org.junit.platform.launcher.core.DefaultLauncherSession$DelegatingLauncher.execute(DefaultLauncherSession.java:86) ~[junit-platform-launcher-1.8.2.jar:1.8.2]
	at org.junit.platform.launcher.core.SessionPerRequestLauncher.execute(SessionPerRequestLauncher.java:53) ~[junit-platform-launcher-1.8.2.jar:1.8.2]
	at com.intellij.junit5.JUnit5IdeaTestRunner.startRunnerWithArgs(JUnit5IdeaTestRunner.java:71) ~[junit5-rt.jar:na]
	at com.intellij.rt.junit.IdeaTestRunner$Repeater$1.execute(IdeaTestRunner.java:38) ~[junit-rt.jar:na]
	at com.intellij.rt.execution.junit.TestsRepeater.repeat(TestsRepeater.java:11) ~[idea_rt.jar:na]
	at com.intellij.rt.junit.IdeaTestRunner$Repeater.startRunnerWithArgs(IdeaTestRunner.java:35) ~[junit-rt.jar:na]
	at com.intellij.rt.junit.JUnitStarter.prepareStreamsAndStart(JUnitStarter.java:235) ~[junit-rt.jar:na]
	at com.intellij.rt.junit.JUnitStarter.main(JUnitStarter.java:54) ~[junit-rt.jar:na]

2022-08-16 17:33:46.702 ERROR 65672 --- [main] üê≥ [backend:1.0]                         : Log output from the failed container:

  .   ____          _            __ _ _
 /\\ / ___'_ __ _ _(_)_ __  __ _ \ \ \ \
( ( )\___ | '_ | '_| | '_ \/ _` | \ \ \ \
 \\/  ___)| |_)| | | | | || (_| |  ) ) ) )
  '  |____| .__|_| |_|_| |_\__, | / / / /
 =========|_|==============|___/=/_/_/_/
 :: Spring Boot ::                (v2.7.2)

2022-08-16 14:32:50.358  INFO 1 --- [           main] c.e.coursework.CourseworkApplication     : Starting CourseworkApplication v0.0.1-SNAPSHOT using Java 17.0.2 on 3a6714872080 with PID 1 (/app.jar started by root in /)
2022-08-16 14:32:50.370  INFO 1 --- [           main] c.e.coursework.CourseworkApplication     : No active profile set, falling back to 1 default profile: "default"
2022-08-16 14:32:54.282  INFO 1 --- [           main] o.s.b.w.embedded.tomcat.TomcatWebServer  : Tomcat initialized with port(s): 8080 (http)
2022-08-16 14:32:54.323  INFO 1 --- [           main] o.apache.catalina.core.StandardService   : Starting service [Tomcat]
2022-08-16 14:32:54.324  INFO 1 --- [           main] org.apache.catalina.core.StandardEngine  : Starting Servlet engine: [Apache Tomcat/9.0.65]
2022-08-16 14:32:54.527  INFO 1 --- [           main] o.a.c.c.C.[Tomcat].[localhost].[/]       : Initializing Spring embedded WebApplicationContext
2022-08-16 14:32:54.528  INFO 1 --- [           main] w.s.c.ServletWebServerApplicationContext : Root WebApplicationContext: initialization completed in 3902 ms
2022-08-16 14:32:55.644  INFO 1 --- [           main] o.s.b.w.embedded.tomcat.TomcatWebServer  : Tomcat started on port(s): 8080 (http) with context path ''
2022-08-16 14:32:55.672  INFO 1 --- [           main] c.e.coursework.CourseworkApplication     : Started CourseworkApplication in 6.842 seconds (JVM running for 9.362)

2022-08-16 17:33:46.740  INFO 65672 --- [main] üê≥ [backend:1.0]                         : Creating container for image: backend:1.0
2022-08-16 17:33:46.872  INFO 65672 --- [main] üê≥ [backend:1.0]                         : Container backend:1.0 is starting: 19a102536c01107d7677040beb4ba0516b3da7022cffb432caefde0c037169be
2022-08-16 17:34:48.252 ERROR 65672 --- [main] üê≥ [backend:1.0]                         : Could not start container

org.testcontainers.containers.ContainerLaunchException: Timed out waiting for container port to open (localhost ports: [53072] should be listening)
	at org.testcontainers.containers.wait.strategy.HostPortWaitStrategy.waitUntilReady(HostPortWaitStrategy.java:102) ~[testcontainers-1.17.3.jar:na]
	at org.testcontainers.containers.wait.strategy.AbstractWaitStrategy.waitUntilReady(AbstractWaitStrategy.java:52) ~[testcontainers-1.17.3.jar:na]
	at org.testcontainers.containers.GenericContainer.waitUntilContainerStarted(GenericContainer.java:953) ~[testcontainers-1.17.3.jar:na]
	at org.testcontainers.containers.GenericContainer.tryStart(GenericContainer.java:485) ~[testcontainers-1.17.3.jar:na]
	at org.testcontainers.containers.GenericContainer.lambda$doStart$0(GenericContainer.java:344) ~[testcontainers-1.17.3.jar:na]
	at org.rnorth.ducttape.unreliables.Unreliables.retryUntilSuccess(Unreliables.java:81) ~[duct-tape-1.0.8.jar:na]
	at org.testcontainers.containers.GenericContainer.doStart(GenericContainer.java:334) ~[testcontainers-1.17.3.jar:na]
	at org.testcontainers.containers.GenericContainer.start(GenericContainer.java:322) ~[testcontainers-1.17.3.jar:na]
	at org.testcontainers.junit.jupiter.TestcontainersExtension$StoreAdapter.start(TestcontainersExtension.java:242) ~[junit-jupiter-1.17.3.jar:na]
	at org.testcontainers.junit.jupiter.TestcontainersExtension$StoreAdapter.access$200(TestcontainersExtension.java:229) ~[junit-jupiter-1.17.3.jar:na]
	at org.testcontainers.junit.jupiter.TestcontainersExtension.lambda$null$4(TestcontainersExtension.java:81) ~[junit-jupiter-1.17.3.jar:na]
	at org.junit.jupiter.engine.execution.ExtensionValuesStore.lambda$getOrComputeIfAbsent$4(ExtensionValuesStore.java:86) ~[junit-jupiter-engine-5.8.2.jar:5.8.2]
	at org.junit.jupiter.engine.execution.ExtensionValuesStore$MemoizingSupplier.computeValue(ExtensionValuesStore.java:223) ~[junit-jupiter-engine-5.8.2.jar:5.8.2]
	at org.junit.jupiter.engine.execution.ExtensionValuesStore$MemoizingSupplier.get(ExtensionValuesStore.java:211) ~[junit-jupiter-engine-5.8.2.jar:5.8.2]
	at org.junit.jupiter.engine.execution.ExtensionValuesStore$StoredValue.evaluate(ExtensionValuesStore.java:191) ~[junit-jupiter-engine-5.8.2.jar:5.8.2]
	at org.junit.jupiter.engine.execution.ExtensionValuesStore$StoredValue.access$100(ExtensionValuesStore.java:171) ~[junit-jupiter-engine-5.8.2.jar:5.8.2]
	at org.junit.jupiter.engine.execution.ExtensionValuesStore.getOrComputeIfAbsent(ExtensionValuesStore.java:89) ~[junit-jupiter-engine-5.8.2.jar:5.8.2]
	at org.junit.jupiter.engine.execution.NamespaceAwareStore.getOrComputeIfAbsent(NamespaceAwareStore.java:53) ~[junit-jupiter-engine-5.8.2.jar:5.8.2]
	at org.testcontainers.junit.jupiter.TestcontainersExtension.lambda$beforeEach$5(TestcontainersExtension.java:81) ~[junit-jupiter-1.17.3.jar:na]
	at java.base/java.util.stream.ReferencePipeline$15$1.accept(ReferencePipeline.java:540) ~[na:na]
	at java.base/java.util.stream.ForEachOps$ForEachOp$OfRef.accept(ForEachOps.java:183) ~[na:na]
	at java.base/java.util.stream.ReferencePipeline$3$1.accept(ReferencePipeline.java:197) ~[na:na]
	at java.base/java.util.ArrayList$ArrayListSpliterator.forEachRemaining(ArrayList.java:1625) ~[na:na]
	at java.base/java.util.stream.AbstractPipeline.copyInto(AbstractPipeline.java:509) ~[na:na]
	at java.base/java.util.stream.AbstractPipeline.wrapAndCopyInto(AbstractPipeline.java:499) ~[na:na]
	at java.base/java.util.stream.ForEachOps$ForEachOp.evaluateSequential(ForEachOps.java:150) ~[na:na]
	at java.base/java.util.stream.ForEachOps$ForEachOp$OfRef.evaluateSequential(ForEachOps.java:173) ~[na:na]
	at java.base/java.util.stream.AbstractPipeline.evaluate(AbstractPipeline.java:234) ~[na:na]
	at java.base/java.util.stream.ReferencePipeline.forEach(ReferencePipeline.java:596) ~[na:na]
	at java.base/java.util.stream.ReferencePipeline$7$1.accept(ReferencePipeline.java:276) ~[na:na]
	at java.base/java.util.Iterator.forEachRemaining(Iterator.java:133) ~[na:na]
	at java.base/java.util.Spliterators$IteratorSpliterator.forEachRemaining(Spliterators.java:1845) ~[na:na]
	at java.base/java.util.stream.AbstractPipeline.copyInto(AbstractPipeline.java:509) ~[na:na]
	at java.base/java.util.stream.AbstractPipeline.wrapAndCopyInto(AbstractPipeline.java:499) ~[na:na]
	at java.base/java.util.stream.ReduceOps$ReduceTask.doLeaf(ReduceOps.java:960) ~[na:na]
	at java.base/java.util.stream.ReduceOps$ReduceTask.doLeaf(ReduceOps.java:934) ~[na:na]
	at java.base/java.util.stream.AbstractTask.compute(AbstractTask.java:327) ~[na:na]
	at java.base/java.util.concurrent.CountedCompleter.exec(CountedCompleter.java:754) ~[na:na]
	at java.base/java.util.concurrent.ForkJoinTask.doExec(ForkJoinTask.java:373) ~[na:na]
	at java.base/java.util.concurrent.ForkJoinTask.invoke(ForkJoinTask.java:686) ~[na:na]
	at java.base/java.util.stream.ReduceOps$ReduceOp.evaluateParallel(ReduceOps.java:927) ~[na:na]
	at java.base/java.util.stream.AbstractPipeline.evaluate(AbstractPipeline.java:233) ~[na:na]
	at java.base/java.util.stream.ReferencePipeline.collect(ReferencePipeline.java:682) ~[na:na]
	at org.testcontainers.junit.jupiter.TestcontainersExtension.beforeEach(TestcontainersExtension.java:84) ~[junit-jupiter-1.17.3.jar:na]
	at org.junit.jupiter.engine.descriptor.TestMethodTestDescriptor.lambda$invokeBeforeEachCallbacks$2(TestMethodTestDescriptor.java:163) ~[junit-jupiter-engine-5.8.2.jar:5.8.2]
	at org.junit.jupiter.engine.descriptor.TestMethodTestDescriptor.lambda$invokeBeforeMethodsOrCallbacksUntilExceptionOccurs$6(TestMethodTestDescriptor.java:199) ~[junit-jupiter-engine-5.8.2.jar:5.8.2]
	at org.junit.platform.engine.support.hierarchical.ThrowableCollector.execute(ThrowableCollector.java:73) ~[junit-platform-engine-1.8.2.jar:1.8.2]
	at org.junit.jupiter.engine.descriptor.TestMethodTestDescriptor.invokeBeforeMethodsOrCallbacksUntilExceptionOccurs(TestMethodTestDescriptor.java:199) ~[junit-jupiter-engine-5.8.2.jar:5.8.2]
	at org.junit.jupiter.engine.descriptor.TestMethodTestDescriptor.invokeBeforeEachCallbacks(TestMethodTestDescriptor.java:162) ~[junit-jupiter-engine-5.8.2.jar:5.8.2]
	at org.junit.jupiter.engine.descriptor.TestMethodTestDescriptor.execute(TestMethodTestDescriptor.java:129) ~[junit-jupiter-engine-5.8.2.jar:5.8.2]
	at org.junit.jupiter.engine.descriptor.TestMethodTestDescriptor.execute(TestMethodTestDescriptor.java:66) ~[junit-jupiter-engine-5.8.2.jar:5.8.2]
	at org.junit.platform.engine.support.hierarchical.NodeTestTask.lambda$executeRecursively$6(NodeTestTask.java:151) ~[junit-platform-engine-1.8.2.jar:1.8.2]
	at org.junit.platform.engine.support.hierarchical.ThrowableCollector.execute(ThrowableCollector.java:73) ~[junit-platform-engine-1.8.2.jar:1.8.2]
	at org.junit.platform.engine.support.hierarchical.NodeTestTask.lambda$executeRecursively$8(NodeTestTask.java:141) ~[junit-platform-engine-1.8.2.jar:1.8.2]
	at org.junit.platform.engine.support.hierarchical.Node.around(Node.java:137) ~[junit-platform-engine-1.8.2.jar:1.8.2]
	at org.junit.platform.engine.support.hierarchical.NodeTestTask.lambda$executeRecursively$9(NodeTestTask.java:139) ~[junit-platform-engine-1.8.2.jar:1.8.2]
	at org.junit.platform.engine.support.hierarchical.ThrowableCollector.execute(ThrowableCollector.java:73) ~[junit-platform-engine-1.8.2.jar:1.8.2]
	at org.junit.platform.engine.support.hierarchical.NodeTestTask.executeRecursively(NodeTestTask.java:138) ~[junit-platform-engine-1.8.2.jar:1.8.2]
	at org.junit.platform.engine.support.hierarchical.NodeTestTask.execute(NodeTestTask.java:95) ~[junit-platform-engine-1.8.2.jar:1.8.2]
	at java.base/java.util.ArrayList.forEach(ArrayList.java:1511) ~[na:na]
	at org.junit.platform.engine.support.hierarchical.SameThreadHierarchicalTestExecutorService.invokeAll(SameThreadHierarchicalTestExecutorService.java:41) ~[junit-platform-engine-1.8.2.jar:1.8.2]
	at org.junit.platform.engine.support.hierarchical.NodeTestTask.lambda$executeRecursively$6(NodeTestTask.java:155) ~[junit-platform-engine-1.8.2.jar:1.8.2]
	at org.junit.platform.engine.support.hierarchical.ThrowableCollector.execute(ThrowableCollector.java:73) ~[junit-platform-engine-1.8.2.jar:1.8.2]
	at org.junit.platform.engine.support.hierarchical.NodeTestTask.lambda$executeRecursively$8(NodeTestTask.java:141) ~[junit-platform-engine-1.8.2.jar:1.8.2]
	at org.junit.platform.engine.support.hierarchical.Node.around(Node.java:137) ~[junit-platform-engine-1.8.2.jar:1.8.2]
	at org.junit.platform.engine.support.hierarchical.NodeTestTask.lambda$executeRecursively$9(NodeTestTask.java:139) ~[junit-platform-engine-1.8.2.jar:1.8.2]
	at org.junit.platform.engine.support.hierarchical.ThrowableCollector.execute(ThrowableCollector.java:73) ~[junit-platform-engine-1.8.2.jar:1.8.2]
	at org.junit.platform.engine.support.hierarchical.NodeTestTask.executeRecursively(NodeTestTask.java:138) ~[junit-platform-engine-1.8.2.jar:1.8.2]
	at org.junit.platform.engine.support.hierarchical.NodeTestTask.execute(NodeTestTask.java:95) ~[junit-platform-engine-1.8.2.jar:1.8.2]
	at java.base/java.util.ArrayList.forEach(ArrayList.java:1511) ~[na:na]
	at org.junit.platform.engine.support.hierarchical.SameThreadHierarchicalTestExecutorService.invokeAll(SameThreadHierarchicalTestExecutorService.java:41) ~[junit-platform-engine-1.8.2.jar:1.8.2]
	at org.junit.platform.engine.support.hierarchical.NodeTestTask.lambda$executeRecursively$6(NodeTestTask.java:155) ~[junit-platform-engine-1.8.2.jar:1.8.2]
	at org.junit.platform.engine.support.hierarchical.ThrowableCollector.execute(ThrowableCollector.java:73) ~[junit-platform-engine-1.8.2.jar:1.8.2]
	at org.junit.platform.engine.support.hierarchical.NodeTestTask.lambda$executeRecursively$8(NodeTestTask.java:141) ~[junit-platform-engine-1.8.2.jar:1.8.2]
	at org.junit.platform.engine.support.hierarchical.Node.around(Node.java:137) ~[junit-platform-engine-1.8.2.jar:1.8.2]
	at org.junit.platform.engine.support.hierarchical.NodeTestTask.lambda$executeRecursively$9(NodeTestTask.java:139) ~[junit-platform-engine-1.8.2.jar:1.8.2]
	at org.junit.platform.engine.support.hierarchical.ThrowableCollector.execute(ThrowableCollector.java:73) ~[junit-platform-engine-1.8.2.jar:1.8.2]
	at org.junit.platform.engine.support.hierarchical.NodeTestTask.executeRecursively(NodeTestTask.java:138) ~[junit-platform-engine-1.8.2.jar:1.8.2]
	at org.junit.platform.engine.support.hierarchical.NodeTestTask.execute(NodeTestTask.java:95) ~[junit-platform-engine-1.8.2.jar:1.8.2]
	at org.junit.platform.engine.support.hierarchical.SameThreadHierarchicalTestExecutorService.submit(SameThreadHierarchicalTestExecutorService.java:35) ~[junit-platform-engine-1.8.2.jar:1.8.2]
	at org.junit.platform.engine.support.hierarchical.HierarchicalTestExecutor.execute(HierarchicalTestExecutor.java:57) ~[junit-platform-engine-1.8.2.jar:1.8.2]
	at org.junit.platform.engine.support.hierarchical.HierarchicalTestEngine.execute(HierarchicalTestEngine.java:54) ~[junit-platform-engine-1.8.2.jar:1.8.2]
	at org.junit.platform.launcher.core.EngineExecutionOrchestrator.execute(EngineExecutionOrchestrator.java:107) ~[junit-platform-launcher-1.8.2.jar:1.8.2]
	at org.junit.platform.launcher.core.EngineExecutionOrchestrator.execute(EngineExecutionOrchestrator.java:88) ~[junit-platform-launcher-1.8.2.jar:1.8.2]
	at org.junit.platform.launcher.core.EngineExecutionOrchestrator.lambda$execute$0(EngineExecutionOrchestrator.java:54) ~[junit-platform-launcher-1.8.2.jar:1.8.2]
	at org.junit.platform.launcher.core.EngineExecutionOrchestrator.withInterceptedStreams(EngineExecutionOrchestrator.java:67) ~[junit-platform-launcher-1.8.2.jar:1.8.2]
	at org.junit.platform.launcher.core.EngineExecutionOrchestrator.execute(EngineExecutionOrchestrator.java:52) ~[junit-platform-launcher-1.8.2.jar:1.8.2]
	at org.junit.platform.launcher.core.DefaultLauncher.execute(DefaultLauncher.java:114) ~[junit-platform-launcher-1.8.2.jar:1.8.2]
	at org.junit.platform.launcher.core.DefaultLauncher.execute(DefaultLauncher.java:86) ~[junit-platform-launcher-1.8.2.jar:1.8.2]
	at org.junit.platform.launcher.core.DefaultLauncherSession$DelegatingLauncher.execute(DefaultLauncherSession.java:86) ~[junit-platform-launcher-1.8.2.jar:1.8.2]
	at org.junit.platform.launcher.core.SessionPerRequestLauncher.execute(SessionPerRequestLauncher.java:53) ~[junit-platform-launcher-1.8.2.jar:1.8.2]
	at com.intellij.junit5.JUnit5IdeaTestRunner.startRunnerWithArgs(JUnit5IdeaTestRunner.java:71) ~[junit5-rt.jar:na]
	at com.intellij.rt.junit.IdeaTestRunner$Repeater$1.execute(IdeaTestRunner.java:38) ~[junit-rt.jar:na]
	at com.intellij.rt.execution.junit.TestsRepeater.repeat(TestsRepeater.java:11) ~[idea_rt.jar:na]
	at com.intellij.rt.junit.IdeaTestRunner$Repeater.startRunnerWithArgs(IdeaTestRunner.java:35) ~[junit-rt.jar:na]
	at com.intellij.rt.junit.JUnitStarter.prepareStreamsAndStart(JUnitStarter.java:235) ~[junit-rt.jar:na]
	at com.intellij.rt.junit.JUnitStarter.main(JUnitStarter.java:54) ~[junit-rt.jar:na]

2022-08-16 17:34:48.312 ERROR 65672 --- [main] üê≥ [backend:1.0]                         : Log output from the failed container:

  .   ____          _            __ _ _
 /\\ / ___'_ __ _ _(_)_ __  __ _ \ \ \ \
( ( )\___ | '_ | '_| | '_ \/ _` | \ \ \ \
 \\/  ___)| |_)| | | | | || (_| |  ) ) ) )
  '  |____| .__|_| |_|_| |_\__, | / / / /
 =========|_|==============|___/=/_/_/_/
 :: Spring Boot ::                (v2.7.2)

2022-08-16 14:33:50.218  INFO 1 --- [           main] c.e.coursework.CourseworkApplication     : Starting CourseworkApplication v0.0.1-SNAPSHOT using Java 17.0.2 on 19a102536c01 with PID 1 (/app.jar started by root in /)
2022-08-16 14:33:50.227  INFO 1 --- [           main] c.e.coursework.CourseworkApplication     : No active profile set, falling back to 1 default profile: "default"
2022-08-16 14:33:52.551  INFO 1 --- [           main] o.s.b.w.embedded.tomcat.TomcatWebServer  : Tomcat initialized with port(s): 8080 (http)
2022-08-16 14:33:52.582  INFO 1 --- [           main] o.apache.catalina.core.StandardService   : Starting service [Tomcat]
2022-08-16 14:33:52.586  INFO 1 --- [           main] org.apache.catalina.core.StandardEngine  : Starting Servlet engine: [Apache Tomcat/9.0.65]
2022-08-16 14:33:52.712  INFO 1 --- [           main] o.a.c.c.C.[Tomcat].[localhost].[/]       : Initializing Spring embedded WebApplicationContext
2022-08-16 14:33:52.712  INFO 1 --- [           main] w.s.c.ServletWebServerApplicationContext : Root WebApplicationContext: initialization completed in 2371 ms
2022-08-16 14:33:53.463  INFO 1 --- [           main] o.s.b.w.embedded.tomcat.TomcatWebServer  : Tomcat started on port(s): 8080 (http) with context path ''
2022-08-16 14:33:53.505  INFO 1 --- [           main] c.e.coursework.CourseworkApplication     : Started CourseworkApplication in 4.297 seconds (JVM running for 5.378)

2022-08-16 17:42:27.683  INFO 67188 --- [main] c.e.c.CourseworkApplicationTests         : Starting CourseworkApplicationTests using Java 17.0.4 on DESKTOP-O6BUNA7 with PID 67188 (started by User in C:\Users\User\IdeaProjects\netology\src\netology\jd\springboot\coursework)
2022-08-16 17:42:27.686  INFO 67188 --- [main] c.e.c.CourseworkApplicationTests         : No active profile set, falling back to 1 default profile: "default"
2022-08-16 17:42:30.130  INFO 67188 --- [main] o.s.b.w.embedded.tomcat.TomcatWebServer  : Tomcat initialized with port(s): 0 (http)
2022-08-16 17:42:30.148  INFO 67188 --- [main] o.apache.catalina.core.StandardService   : Starting service [Tomcat]
2022-08-16 17:42:30.149  INFO 67188 --- [main] org.apache.catalina.core.StandardEngine  : Starting Servlet engine: [Apache Tomcat/9.0.65]
2022-08-16 17:42:30.350  INFO 67188 --- [main] o.a.c.c.C.[Tomcat].[localhost].[/]       : Initializing Spring embedded WebApplicationContext
2022-08-16 17:42:30.351  INFO 67188 --- [main] w.s.c.ServletWebServerApplicationContext : Root WebApplicationContext: initialization completed in 2627 ms
2022-08-16 17:42:31.643  INFO 67188 --- [main] o.s.b.w.embedded.tomcat.TomcatWebServer  : Tomcat started on port(s): 53368 (http) with context path ''
2022-08-16 17:42:31.663  INFO 67188 --- [main] c.e.c.CourseworkApplicationTests         : Started CourseworkApplicationTests in 4.556 seconds (JVM running for 6.695)
2022-08-16 17:42:32.486  INFO 67188 --- [main] o.t.d.DockerClientProviderStrategy       : Loaded org.testcontainers.dockerclient.NpipeSocketClientProviderStrategy from ~/.testcontainers.properties, will try it first
2022-08-16 17:42:33.264  INFO 67188 --- [main] o.t.d.DockerClientProviderStrategy       : Found Docker environment with local Npipe socket (npipe:////./pipe/docker_engine)
2022-08-16 17:42:33.266  INFO 67188 --- [main] org.testcontainers.DockerClientFactory   : Docker host IP address is localhost
2022-08-16 17:42:33.334  INFO 67188 --- [main] org.testcontainers.DockerClientFactory   : Connected to docker: 
  Server Version: 20.10.17
  API Version: 1.41
  Operating System: Docker Desktop
  Total Memory: 3909 MB
2022-08-16 17:42:33.391  INFO 67188 --- [main] üê≥ [testcontainers/ryuk:0.3.3]           : Creating container for image: testcontainers/ryuk:0.3.3
2022-08-16 17:42:33.838  INFO 67188 --- [main] o.t.utility.RegistryAuthLocator          : Credential helper/store (docker-credential-desktop) does not have credentials for https://index.docker.io/v1/
2022-08-16 17:42:34.087  INFO 67188 --- [main] üê≥ [testcontainers/ryuk:0.3.3]           : Container testcontainers/ryuk:0.3.3 is starting: 22e15e590e6b80f6f16177ec1d7ca16179d6ec7d22659c17b314638fcb802fad
2022-08-16 17:42:35.970  INFO 67188 --- [main] üê≥ [testcontainers/ryuk:0.3.3]           : Container testcontainers/ryuk:0.3.3 started in PT2.6247232S
2022-08-16 17:42:35.994  INFO 67188 --- [main] o.t.utility.RyukResourceReaper           : Ryuk started - will monitor and terminate Testcontainers containers on JVM exit
2022-08-16 17:42:36.001  INFO 67188 --- [main] org.testcontainers.DockerClientFactory   : Checking the system...
2022-08-16 17:42:36.002  INFO 67188 --- [main] org.testcontainers.DockerClientFactory   : ‚úîÔ∏é Docker server version should be at least 1.6.0
2022-08-16 17:42:36.003  INFO 67188 --- [main] üê≥ [backend:1.0]                         : Creating container for image: backend:1.0
2022-08-16 17:42:36.115  INFO 67188 --- [main] üê≥ [backend:1.0]                         : Container backend:1.0 is starting: a7f7b79023ac861644c05a18d305d0594101ddbab145190dcec1847b00354699
2022-08-16 17:43:24.019  INFO 66636 --- [main] c.e.c.CourseworkApplicationTests         : Starting CourseworkApplicationTests using Java 17.0.4 on DESKTOP-O6BUNA7 with PID 66636 (started by User in C:\Users\User\IdeaProjects\netology\src\netology\jd\springboot\coursework)
2022-08-16 17:43:24.021  INFO 66636 --- [main] c.e.c.CourseworkApplicationTests         : No active profile set, falling back to 1 default profile: "default"
2022-08-16 17:43:26.094  INFO 66636 --- [main] o.s.b.w.embedded.tomcat.TomcatWebServer  : Tomcat initialized with port(s): 0 (http)
2022-08-16 17:43:26.111  INFO 66636 --- [main] o.apache.catalina.core.StandardService   : Starting service [Tomcat]
2022-08-16 17:43:26.112  INFO 66636 --- [main] org.apache.catalina.core.StandardEngine  : Starting Servlet engine: [Apache Tomcat/9.0.65]
2022-08-16 17:43:26.304  INFO 66636 --- [main] o.a.c.c.C.[Tomcat].[localhost].[/]       : Initializing Spring embedded WebApplicationContext
2022-08-16 17:43:26.304  INFO 66636 --- [main] w.s.c.ServletWebServerApplicationContext : Root WebApplicationContext: initialization completed in 2250 ms
2022-08-16 17:43:27.715  INFO 66636 --- [main] o.s.b.w.embedded.tomcat.TomcatWebServer  : Tomcat started on port(s): 53408 (http) with context path ''
2022-08-16 17:43:27.730  INFO 66636 --- [main] c.e.c.CourseworkApplicationTests         : Started CourseworkApplicationTests in 4.301 seconds (JVM running for 6.744)
2022-08-16 17:43:28.436  INFO 66636 --- [main] o.t.d.DockerClientProviderStrategy       : Loaded org.testcontainers.dockerclient.NpipeSocketClientProviderStrategy from ~/.testcontainers.properties, will try it first
2022-08-16 17:43:29.075  INFO 66636 --- [main] o.t.d.DockerClientProviderStrategy       : Found Docker environment with local Npipe socket (npipe:////./pipe/docker_engine)
2022-08-16 17:43:29.077  INFO 66636 --- [main] org.testcontainers.DockerClientFactory   : Docker host IP address is localhost
2022-08-16 17:43:29.229  INFO 66636 --- [main] org.testcontainers.DockerClientFactory   : Connected to docker: 
  Server Version: 20.10.17
  API Version: 1.41
  Operating System: Docker Desktop
  Total Memory: 3909 MB
2022-08-16 17:43:29.260  INFO 66636 --- [main] üê≥ [testcontainers/ryuk:0.3.3]           : Creating container for image: testcontainers/ryuk:0.3.3
2022-08-16 17:43:29.618  INFO 66636 --- [main] o.t.utility.RegistryAuthLocator          : Credential helper/store (docker-credential-desktop) does not have credentials for https://index.docker.io/v1/
2022-08-16 17:43:29.800  INFO 66636 --- [main] üê≥ [testcontainers/ryuk:0.3.3]           : Container testcontainers/ryuk:0.3.3 is starting: 501aa706572b5fe849a62e6826bfc52e465ac81a3e9197834fdc232ad6ce4963
2022-08-16 17:43:30.700  INFO 66636 --- [main] üê≥ [testcontainers/ryuk:0.3.3]           : Container testcontainers/ryuk:0.3.3 started in PT1.4618781S
2022-08-16 17:43:30.709  INFO 66636 --- [main] o.t.utility.RyukResourceReaper           : Ryuk started - will monitor and terminate Testcontainers containers on JVM exit
2022-08-16 17:43:30.713  INFO 66636 --- [main] org.testcontainers.DockerClientFactory   : Checking the system...
2022-08-16 17:43:30.715  INFO 66636 --- [main] org.testcontainers.DockerClientFactory   : ‚úîÔ∏é Docker server version should be at least 1.6.0
2022-08-16 17:43:30.716  INFO 66636 --- [main] üê≥ [backend:1.0]                         : Creating container for image: backend:1.0
2022-08-16 17:43:30.799  INFO 66636 --- [main] üê≥ [backend:1.0]                         : Container backend:1.0 is starting: 92528824c78b50abe9d778659c4e1e0a6d45bfdf9cb47ce413a62ae104860470
2022-08-16 17:44:36.547 ERROR 66636 --- [main] üê≥ [backend:1.0]                         : Could not start container

org.testcontainers.containers.ContainerLaunchException: Timed out waiting for container port to open (localhost ports: [53418] should be listening)
	at org.testcontainers.containers.wait.strategy.HostPortWaitStrategy.waitUntilReady(HostPortWaitStrategy.java:102) ~[testcontainers-1.17.3.jar:na]
	at org.testcontainers.containers.wait.strategy.AbstractWaitStrategy.waitUntilReady(AbstractWaitStrategy.java:52) ~[testcontainers-1.17.3.jar:na]
	at org.testcontainers.containers.GenericContainer.waitUntilContainerStarted(GenericContainer.java:953) ~[testcontainers-1.17.3.jar:na]
	at org.testcontainers.containers.GenericContainer.tryStart(GenericContainer.java:485) ~[testcontainers-1.17.3.jar:na]
	at org.testcontainers.containers.GenericContainer.lambda$doStart$0(GenericContainer.java:344) ~[testcontainers-1.17.3.jar:na]
	at org.rnorth.ducttape.unreliables.Unreliables.retryUntilSuccess(Unreliables.java:81) ~[duct-tape-1.0.8.jar:na]
	at org.testcontainers.containers.GenericContainer.doStart(GenericContainer.java:334) ~[testcontainers-1.17.3.jar:na]
	at org.testcontainers.containers.GenericContainer.start(GenericContainer.java:322) ~[testcontainers-1.17.3.jar:na]
	at org.testcontainers.junit.jupiter.TestcontainersExtension$StoreAdapter.start(TestcontainersExtension.java:242) ~[junit-jupiter-1.17.3.jar:na]
	at org.testcontainers.junit.jupiter.TestcontainersExtension$StoreAdapter.access$200(TestcontainersExtension.java:229) ~[junit-jupiter-1.17.3.jar:na]
	at org.testcontainers.junit.jupiter.TestcontainersExtension.lambda$null$4(TestcontainersExtension.java:81) ~[junit-jupiter-1.17.3.jar:na]
	at org.junit.jupiter.engine.execution.ExtensionValuesStore.lambda$getOrComputeIfAbsent$4(ExtensionValuesStore.java:86) ~[junit-jupiter-engine-5.8.2.jar:5.8.2]
	at org.junit.jupiter.engine.execution.ExtensionValuesStore$MemoizingSupplier.computeValue(ExtensionValuesStore.java:223) ~[junit-jupiter-engine-5.8.2.jar:5.8.2]
	at org.junit.jupiter.engine.execution.ExtensionValuesStore$MemoizingSupplier.get(ExtensionValuesStore.java:211) ~[junit-jupiter-engine-5.8.2.jar:5.8.2]
	at org.junit.jupiter.engine.execution.ExtensionValuesStore$StoredValue.evaluate(ExtensionValuesStore.java:191) ~[junit-jupiter-engine-5.8.2.jar:5.8.2]
	at org.junit.jupiter.engine.execution.ExtensionValuesStore$StoredValue.access$100(ExtensionValuesStore.java:171) ~[junit-jupiter-engine-5.8.2.jar:5.8.2]
	at org.junit.jupiter.engine.execution.ExtensionValuesStore.getOrComputeIfAbsent(ExtensionValuesStore.java:89) ~[junit-jupiter-engine-5.8.2.jar:5.8.2]
	at org.junit.jupiter.engine.execution.NamespaceAwareStore.getOrComputeIfAbsent(NamespaceAwareStore.java:53) ~[junit-jupiter-engine-5.8.2.jar:5.8.2]
	at org.testcontainers.junit.jupiter.TestcontainersExtension.lambda$beforeEach$5(TestcontainersExtension.java:81) ~[junit-jupiter-1.17.3.jar:na]
	at java.base/java.util.stream.ReferencePipeline$15$1.accept(ReferencePipeline.java:540) ~[na:na]
	at java.base/java.util.stream.ForEachOps$ForEachOp$OfRef.accept(ForEachOps.java:183) ~[na:na]
	at java.base/java.util.stream.ReferencePipeline$3$1.accept(ReferencePipeline.java:197) ~[na:na]
	at java.base/java.util.ArrayList$ArrayListSpliterator.forEachRemaining(ArrayList.java:1625) ~[na:na]
	at java.base/java.util.stream.AbstractPipeline.copyInto(AbstractPipeline.java:509) ~[na:na]
	at java.base/java.util.stream.AbstractPipeline.wrapAndCopyInto(AbstractPipeline.java:499) ~[na:na]
	at java.base/java.util.stream.ForEachOps$ForEachOp.evaluateSequential(ForEachOps.java:150) ~[na:na]
	at java.base/java.util.stream.ForEachOps$ForEachOp$OfRef.evaluateSequential(ForEachOps.java:173) ~[na:na]
	at java.base/java.util.stream.AbstractPipeline.evaluate(AbstractPipeline.java:234) ~[na:na]
	at java.base/java.util.stream.ReferencePipeline.forEach(ReferencePipeline.java:596) ~[na:na]
	at java.base/java.util.stream.ReferencePipeline$7$1.accept(ReferencePipeline.java:276) ~[na:na]
	at java.base/java.util.Iterator.forEachRemaining(Iterator.java:133) ~[na:na]
	at java.base/java.util.Spliterators$IteratorSpliterator.forEachRemaining(Spliterators.java:1845) ~[na:na]
	at java.base/java.util.stream.AbstractPipeline.copyInto(AbstractPipeline.java:509) ~[na:na]
	at java.base/java.util.stream.AbstractPipeline.wrapAndCopyInto(AbstractPipeline.java:499) ~[na:na]
	at java.base/java.util.stream.ReduceOps$ReduceTask.doLeaf(ReduceOps.java:960) ~[na:na]
	at java.base/java.util.stream.ReduceOps$ReduceTask.doLeaf(ReduceOps.java:934) ~[na:na]
	at java.base/java.util.stream.AbstractTask.compute(AbstractTask.java:327) ~[na:na]
	at java.base/java.util.concurrent.CountedCompleter.exec(CountedCompleter.java:754) ~[na:na]
	at java.base/java.util.concurrent.ForkJoinTask.doExec(ForkJoinTask.java:373) ~[na:na]
	at java.base/java.util.concurrent.ForkJoinTask.invoke(ForkJoinTask.java:686) ~[na:na]
	at java.base/java.util.stream.ReduceOps$ReduceOp.evaluateParallel(ReduceOps.java:927) ~[na:na]
	at java.base/java.util.stream.AbstractPipeline.evaluate(AbstractPipeline.java:233) ~[na:na]
	at java.base/java.util.stream.ReferencePipeline.collect(ReferencePipeline.java:682) ~[na:na]
	at org.testcontainers.junit.jupiter.TestcontainersExtension.beforeEach(TestcontainersExtension.java:84) ~[junit-jupiter-1.17.3.jar:na]
	at org.junit.jupiter.engine.descriptor.TestMethodTestDescriptor.lambda$invokeBeforeEachCallbacks$2(TestMethodTestDescriptor.java:163) ~[junit-jupiter-engine-5.8.2.jar:5.8.2]
	at org.junit.jupiter.engine.descriptor.TestMethodTestDescriptor.lambda$invokeBeforeMethodsOrCallbacksUntilExceptionOccurs$6(TestMethodTestDescriptor.java:199) ~[junit-jupiter-engine-5.8.2.jar:5.8.2]
	at org.junit.platform.engine.support.hierarchical.ThrowableCollector.execute(ThrowableCollector.java:73) ~[junit-platform-engine-1.8.2.jar:1.8.2]
	at org.junit.jupiter.engine.descriptor.TestMethodTestDescriptor.invokeBeforeMethodsOrCallbacksUntilExceptionOccurs(TestMethodTestDescriptor.java:199) ~[junit-jupiter-engine-5.8.2.jar:5.8.2]
	at org.junit.jupiter.engine.descriptor.TestMethodTestDescriptor.invokeBeforeEachCallbacks(TestMethodTestDescriptor.java:162) ~[junit-jupiter-engine-5.8.2.jar:5.8.2]
	at org.junit.jupiter.engine.descriptor.TestMethodTestDescriptor.execute(TestMethodTestDescriptor.java:129) ~[junit-jupiter-engine-5.8.2.jar:5.8.2]
	at org.junit.jupiter.engine.descriptor.TestMethodTestDescriptor.execute(TestMethodTestDescriptor.java:66) ~[junit-jupiter-engine-5.8.2.jar:5.8.2]
	at org.junit.platform.engine.support.hierarchical.NodeTestTask.lambda$executeRecursively$6(NodeTestTask.java:151) ~[junit-platform-engine-1.8.2.jar:1.8.2]
	at org.junit.platform.engine.support.hierarchical.ThrowableCollector.execute(ThrowableCollector.java:73) ~[junit-platform-engine-1.8.2.jar:1.8.2]
	at org.junit.platform.engine.support.hierarchical.NodeTestTask.lambda$executeRecursively$8(NodeTestTask.java:141) ~[junit-platform-engine-1.8.2.jar:1.8.2]
	at org.junit.platform.engine.support.hierarchical.Node.around(Node.java:137) ~[junit-platform-engine-1.8.2.jar:1.8.2]
	at org.junit.platform.engine.support.hierarchical.NodeTestTask.lambda$executeRecursively$9(NodeTestTask.java:139) ~[junit-platform-engine-1.8.2.jar:1.8.2]
	at org.junit.platform.engine.support.hierarchical.ThrowableCollector.execute(ThrowableCollector.java:73) ~[junit-platform-engine-1.8.2.jar:1.8.2]
	at org.junit.platform.engine.support.hierarchical.NodeTestTask.executeRecursively(NodeTestTask.java:138) ~[junit-platform-engine-1.8.2.jar:1.8.2]
	at org.junit.platform.engine.support.hierarchical.NodeTestTask.execute(NodeTestTask.java:95) ~[junit-platform-engine-1.8.2.jar:1.8.2]
	at java.base/java.util.ArrayList.forEach(ArrayList.java:1511) ~[na:na]
	at org.junit.platform.engine.support.hierarchical.SameThreadHierarchicalTestExecutorService.invokeAll(SameThreadHierarchicalTestExecutorService.java:41) ~[junit-platform-engine-1.8.2.jar:1.8.2]
	at org.junit.platform.engine.support.hierarchical.NodeTestTask.lambda$executeRecursively$6(NodeTestTask.java:155) ~[junit-platform-engine-1.8.2.jar:1.8.2]
	at org.junit.platform.engine.support.hierarchical.ThrowableCollector.execute(ThrowableCollector.java:73) ~[junit-platform-engine-1.8.2.jar:1.8.2]
	at org.junit.platform.engine.support.hierarchical.NodeTestTask.lambda$executeRecursively$8(NodeTestTask.java:141) ~[junit-platform-engine-1.8.2.jar:1.8.2]
	at org.junit.platform.engine.support.hierarchical.Node.around(Node.java:137) ~[junit-platform-engine-1.8.2.jar:1.8.2]
	at org.junit.platform.engine.support.hierarchical.NodeTestTask.lambda$executeRecursively$9(NodeTestTask.java:139) ~[junit-platform-engine-1.8.2.jar:1.8.2]
	at org.junit.platform.engine.support.hierarchical.ThrowableCollector.execute(ThrowableCollector.java:73) ~[junit-platform-engine-1.8.2.jar:1.8.2]
	at org.junit.platform.engine.support.hierarchical.NodeTestTask.executeRecursively(NodeTestTask.java:138) ~[junit-platform-engine-1.8.2.jar:1.8.2]
	at org.junit.platform.engine.support.hierarchical.NodeTestTask.execute(NodeTestTask.java:95) ~[junit-platform-engine-1.8.2.jar:1.8.2]
	at java.base/java.util.ArrayList.forEach(ArrayList.java:1511) ~[na:na]
	at org.junit.platform.engine.support.hierarchical.SameThreadHierarchicalTestExecutorService.invokeAll(SameThreadHierarchicalTestExecutorService.java:41) ~[junit-platform-engine-1.8.2.jar:1.8.2]
	at org.junit.platform.engine.support.hierarchical.NodeTestTask.lambda$executeRecursively$6(NodeTestTask.java:155) ~[junit-platform-engine-1.8.2.jar:1.8.2]
	at org.junit.platform.engine.support.hierarchical.ThrowableCollector.execute(ThrowableCollector.java:73) ~[junit-platform-engine-1.8.2.jar:1.8.2]
	at org.junit.platform.engine.support.hierarchical.NodeTestTask.lambda$executeRecursively$8(NodeTestTask.java:141) ~[junit-platform-engine-1.8.2.jar:1.8.2]
	at org.junit.platform.engine.support.hierarchical.Node.around(Node.java:137) ~[junit-platform-engine-1.8.2.jar:1.8.2]
	at org.junit.platform.engine.support.hierarchical.NodeTestTask.lambda$executeRecursively$9(NodeTestTask.java:139) ~[junit-platform-engine-1.8.2.jar:1.8.2]
	at org.junit.platform.engine.support.hierarchical.ThrowableCollector.execute(ThrowableCollector.java:73) ~[junit-platform-engine-1.8.2.jar:1.8.2]
	at org.junit.platform.engine.support.hierarchical.NodeTestTask.executeRecursively(NodeTestTask.java:138) ~[junit-platform-engine-1.8.2.jar:1.8.2]
	at org.junit.platform.engine.support.hierarchical.NodeTestTask.execute(NodeTestTask.java:95) ~[junit-platform-engine-1.8.2.jar:1.8.2]
	at org.junit.platform.engine.support.hierarchical.SameThreadHierarchicalTestExecutorService.submit(SameThreadHierarchicalTestExecutorService.java:35) ~[junit-platform-engine-1.8.2.jar:1.8.2]
	at org.junit.platform.engine.support.hierarchical.HierarchicalTestExecutor.execute(HierarchicalTestExecutor.java:57) ~[junit-platform-engine-1.8.2.jar:1.8.2]
	at org.junit.platform.engine.support.hierarchical.HierarchicalTestEngine.execute(HierarchicalTestEngine.java:54) ~[junit-platform-engine-1.8.2.jar:1.8.2]
	at org.junit.platform.launcher.core.EngineExecutionOrchestrator.execute(EngineExecutionOrchestrator.java:107) ~[junit-platform-launcher-1.8.2.jar:1.8.2]
	at org.junit.platform.launcher.core.EngineExecutionOrchestrator.execute(EngineExecutionOrchestrator.java:88) ~[junit-platform-launcher-1.8.2.jar:1.8.2]
	at org.junit.platform.launcher.core.EngineExecutionOrchestrator.lambda$execute$0(EngineExecutionOrchestrator.java:54) ~[junit-platform-launcher-1.8.2.jar:1.8.2]
	at org.junit.platform.launcher.core.EngineExecutionOrchestrator.withInterceptedStreams(EngineExecutionOrchestrator.java:67) ~[junit-platform-launcher-1.8.2.jar:1.8.2]
	at org.junit.platform.launcher.core.EngineExecutionOrchestrator.execute(EngineExecutionOrchestrator.java:52) ~[junit-platform-launcher-1.8.2.jar:1.8.2]
	at org.junit.platform.launcher.core.DefaultLauncher.execute(DefaultLauncher.java:114) ~[junit-platform-launcher-1.8.2.jar:1.8.2]
	at org.junit.platform.launcher.core.DefaultLauncher.execute(DefaultLauncher.java:86) ~[junit-platform-launcher-1.8.2.jar:1.8.2]
	at org.junit.platform.launcher.core.DefaultLauncherSession$DelegatingLauncher.execute(DefaultLauncherSession.java:86) ~[junit-platform-launcher-1.8.2.jar:1.8.2]
	at org.junit.platform.launcher.core.SessionPerRequestLauncher.execute(SessionPerRequestLauncher.java:53) ~[junit-platform-launcher-1.8.2.jar:1.8.2]
	at com.intellij.junit5.JUnit5IdeaTestRunner.startRunnerWithArgs(JUnit5IdeaTestRunner.java:71) ~[junit5-rt.jar:na]
	at com.intellij.rt.junit.IdeaTestRunner$Repeater$1.execute(IdeaTestRunner.java:38) ~[junit-rt.jar:na]
	at com.intellij.rt.execution.junit.TestsRepeater.repeat(TestsRepeater.java:11) ~[idea_rt.jar:na]
	at com.intellij.rt.junit.IdeaTestRunner$Repeater.startRunnerWithArgs(IdeaTestRunner.java:35) ~[junit-rt.jar:na]
	at com.intellij.rt.junit.JUnitStarter.prepareStreamsAndStart(JUnitStarter.java:235) ~[junit-rt.jar:na]
	at com.intellij.rt.junit.JUnitStarter.main(JUnitStarter.java:54) ~[junit-rt.jar:na]

2022-08-16 17:44:36.598 ERROR 66636 --- [main] üê≥ [backend:1.0]                         : Log output from the failed container:

  .   ____          _            __ _ _
 /\\ / ___'_ __ _ _(_)_ __  __ _ \ \ \ \
( ( )\___ | '_ | '_| | '_ \/ _` | \ \ \ \
 \\/  ___)| |_)| | | | | || (_| |  ) ) ) )
  '  |____| .__|_| |_|_| |_\__, | / / / /
 =========|_|==============|___/=/_/_/_/
 :: Spring Boot ::                (v2.7.2)

2022-08-16 14:43:33.262  INFO 1 --- [           main] c.e.coursework.CourseworkApplication     : Starting CourseworkApplication v0.0.1-SNAPSHOT using Java 17.0.2 on 92528824c78b with PID 1 (/app.jar started by root in /)
2022-08-16 14:43:33.270  INFO 1 --- [           main] c.e.coursework.CourseworkApplication     : No active profile set, falling back to 1 default profile: "default"
2022-08-16 14:43:35.258  INFO 1 --- [           main] o.s.b.w.embedded.tomcat.TomcatWebServer  : Tomcat initialized with port(s): 8080 (http)
2022-08-16 14:43:35.282  INFO 1 --- [           main] o.apache.catalina.core.StandardService   : Starting service [Tomcat]
2022-08-16 14:43:35.283  INFO 1 --- [           main] org.apache.catalina.core.StandardEngine  : Starting Servlet engine: [Apache Tomcat/9.0.65]
2022-08-16 14:43:35.395  INFO 1 --- [           main] o.a.c.c.C.[Tomcat].[localhost].[/]       : Initializing Spring embedded WebApplicationContext
2022-08-16 14:43:35.396  INFO 1 --- [           main] w.s.c.ServletWebServerApplicationContext : Root WebApplicationContext: initialization completed in 1961 ms
2022-08-16 14:43:36.226  INFO 1 --- [           main] o.s.b.w.embedded.tomcat.TomcatWebServer  : Tomcat started on port(s): 8080 (http) with context path ''
2022-08-16 14:43:36.241  INFO 1 --- [           main] c.e.coursework.CourseworkApplication     : Started CourseworkApplication in 3.939 seconds (JVM running for 4.675)

2022-08-16 17:44:36.634  INFO 66636 --- [main] üê≥ [backend:1.0]                         : Creating container for image: backend:1.0
2022-08-16 17:44:36.717  INFO 66636 --- [main] üê≥ [backend:1.0]                         : Container backend:1.0 is starting: 0d21992334b9e34954084c5fae6dae1f5f591704e33bfc9e24a7fe30d46fc980
2022-08-16 17:45:37.574 ERROR 66636 --- [main] üê≥ [backend:1.0]                         : Could not start container

org.testcontainers.containers.ContainerLaunchException: Timed out waiting for container port to open (localhost ports: [53460] should be listening)
	at org.testcontainers.containers.wait.strategy.HostPortWaitStrategy.waitUntilReady(HostPortWaitStrategy.java:102) ~[testcontainers-1.17.3.jar:na]
	at org.testcontainers.containers.wait.strategy.AbstractWaitStrategy.waitUntilReady(AbstractWaitStrategy.java:52) ~[testcontainers-1.17.3.jar:na]
	at org.testcontainers.containers.GenericContainer.waitUntilContainerStarted(GenericContainer.java:953) ~[testcontainers-1.17.3.jar:na]
	at org.testcontainers.containers.GenericContainer.tryStart(GenericContainer.java:485) ~[testcontainers-1.17.3.jar:na]
	at org.testcontainers.containers.GenericContainer.lambda$doStart$0(GenericContainer.java:344) ~[testcontainers-1.17.3.jar:na]
	at org.rnorth.ducttape.unreliables.Unreliables.retryUntilSuccess(Unreliables.java:81) ~[duct-tape-1.0.8.jar:na]
	at org.testcontainers.containers.GenericContainer.doStart(GenericContainer.java:334) ~[testcontainers-1.17.3.jar:na]
	at org.testcontainers.containers.GenericContainer.start(GenericContainer.java:322) ~[testcontainers-1.17.3.jar:na]
	at org.testcontainers.junit.jupiter.TestcontainersExtension$StoreAdapter.start(TestcontainersExtension.java:242) ~[junit-jupiter-1.17.3.jar:na]
	at org.testcontainers.junit.jupiter.TestcontainersExtension$StoreAdapter.access$200(TestcontainersExtension.java:229) ~[junit-jupiter-1.17.3.jar:na]
	at org.testcontainers.junit.jupiter.TestcontainersExtension.lambda$null$4(TestcontainersExtension.java:81) ~[junit-jupiter-1.17.3.jar:na]
	at org.junit.jupiter.engine.execution.ExtensionValuesStore.lambda$getOrComputeIfAbsent$4(ExtensionValuesStore.java:86) ~[junit-jupiter-engine-5.8.2.jar:5.8.2]
	at org.junit.jupiter.engine.execution.ExtensionValuesStore$MemoizingSupplier.computeValue(ExtensionValuesStore.java:223) ~[junit-jupiter-engine-5.8.2.jar:5.8.2]
	at org.junit.jupiter.engine.execution.ExtensionValuesStore$MemoizingSupplier.get(ExtensionValuesStore.java:211) ~[junit-jupiter-engine-5.8.2.jar:5.8.2]
	at org.junit.jupiter.engine.execution.ExtensionValuesStore$StoredValue.evaluate(ExtensionValuesStore.java:191) ~[junit-jupiter-engine-5.8.2.jar:5.8.2]
	at org.junit.jupiter.engine.execution.ExtensionValuesStore$StoredValue.access$100(ExtensionValuesStore.java:171) ~[junit-jupiter-engine-5.8.2.jar:5.8.2]
	at org.junit.jupiter.engine.execution.ExtensionValuesStore.getOrComputeIfAbsent(ExtensionValuesStore.java:89) ~[junit-jupiter-engine-5.8.2.jar:5.8.2]
	at org.junit.jupiter.engine.execution.NamespaceAwareStore.getOrComputeIfAbsent(NamespaceAwareStore.java:53) ~[junit-jupiter-engine-5.8.2.jar:5.8.2]
	at org.testcontainers.junit.jupiter.TestcontainersExtension.lambda$beforeEach$5(TestcontainersExtension.java:81) ~[junit-jupiter-1.17.3.jar:na]
	at java.base/java.util.stream.ReferencePipeline$15$1.accept(ReferencePipeline.java:540) ~[na:na]
	at java.base/java.util.stream.ForEachOps$ForEachOp$OfRef.accept(ForEachOps.java:183) ~[na:na]
	at java.base/java.util.stream.ReferencePipeline$3$1.accept(ReferencePipeline.java:197) ~[na:na]
	at java.base/java.util.ArrayList$ArrayListSpliterator.forEachRemaining(ArrayList.java:1625) ~[na:na]
	at java.base/java.util.stream.AbstractPipeline.copyInto(AbstractPipeline.java:509) ~[na:na]
	at java.base/java.util.stream.AbstractPipeline.wrapAndCopyInto(AbstractPipeline.java:499) ~[na:na]
	at java.base/java.util.stream.ForEachOps$ForEachOp.evaluateSequential(ForEachOps.java:150) ~[na:na]
	at java.base/java.util.stream.ForEachOps$ForEachOp$OfRef.evaluateSequential(ForEachOps.java:173) ~[na:na]
	at java.base/java.util.stream.AbstractPipeline.evaluate(AbstractPipeline.java:234) ~[na:na]
	at java.base/java.util.stream.ReferencePipeline.forEach(ReferencePipeline.java:596) ~[na:na]
	at java.base/java.util.stream.ReferencePipeline$7$1.accept(ReferencePipeline.java:276) ~[na:na]
	at java.base/java.util.Iterator.forEachRemaining(Iterator.java:133) ~[na:na]
	at java.base/java.util.Spliterators$IteratorSpliterator.forEachRemaining(Spliterators.java:1845) ~[na:na]
	at java.base/java.util.stream.AbstractPipeline.copyInto(AbstractPipeline.java:509) ~[na:na]
	at java.base/java.util.stream.AbstractPipeline.wrapAndCopyInto(AbstractPipeline.java:499) ~[na:na]
	at java.base/java.util.stream.ReduceOps$ReduceTask.doLeaf(ReduceOps.java:960) ~[na:na]
	at java.base/java.util.stream.ReduceOps$ReduceTask.doLeaf(ReduceOps.java:934) ~[na:na]
	at java.base/java.util.stream.AbstractTask.compute(AbstractTask.java:327) ~[na:na]
	at java.base/java.util.concurrent.CountedCompleter.exec(CountedCompleter.java:754) ~[na:na]
	at java.base/java.util.concurrent.ForkJoinTask.doExec(ForkJoinTask.java:373) ~[na:na]
	at java.base/java.util.concurrent.ForkJoinTask.invoke(ForkJoinTask.java:686) ~[na:na]
	at java.base/java.util.stream.ReduceOps$ReduceOp.evaluateParallel(ReduceOps.java:927) ~[na:na]
	at java.base/java.util.stream.AbstractPipeline.evaluate(AbstractPipeline.java:233) ~[na:na]
	at java.base/java.util.stream.ReferencePipeline.collect(ReferencePipeline.java:682) ~[na:na]
	at org.testcontainers.junit.jupiter.TestcontainersExtension.beforeEach(TestcontainersExtension.java:84) ~[junit-jupiter-1.17.3.jar:na]
	at org.junit.jupiter.engine.descriptor.TestMethodTestDescriptor.lambda$invokeBeforeEachCallbacks$2(TestMethodTestDescriptor.java:163) ~[junit-jupiter-engine-5.8.2.jar:5.8.2]
	at org.junit.jupiter.engine.descriptor.TestMethodTestDescriptor.lambda$invokeBeforeMethodsOrCallbacksUntilExceptionOccurs$6(TestMethodTestDescriptor.java:199) ~[junit-jupiter-engine-5.8.2.jar:5.8.2]
	at org.junit.platform.engine.support.hierarchical.ThrowableCollector.execute(ThrowableCollector.java:73) ~[junit-platform-engine-1.8.2.jar:1.8.2]
	at org.junit.jupiter.engine.descriptor.TestMethodTestDescriptor.invokeBeforeMethodsOrCallbacksUntilExceptionOccurs(TestMethodTestDescriptor.java:199) ~[junit-jupiter-engine-5.8.2.jar:5.8.2]
	at org.junit.jupiter.engine.descriptor.TestMethodTestDescriptor.invokeBeforeEachCallbacks(TestMethodTestDescriptor.java:162) ~[junit-jupiter-engine-5.8.2.jar:5.8.2]
	at org.junit.jupiter.engine.descriptor.TestMethodTestDescriptor.execute(TestMethodTestDescriptor.java:129) ~[junit-jupiter-engine-5.8.2.jar:5.8.2]
	at org.junit.jupiter.engine.descriptor.TestMethodTestDescriptor.execute(TestMethodTestDescriptor.java:66) ~[junit-jupiter-engine-5.8.2.jar:5.8.2]
	at org.junit.platform.engine.support.hierarchical.NodeTestTask.lambda$executeRecursively$6(NodeTestTask.java:151) ~[junit-platform-engine-1.8.2.jar:1.8.2]
	at org.junit.platform.engine.support.hierarchical.ThrowableCollector.execute(ThrowableCollector.java:73) ~[junit-platform-engine-1.8.2.jar:1.8.2]
	at org.junit.platform.engine.support.hierarchical.NodeTestTask.lambda$executeRecursively$8(NodeTestTask.java:141) ~[junit-platform-engine-1.8.2.jar:1.8.2]
	at org.junit.platform.engine.support.hierarchical.Node.around(Node.java:137) ~[junit-platform-engine-1.8.2.jar:1.8.2]
	at org.junit.platform.engine.support.hierarchical.NodeTestTask.lambda$executeRecursively$9(NodeTestTask.java:139) ~[junit-platform-engine-1.8.2.jar:1.8.2]
	at org.junit.platform.engine.support.hierarchical.ThrowableCollector.execute(ThrowableCollector.java:73) ~[junit-platform-engine-1.8.2.jar:1.8.2]
	at org.junit.platform.engine.support.hierarchical.NodeTestTask.executeRecursively(NodeTestTask.java:138) ~[junit-platform-engine-1.8.2.jar:1.8.2]
	at org.junit.platform.engine.support.hierarchical.NodeTestTask.execute(NodeTestTask.java:95) ~[junit-platform-engine-1.8.2.jar:1.8.2]
	at java.base/java.util.ArrayList.forEach(ArrayList.java:1511) ~[na:na]
	at org.junit.platform.engine.support.hierarchical.SameThreadHierarchicalTestExecutorService.invokeAll(SameThreadHierarchicalTestExecutorService.java:41) ~[junit-platform-engine-1.8.2.jar:1.8.2]
	at org.junit.platform.engine.support.hierarchical.NodeTestTask.lambda$executeRecursively$6(NodeTestTask.java:155) ~[junit-platform-engine-1.8.2.jar:1.8.2]
	at org.junit.platform.engine.support.hierarchical.ThrowableCollector.execute(ThrowableCollector.java:73) ~[junit-platform-engine-1.8.2.jar:1.8.2]
	at org.junit.platform.engine.support.hierarchical.NodeTestTask.lambda$executeRecursively$8(NodeTestTask.java:141) ~[junit-platform-engine-1.8.2.jar:1.8.2]
	at org.junit.platform.engine.support.hierarchical.Node.around(Node.java:137) ~[junit-platform-engine-1.8.2.jar:1.8.2]
	at org.junit.platform.engine.support.hierarchical.NodeTestTask.lambda$executeRecursively$9(NodeTestTask.java:139) ~[junit-platform-engine-1.8.2.jar:1.8.2]
	at org.junit.platform.engine.support.hierarchical.ThrowableCollector.execute(ThrowableCollector.java:73) ~[junit-platform-engine-1.8.2.jar:1.8.2]
	at org.junit.platform.engine.support.hierarchical.NodeTestTask.executeRecursively(NodeTestTask.java:138) ~[junit-platform-engine-1.8.2.jar:1.8.2]
	at org.junit.platform.engine.support.hierarchical.NodeTestTask.execute(NodeTestTask.java:95) ~[junit-platform-engine-1.8.2.jar:1.8.2]
	at java.base/java.util.ArrayList.forEach(ArrayList.java:1511) ~[na:na]
	at org.junit.platform.engine.support.hierarchical.SameThreadHierarchicalTestExecutorService.invokeAll(SameThreadHierarchicalTestExecutorService.java:41) ~[junit-platform-engine-1.8.2.jar:1.8.2]
	at org.junit.platform.engine.support.hierarchical.NodeTestTask.lambda$executeRecursively$6(NodeTestTask.java:155) ~[junit-platform-engine-1.8.2.jar:1.8.2]
	at org.junit.platform.engine.support.hierarchical.ThrowableCollector.execute(ThrowableCollector.java:73) ~[junit-platform-engine-1.8.2.jar:1.8.2]
	at org.junit.platform.engine.support.hierarchical.NodeTestTask.lambda$executeRecursively$8(NodeTestTask.java:141) ~[junit-platform-engine-1.8.2.jar:1.8.2]
	at org.junit.platform.engine.support.hierarchical.Node.around(Node.java:137) ~[junit-platform-engine-1.8.2.jar:1.8.2]
	at org.junit.platform.engine.support.hierarchical.NodeTestTask.lambda$executeRecursively$9(NodeTestTask.java:139) ~[junit-platform-engine-1.8.2.jar:1.8.2]
	at org.junit.platform.engine.support.hierarchical.ThrowableCollector.execute(ThrowableCollector.java:73) ~[junit-platform-engine-1.8.2.jar:1.8.2]
	at org.junit.platform.engine.support.hierarchical.NodeTestTask.executeRecursively(NodeTestTask.java:138) ~[junit-platform-engine-1.8.2.jar:1.8.2]
	at org.junit.platform.engine.support.hierarchical.NodeTestTask.execute(NodeTestTask.java:95) ~[junit-platform-engine-1.8.2.jar:1.8.2]
	at org.junit.platform.engine.support.hierarchical.SameThreadHierarchicalTestExecutorService.submit(SameThreadHierarchicalTestExecutorService.java:35) ~[junit-platform-engine-1.8.2.jar:1.8.2]
	at org.junit.platform.engine.support.hierarchical.HierarchicalTestExecutor.execute(HierarchicalTestExecutor.java:57) ~[junit-platform-engine-1.8.2.jar:1.8.2]
	at org.junit.platform.engine.support.hierarchical.HierarchicalTestEngine.execute(HierarchicalTestEngine.java:54) ~[junit-platform-engine-1.8.2.jar:1.8.2]
	at org.junit.platform.launcher.core.EngineExecutionOrchestrator.execute(EngineExecutionOrchestrator.java:107) ~[junit-platform-launcher-1.8.2.jar:1.8.2]
	at org.junit.platform.launcher.core.EngineExecutionOrchestrator.execute(EngineExecutionOrchestrator.java:88) ~[junit-platform-launcher-1.8.2.jar:1.8.2]
	at org.junit.platform.launcher.core.EngineExecutionOrchestrator.lambda$execute$0(EngineExecutionOrchestrator.java:54) ~[junit-platform-launcher-1.8.2.jar:1.8.2]
	at org.junit.platform.launcher.core.EngineExecutionOrchestrator.withInterceptedStreams(EngineExecutionOrchestrator.java:67) ~[junit-platform-launcher-1.8.2.jar:1.8.2]
	at org.junit.platform.launcher.core.EngineExecutionOrchestrator.execute(EngineExecutionOrchestrator.java:52) ~[junit-platform-launcher-1.8.2.jar:1.8.2]
	at org.junit.platform.launcher.core.DefaultLauncher.execute(DefaultLauncher.java:114) ~[junit-platform-launcher-1.8.2.jar:1.8.2]
	at org.junit.platform.launcher.core.DefaultLauncher.execute(DefaultLauncher.java:86) ~[junit-platform-launcher-1.8.2.jar:1.8.2]
	at org.junit.platform.launcher.core.DefaultLauncherSession$DelegatingLauncher.execute(DefaultLauncherSession.java:86) ~[junit-platform-launcher-1.8.2.jar:1.8.2]
	at org.junit.platform.launcher.core.SessionPerRequestLauncher.execute(SessionPerRequestLauncher.java:53) ~[junit-platform-launcher-1.8.2.jar:1.8.2]
	at com.intellij.junit5.JUnit5IdeaTestRunner.startRunnerWithArgs(JUnit5IdeaTestRunner.java:71) ~[junit5-rt.jar:na]
	at com.intellij.rt.junit.IdeaTestRunner$Repeater$1.execute(IdeaTestRunner.java:38) ~[junit-rt.jar:na]
	at com.intellij.rt.execution.junit.TestsRepeater.repeat(TestsRepeater.java:11) ~[idea_rt.jar:na]
	at com.intellij.rt.junit.IdeaTestRunner$Repeater.startRunnerWithArgs(IdeaTestRunner.java:35) ~[junit-rt.jar:na]
	at com.intellij.rt.junit.JUnitStarter.prepareStreamsAndStart(JUnitStarter.java:235) ~[junit-rt.jar:na]
	at com.intellij.rt.junit.JUnitStarter.main(JUnitStarter.java:54) ~[junit-rt.jar:na]

2022-08-16 17:45:37.637 ERROR 66636 --- [main] üê≥ [backend:1.0]                         : Log output from the failed container:

  .   ____          _            __ _ _
 /\\ / ___'_ __ _ _(_)_ __  __ _ \ \ \ \
( ( )\___ | '_ | '_| | '_ \/ _` | \ \ \ \
 \\/  ___)| |_)| | | | | || (_| |  ) ) ) )
  '  |____| .__|_| |_|_| |_\__, | / / / /
 =========|_|==============|___/=/_/_/_/
 :: Spring Boot ::                (v2.7.2)

2022-08-16 14:44:39.339  INFO 1 --- [           main] c.e.coursework.CourseworkApplication     : Starting CourseworkApplication v0.0.1-SNAPSHOT using Java 17.0.2 on 0d21992334b9 with PID 1 (/app.jar started by root in /)
2022-08-16 14:44:39.348  INFO 1 --- [           main] c.e.coursework.CourseworkApplication     : No active profile set, falling back to 1 default profile: "default"
2022-08-16 14:44:41.778  INFO 1 --- [           main] o.s.b.w.embedded.tomcat.TomcatWebServer  : Tomcat initialized with port(s): 8080 (http)
2022-08-16 14:44:41.801  INFO 1 --- [           main] o.apache.catalina.core.StandardService   : Starting service [Tomcat]
2022-08-16 14:44:41.803  INFO 1 --- [           main] org.apache.catalina.core.StandardEngine  : Starting Servlet engine: [Apache Tomcat/9.0.65]
2022-08-16 14:44:42.006  INFO 1 --- [           main] o.a.c.c.C.[Tomcat].[localhost].[/]       : Initializing Spring embedded WebApplicationContext
2022-08-16 14:44:42.007  INFO 1 --- [           main] w.s.c.ServletWebServerApplicationContext : Root WebApplicationContext: initialization completed in 2508 ms
2022-08-16 14:44:42.772  INFO 1 --- [           main] o.s.b.w.embedded.tomcat.TomcatWebServer  : Tomcat started on port(s): 8080 (http) with context path ''
2022-08-16 14:44:42.789  INFO 1 --- [           main] c.e.coursework.CourseworkApplication     : Started CourseworkApplication in 4.56 seconds (JVM running for 5.317)

2022-08-16 17:48:25.975  INFO 66880 --- [main] c.e.c.CourseworkApplicationTests         : Starting CourseworkApplicationTests using Java 17.0.4 on DESKTOP-O6BUNA7 with PID 66880 (started by User in C:\Users\User\IdeaProjects\netology\src\netology\jd\springboot\coursework)
2022-08-16 17:48:25.978  INFO 66880 --- [main] c.e.c.CourseworkApplicationTests         : No active profile set, falling back to 1 default profile: "default"
2022-08-16 17:48:28.183  INFO 66880 --- [main] o.s.b.w.embedded.tomcat.TomcatWebServer  : Tomcat initialized with port(s): 0 (http)
2022-08-16 17:48:28.200  INFO 66880 --- [main] o.apache.catalina.core.StandardService   : Starting service [Tomcat]
2022-08-16 17:48:28.201  INFO 66880 --- [main] org.apache.catalina.core.StandardEngine  : Starting Servlet engine: [Apache Tomcat/9.0.65]
2022-08-16 17:48:29.838  INFO 66880 --- [main] o.a.c.c.C.[Tomcat].[localhost].[/]       : Initializing Spring embedded WebApplicationContext
2022-08-16 17:48:29.839  INFO 66880 --- [main] w.s.c.ServletWebServerApplicationContext : Root WebApplicationContext: initialization completed in 3827 ms
2022-08-16 17:48:30.978  INFO 66880 --- [main] o.s.b.w.embedded.tomcat.TomcatWebServer  : Tomcat started on port(s): 53612 (http) with context path ''
2022-08-16 17:48:31.011  INFO 66880 --- [main] c.e.c.CourseworkApplicationTests         : Started CourseworkApplicationTests in 5.663 seconds (JVM running for 7.706)
2022-08-16 17:48:33.385  INFO 66880 --- [main] o.t.d.DockerClientProviderStrategy       : Loaded org.testcontainers.dockerclient.NpipeSocketClientProviderStrategy from ~/.testcontainers.properties, will try it first
2022-08-16 17:48:34.052  INFO 66880 --- [main] o.t.d.DockerClientProviderStrategy       : Found Docker environment with local Npipe socket (npipe:////./pipe/docker_engine)
2022-08-16 17:48:34.054  INFO 66880 --- [main] org.testcontainers.DockerClientFactory   : Docker host IP address is localhost
2022-08-16 17:48:34.093  INFO 66880 --- [main] org.testcontainers.DockerClientFactory   : Connected to docker: 
  Server Version: 20.10.17
  API Version: 1.41
  Operating System: Docker Desktop
  Total Memory: 3909 MB
2022-08-16 17:48:34.137  INFO 66880 --- [main] üê≥ [testcontainers/ryuk:0.3.3]           : Creating container for image: testcontainers/ryuk:0.3.3
2022-08-16 17:48:34.481  INFO 66880 --- [main] o.t.utility.RegistryAuthLocator          : Credential helper/store (docker-credential-desktop) does not have credentials for https://index.docker.io/v1/
2022-08-16 17:48:34.681  INFO 66880 --- [main] üê≥ [testcontainers/ryuk:0.3.3]           : Container testcontainers/ryuk:0.3.3 is starting: 1702e885867f548cd1d696e455d30bb36544cb99b150e70cce790e16a7f3dab5
2022-08-16 17:48:35.651  INFO 66880 --- [main] üê≥ [testcontainers/ryuk:0.3.3]           : Container testcontainers/ryuk:0.3.3 started in PT1.5421759S
2022-08-16 17:48:35.665  INFO 66880 --- [main] o.t.utility.RyukResourceReaper           : Ryuk started - will monitor and terminate Testcontainers containers on JVM exit
2022-08-16 17:48:35.666  INFO 66880 --- [main] org.testcontainers.DockerClientFactory   : Checking the system...
2022-08-16 17:48:35.667  INFO 66880 --- [main] org.testcontainers.DockerClientFactory   : ‚úîÔ∏é Docker server version should be at least 1.6.0
2022-08-16 17:48:35.667  INFO 66880 --- [main] üê≥ [backend:1.0]                         : Creating container for image: backend:1.0
2022-08-16 17:48:35.762  INFO 66880 --- [main] üê≥ [backend:1.0]                         : Container backend:1.0 is starting: 684a3c500ea5a12cbd891d5239e6cd67cd7e28f98869847c80d72bd5d5019a52
2022-08-16 17:48:36.281  INFO 66880 --- [main] üê≥ [backend:1.0]                         : Container backend:1.0 started in PT0.6135089S
2022-08-16 17:48:36.727  INFO 66880 --- [main] üê≥ [backend:1.0]                         : Creating container for image: backend:1.0
2022-08-16 17:48:36.820  INFO 66880 --- [main] üê≥ [backend:1.0]                         : Container backend:1.0 is starting: 177085ada73f4744b1207147ccafa85a96fd76529646d50273bc25297855e112
2022-08-16 17:48:37.409  INFO 66880 --- [main] üê≥ [backend:1.0]                         : Container backend:1.0 started in PT0.68162S
2022-08-16 17:52:23.752  INFO 68008 --- [main] c.e.c.CourseworkApplicationTests         : Starting CourseworkApplicationTests using Java 17.0.4 on DESKTOP-O6BUNA7 with PID 68008 (started by User in C:\Users\User\IdeaProjects\netology\src\netology\jd\springboot\coursework)
2022-08-16 17:52:23.760  INFO 68008 --- [main] c.e.c.CourseworkApplicationTests         : No active profile set, falling back to 1 default profile: "default"
2022-08-16 17:52:26.012  INFO 68008 --- [main] o.s.b.w.embedded.tomcat.TomcatWebServer  : Tomcat initialized with port(s): 0 (http)
2022-08-16 17:52:26.029  INFO 68008 --- [main] o.apache.catalina.core.StandardService   : Starting service [Tomcat]
2022-08-16 17:52:26.030  INFO 68008 --- [main] org.apache.catalina.core.StandardEngine  : Starting Servlet engine: [Apache Tomcat/9.0.65]
2022-08-16 17:52:26.217  INFO 68008 --- [main] o.a.c.c.C.[Tomcat].[localhost].[/]       : Initializing Spring embedded WebApplicationContext
2022-08-16 17:52:26.218  INFO 68008 --- [main] w.s.c.ServletWebServerApplicationContext : Root WebApplicationContext: initialization completed in 2423 ms
2022-08-16 17:52:27.676  INFO 68008 --- [main] o.s.b.w.embedded.tomcat.TomcatWebServer  : Tomcat started on port(s): 53751 (http) with context path ''
2022-08-16 17:52:27.692  INFO 68008 --- [main] c.e.c.CourseworkApplicationTests         : Started CourseworkApplicationTests in 4.525 seconds (JVM running for 6.336)
2022-08-16 17:52:28.961  INFO 68008 --- [main] c.e.coursework.service.TransferService   : œÎ‡Ú∏Ê Mock for Transfer, hashCode: 929782962 ·˚Î ÔÓ‰Ú‚ÂÊ‰∏Ì ÔÓ ÒÏÒ Ë ÛÒÔÂ¯ÌÓ ‚˚ÔÓÎÌÂÌ
2022-08-16 17:52:28.984  INFO 68008 --- [main] c.e.coursework.service.TransferService   : œÎ‡ÚÂÊ Mock for Transfer, hashCode: 939455271 ÒÓÁ‰‡Ì. ÕÂÓ·ıÓ‰ËÏÓ ÔÓ‰Ú‚ÂÊ‰ÂÌËÂ ÔÓ ÒÏÒ
2022-08-16 17:52:29.011  INFO 68008 --- [main] c.e.coursework.service.TransferService   : œÎ‡Ú∏Ê Mock for Transfer, hashCode: 1828787392 ·˚Î ÔÓ‰Ú‚ÂÊ‰∏Ì ÔÓ ÒÏÒ Ë ÛÒÔÂ¯ÌÓ ‚˚ÔÓÎÌÂÌ
2022-08-16 17:56:35.804  INFO 68960 --- [main] c.e.c.CourseworkApplicationTests         : Starting CourseworkApplicationTests using Java 17.0.4 on DESKTOP-O6BUNA7 with PID 68960 (started by User in C:\Users\User\IdeaProjects\netology\src\netology\jd\springboot\coursework)
2022-08-16 17:56:35.806  INFO 68960 --- [main] c.e.c.CourseworkApplicationTests         : No active profile set, falling back to 1 default profile: "default"
2022-08-16 17:56:37.657  INFO 68960 --- [main] o.s.b.w.embedded.tomcat.TomcatWebServer  : Tomcat initialized with port(s): 0 (http)
2022-08-16 17:56:37.674  INFO 68960 --- [main] o.apache.catalina.core.StandardService   : Starting service [Tomcat]
2022-08-16 17:56:37.675  INFO 68960 --- [main] org.apache.catalina.core.StandardEngine  : Starting Servlet engine: [Apache Tomcat/9.0.65]
2022-08-16 17:56:37.848  INFO 68960 --- [main] o.a.c.c.C.[Tomcat].[localhost].[/]       : Initializing Spring embedded WebApplicationContext
2022-08-16 17:56:37.848  INFO 68960 --- [main] w.s.c.ServletWebServerApplicationContext : Root WebApplicationContext: initialization completed in 2010 ms
2022-08-16 17:56:39.191  INFO 68960 --- [main] o.s.b.w.embedded.tomcat.TomcatWebServer  : Tomcat started on port(s): 53908 (http) with context path ''
2022-08-16 17:56:39.206  INFO 68960 --- [main] c.e.c.CourseworkApplicationTests         : Started CourseworkApplicationTests in 3.949 seconds (JVM running for 7.096)
2022-08-16 17:56:40.123  INFO 68960 --- [main] o.t.d.DockerClientProviderStrategy       : Loaded org.testcontainers.dockerclient.NpipeSocketClientProviderStrategy from ~/.testcontainers.properties, will try it first
2022-08-16 17:56:40.840  INFO 68960 --- [main] o.t.d.DockerClientProviderStrategy       : Found Docker environment with local Npipe socket (npipe:////./pipe/docker_engine)
2022-08-16 17:56:40.842  INFO 68960 --- [main] org.testcontainers.DockerClientFactory   : Docker host IP address is localhost
2022-08-16 17:56:40.873  INFO 68960 --- [main] org.testcontainers.DockerClientFactory   : Connected to docker: 
  Server Version: 20.10.17
  API Version: 1.41
  Operating System: Docker Desktop
  Total Memory: 3909 MB
2022-08-16 17:56:40.916  INFO 68960 --- [main] üê≥ [testcontainers/ryuk:0.3.3]           : Creating container for image: testcontainers/ryuk:0.3.3
2022-08-16 17:56:41.386  INFO 68960 --- [main] o.t.utility.RegistryAuthLocator          : Credential helper/store (docker-credential-desktop) does not have credentials for https://index.docker.io/v1/
2022-08-16 17:56:41.604  INFO 68960 --- [main] üê≥ [testcontainers/ryuk:0.3.3]           : Container testcontainers/ryuk:0.3.3 is starting: e88afda803a9cd808cc21239536843ba1a29f94ae0b58a0f6ea54e5a7f8e45b0
2022-08-16 17:56:43.030  INFO 68960 --- [main] üê≥ [testcontainers/ryuk:0.3.3]           : Container testcontainers/ryuk:0.3.3 started in PT2.1435059S
2022-08-16 17:56:43.053  INFO 68960 --- [main] o.t.utility.RyukResourceReaper           : Ryuk started - will monitor and terminate Testcontainers containers on JVM exit
2022-08-16 17:56:43.054  INFO 68960 --- [main] org.testcontainers.DockerClientFactory   : Checking the system...
2022-08-16 17:56:43.056  INFO 68960 --- [main] org.testcontainers.DockerClientFactory   : ‚úîÔ∏é Docker server version should be at least 1.6.0
2022-08-16 17:56:43.056  INFO 68960 --- [main] üê≥ [backend:1.0]                         : Creating container for image: backend:1.0
2022-08-16 17:56:43.149  INFO 68960 --- [main] üê≥ [backend:1.0]                         : Container backend:1.0 is starting: e5dc36e16dd9890ffab6fea984de133283bc6795ecbd658b6378b6bb136c749c
2022-08-16 17:56:52.286  INFO 68960 --- [main] üê≥ [backend:1.0]                         : Container backend:1.0 started in PT9.2269484S
2022-08-16 17:56:53.836  INFO 68960 --- [main] üê≥ [backend:1.0]                         : Creating container for image: backend:1.0
2022-08-16 17:56:53.967  INFO 68960 --- [main] üê≥ [backend:1.0]                         : Container backend:1.0 is starting: 0ee87a0fefe2d209d253c6aa0248957954bf956c82e20b873c9c6636f7f7bfb1
2022-08-16 17:56:59.724  INFO 68960 --- [main] üê≥ [backend:1.0]                         : Container backend:1.0 started in PT5.8876123S
2022-08-16 17:58:37.175  INFO 69348 --- [main] c.e.c.CourseworkApplicationTests         : Starting CourseworkApplicationTests using Java 17.0.4 on DESKTOP-O6BUNA7 with PID 69348 (started by User in C:\Users\User\IdeaProjects\netology\src\netology\jd\springboot\coursework)
2022-08-16 17:58:37.178  INFO 69348 --- [main] c.e.c.CourseworkApplicationTests         : No active profile set, falling back to 1 default profile: "default"
2022-08-16 17:58:38.967  INFO 69348 --- [main] o.s.b.w.embedded.tomcat.TomcatWebServer  : Tomcat initialized with port(s): 0 (http)
2022-08-16 17:58:38.983  INFO 69348 --- [main] o.apache.catalina.core.StandardService   : Starting service [Tomcat]
2022-08-16 17:58:38.984  INFO 69348 --- [main] org.apache.catalina.core.StandardEngine  : Starting Servlet engine: [Apache Tomcat/9.0.65]
2022-08-16 17:58:39.159  INFO 69348 --- [main] o.a.c.c.C.[Tomcat].[localhost].[/]       : Initializing Spring embedded WebApplicationContext
2022-08-16 17:58:39.159  INFO 69348 --- [main] w.s.c.ServletWebServerApplicationContext : Root WebApplicationContext: initialization completed in 1949 ms
2022-08-16 17:58:40.073  INFO 69348 --- [main] o.s.b.w.embedded.tomcat.TomcatWebServer  : Tomcat started on port(s): 53980 (http) with context path ''
2022-08-16 17:58:40.086  INFO 69348 --- [main] c.e.c.CourseworkApplicationTests         : Started CourseworkApplicationTests in 3.454 seconds (JVM running for 5.228)
2022-08-16 17:58:40.707  INFO 69348 --- [main] o.t.d.DockerClientProviderStrategy       : Loaded org.testcontainers.dockerclient.NpipeSocketClientProviderStrategy from ~/.testcontainers.properties, will try it first
2022-08-16 17:58:41.265  INFO 69348 --- [main] o.t.d.DockerClientProviderStrategy       : Found Docker environment with local Npipe socket (npipe:////./pipe/docker_engine)
2022-08-16 17:58:41.267  INFO 69348 --- [main] org.testcontainers.DockerClientFactory   : Docker host IP address is localhost
2022-08-16 17:58:41.298  INFO 69348 --- [main] org.testcontainers.DockerClientFactory   : Connected to docker: 
  Server Version: 20.10.17
  API Version: 1.41
  Operating System: Docker Desktop
  Total Memory: 3909 MB
2022-08-16 17:58:41.330  INFO 69348 --- [main] üê≥ [testcontainers/ryuk:0.3.3]           : Creating container for image: testcontainers/ryuk:0.3.3
2022-08-16 17:58:41.642  INFO 69348 --- [main] o.t.utility.RegistryAuthLocator          : Credential helper/store (docker-credential-desktop) does not have credentials for https://index.docker.io/v1/
2022-08-16 17:58:41.838  INFO 69348 --- [main] üê≥ [testcontainers/ryuk:0.3.3]           : Container testcontainers/ryuk:0.3.3 is starting: f1c3e23a1631dc8871fec2f1bef852fb2ba81eefd2d55143da11062c55bb1938
2022-08-16 17:58:42.851  INFO 69348 --- [main] üê≥ [testcontainers/ryuk:0.3.3]           : Container testcontainers/ryuk:0.3.3 started in PT1.5427474S
2022-08-16 17:58:42.860  INFO 69348 --- [main] o.t.utility.RyukResourceReaper           : Ryuk started - will monitor and terminate Testcontainers containers on JVM exit
2022-08-16 17:58:42.861  INFO 69348 --- [main] org.testcontainers.DockerClientFactory   : Checking the system...
2022-08-16 17:58:42.861  INFO 69348 --- [main] org.testcontainers.DockerClientFactory   : ‚úîÔ∏é Docker server version should be at least 1.6.0
2022-08-16 17:58:42.862  INFO 69348 --- [main] üê≥ [backend:1.0]                         : Creating container for image: backend:1.0
2022-08-16 17:58:42.949  INFO 69348 --- [main] üê≥ [backend:1.0]                         : Container backend:1.0 is starting: 4e36ee70d28dcb12ed8e556571dbb9c86df8b71b5c7c1dbc4ee3eb75ddd8c6e1
2022-08-16 17:58:47.730  INFO 69348 --- [main] üê≥ [backend:1.0]                         : Container backend:1.0 started in PT4.8686705S
2022-08-16 17:58:48.929  INFO 69348 --- [main] üê≥ [backend:1.0]                         : Creating container for image: backend:1.0
2022-08-16 17:58:49.021  INFO 69348 --- [main] üê≥ [backend:1.0]                         : Container backend:1.0 is starting: 894a06832b0201dbf7ab9cacca9e69b1a6e6b12e00b29a9d16f7762353bf2d78
2022-08-16 17:58:53.973  INFO 69348 --- [main] üê≥ [backend:1.0]                         : Container backend:1.0 started in PT5.0438202S
2022-08-16 18:05:40.216  INFO 70460 --- [main] c.e.c.CourseworkApplicationTests         : Starting CourseworkApplicationTests using Java 17.0.4 on DESKTOP-O6BUNA7 with PID 70460 (started by User in C:\Users\User\IdeaProjects\netology\src\netology\jd\springboot\coursework)
2022-08-16 18:05:40.219  INFO 70460 --- [main] c.e.c.CourseworkApplicationTests         : No active profile set, falling back to 1 default profile: "default"
2022-08-16 18:05:42.047  INFO 70460 --- [main] o.s.b.w.embedded.tomcat.TomcatWebServer  : Tomcat initialized with port(s): 0 (http)
2022-08-16 18:05:42.064  INFO 70460 --- [main] o.apache.catalina.core.StandardService   : Starting service [Tomcat]
2022-08-16 18:05:42.065  INFO 70460 --- [main] org.apache.catalina.core.StandardEngine  : Starting Servlet engine: [Apache Tomcat/9.0.65]
2022-08-16 18:05:42.225  INFO 70460 --- [main] o.a.c.c.C.[Tomcat].[localhost].[/]       : Initializing Spring embedded WebApplicationContext
2022-08-16 18:05:42.225  INFO 70460 --- [main] w.s.c.ServletWebServerApplicationContext : Root WebApplicationContext: initialization completed in 1970 ms
2022-08-16 18:05:43.219  INFO 70460 --- [main] o.s.b.w.embedded.tomcat.TomcatWebServer  : Tomcat started on port(s): 54217 (http) with context path ''
2022-08-16 18:05:43.239  INFO 70460 --- [main] c.e.c.CourseworkApplicationTests         : Started CourseworkApplicationTests in 3.48 seconds (JVM running for 5.516)
2022-08-16 18:05:43.904  INFO 70460 --- [main] o.t.d.DockerClientProviderStrategy       : Loaded org.testcontainers.dockerclient.NpipeSocketClientProviderStrategy from ~/.testcontainers.properties, will try it first
2022-08-16 18:05:44.503  INFO 70460 --- [main] o.t.d.DockerClientProviderStrategy       : Found Docker environment with local Npipe socket (npipe:////./pipe/docker_engine)
2022-08-16 18:05:44.505  INFO 70460 --- [main] org.testcontainers.DockerClientFactory   : Docker host IP address is localhost
2022-08-16 18:05:44.552  INFO 70460 --- [main] org.testcontainers.DockerClientFactory   : Connected to docker: 
  Server Version: 20.10.17
  API Version: 1.41
  Operating System: Docker Desktop
  Total Memory: 3909 MB
2022-08-16 18:05:44.588  INFO 70460 --- [main] üê≥ [testcontainers/ryuk:0.3.3]           : Creating container for image: testcontainers/ryuk:0.3.3
2022-08-16 18:05:44.883  INFO 70460 --- [main] o.t.utility.RegistryAuthLocator          : Credential helper/store (docker-credential-desktop) does not have credentials for https://index.docker.io/v1/
2022-08-16 18:05:45.085  INFO 70460 --- [main] üê≥ [testcontainers/ryuk:0.3.3]           : Container testcontainers/ryuk:0.3.3 is starting: 8943f0daebdc4af615602b0316756582c4c7b85a81a44a51a8e0e2c51f555efb
2022-08-16 18:05:46.474  INFO 70460 --- [main] üê≥ [testcontainers/ryuk:0.3.3]           : Container testcontainers/ryuk:0.3.3 started in PT1.9114785S
2022-08-16 18:05:46.483  INFO 70460 --- [main] o.t.utility.RyukResourceReaper           : Ryuk started - will monitor and terminate Testcontainers containers on JVM exit
2022-08-16 18:05:46.484  INFO 70460 --- [main] org.testcontainers.DockerClientFactory   : Checking the system...
2022-08-16 18:05:46.485  INFO 70460 --- [main] org.testcontainers.DockerClientFactory   : ‚úîÔ∏é Docker server version should be at least 1.6.0
2022-08-16 18:05:46.486  INFO 70460 --- [main] üê≥ [backend:1.0]                         : Creating container for image: backend:1.0
2022-08-16 18:05:46.606  INFO 70460 --- [main] üê≥ [backend:1.0]                         : Container backend:1.0 is starting: 3ebc7aa566802df674c279f62625578faaa517ff46c23f145179598f4cf2745b
2022-08-16 18:05:55.436  INFO 70460 --- [main] üê≥ [backend:1.0]                         : Container backend:1.0 started in PT8.9506213S
2022-08-16 18:05:56.774  INFO 70460 --- [main] üê≥ [backend:1.0]                         : Creating container for image: backend:1.0
2022-08-16 18:05:56.931  INFO 70460 --- [main] üê≥ [backend:1.0]                         : Container backend:1.0 is starting: 31a855bcc79633ec157cb7364753fb624375bb802b91d31fb5c514ee8ededfbd
2022-08-16 18:06:02.834  INFO 70460 --- [main] üê≥ [backend:1.0]                         : Container backend:1.0 started in PT6.0606727S
2022-08-16 18:06:04.061  INFO 70460 --- [main] üê≥ [backend:1.0]                         : Creating container for image: backend:1.0
2022-08-16 18:06:04.196  INFO 70460 --- [main] üê≥ [backend:1.0]                         : Container backend:1.0 is starting: ebd49e7bbf4d6348f72ccdffbec22469e6f30906c666dd30d6ac66a03b81eb31
2022-08-16 18:06:09.505  INFO 70460 --- [main] üê≥ [backend:1.0]                         : Container backend:1.0 started in PT5.4448703S
2022-08-16 18:09:54.253  INFO 71372 --- [main] c.e.c.CourseworkApplicationTests         : Starting CourseworkApplicationTests using Java 17.0.4 on DESKTOP-O6BUNA7 with PID 71372 (started by User in C:\Users\User\IdeaProjects\netology\src\netology\jd\springboot\coursework)
2022-08-16 18:09:54.255  INFO 71372 --- [main] c.e.c.CourseworkApplicationTests         : No active profile set, falling back to 1 default profile: "default"
2022-08-16 18:09:56.191  INFO 71372 --- [main] o.s.b.w.embedded.tomcat.TomcatWebServer  : Tomcat initialized with port(s): 0 (http)
2022-08-16 18:09:56.205  INFO 71372 --- [main] o.apache.catalina.core.StandardService   : Starting service [Tomcat]
2022-08-16 18:09:56.206  INFO 71372 --- [main] org.apache.catalina.core.StandardEngine  : Starting Servlet engine: [Apache Tomcat/9.0.65]
2022-08-16 18:09:56.384  INFO 71372 --- [main] o.a.c.c.C.[Tomcat].[localhost].[/]       : Initializing Spring embedded WebApplicationContext
2022-08-16 18:09:56.384  INFO 71372 --- [main] w.s.c.ServletWebServerApplicationContext : Root WebApplicationContext: initialization completed in 2101 ms
2022-08-16 18:09:57.685  INFO 71372 --- [main] o.s.b.w.embedded.tomcat.TomcatWebServer  : Tomcat started on port(s): 54375 (http) with context path ''
2022-08-16 18:09:57.701  INFO 71372 --- [main] c.e.c.CourseworkApplicationTests         : Started CourseworkApplicationTests in 3.99 seconds (JVM running for 6.075)
2022-08-16 18:09:58.535  INFO 71372 --- [main] o.t.d.DockerClientProviderStrategy       : Loaded org.testcontainers.dockerclient.NpipeSocketClientProviderStrategy from ~/.testcontainers.properties, will try it first
2022-08-16 18:09:59.133  INFO 71372 --- [main] o.t.d.DockerClientProviderStrategy       : Found Docker environment with local Npipe socket (npipe:////./pipe/docker_engine)
2022-08-16 18:09:59.135  INFO 71372 --- [main] org.testcontainers.DockerClientFactory   : Docker host IP address is localhost
2022-08-16 18:09:59.164  INFO 71372 --- [main] org.testcontainers.DockerClientFactory   : Connected to docker: 
  Server Version: 20.10.17
  API Version: 1.41
  Operating System: Docker Desktop
  Total Memory: 3909 MB
2022-08-16 18:09:59.198  INFO 71372 --- [main] üê≥ [testcontainers/ryuk:0.3.3]           : Creating container for image: testcontainers/ryuk:0.3.3
2022-08-16 18:09:59.480  INFO 71372 --- [main] o.t.utility.RegistryAuthLocator          : Credential helper/store (docker-credential-desktop) does not have credentials for https://index.docker.io/v1/
2022-08-16 18:09:59.685  INFO 71372 --- [main] üê≥ [testcontainers/ryuk:0.3.3]           : Container testcontainers/ryuk:0.3.3 is starting: 273645709ff80ffedfc8e0330d83a958e1f3e3dce9ace11308c9466619bfbba8
2022-08-16 18:10:00.642  INFO 71372 --- [main] üê≥ [testcontainers/ryuk:0.3.3]           : Container testcontainers/ryuk:0.3.3 started in PT1.4681275S
2022-08-16 18:10:00.655  INFO 71372 --- [main] o.t.utility.RyukResourceReaper           : Ryuk started - will monitor and terminate Testcontainers containers on JVM exit
2022-08-16 18:10:00.655  INFO 71372 --- [main] org.testcontainers.DockerClientFactory   : Checking the system...
2022-08-16 18:10:00.657  INFO 71372 --- [main] org.testcontainers.DockerClientFactory   : ‚úîÔ∏é Docker server version should be at least 1.6.0
2022-08-16 18:10:00.659  INFO 71372 --- [main] üê≥ [backend:1.0]                         : Creating container for image: backend:1.0
2022-08-16 18:10:00.750  INFO 71372 --- [main] üê≥ [backend:1.0]                         : Container backend:1.0 is starting: 7a4846dc1f9e54233ad8b5a46d5de18e322e2449e08c8f74aea39313422cfa5b
2022-08-16 18:10:07.956  INFO 71372 --- [main] üê≥ [backend:1.0]                         : Container backend:1.0 started in PT7.2977318S
2022-08-16 18:10:09.642  INFO 71372 --- [main] üê≥ [backend:1.0]                         : Creating container for image: backend:1.0
2022-08-16 18:10:09.774  INFO 71372 --- [main] üê≥ [backend:1.0]                         : Container backend:1.0 is starting: 9174d2c2ae4d3efc5f2ecc1d8fe5cf2ac4ad8fe027c92c42bacf04b928ea3eeb
2022-08-16 18:10:19.018  INFO 71372 --- [main] üê≥ [backend:1.0]                         : Container backend:1.0 started in PT9.3763942S
2022-08-16 18:10:20.326  INFO 71372 --- [main] üê≥ [backend:1.0]                         : Creating container for image: backend:1.0
2022-08-16 18:10:20.445  INFO 71372 --- [main] üê≥ [backend:1.0]                         : Container backend:1.0 is starting: 3d56f3ca616b595198f8f1ebff61fbc2c85704a164f77243fff05654bf485d63
2022-08-16 18:10:30.687  INFO 71372 --- [main] üê≥ [backend:1.0]                         : Container backend:1.0 started in PT10.360588S
2022-08-16 18:10:32.679  INFO 71372 --- [main] üê≥ [backend:1.0]                         : Creating container for image: backend:1.0
2022-08-16 18:10:32.793  INFO 71372 --- [main] üê≥ [backend:1.0]                         : Container backend:1.0 is starting: 86155e55da01547adee1550fdc18f43920a82692281be93cbdb8d2698195081c
2022-08-16 18:10:42.216  INFO 71372 --- [main] üê≥ [backend:1.0]                         : Container backend:1.0 started in PT9.5372068S
2022-08-16 18:17:52.818  INFO 67876 --- [main] c.e.c.CourseworkApplicationTests         : Starting CourseworkApplicationTests using Java 17.0.4 on DESKTOP-O6BUNA7 with PID 67876 (started by User in C:\Users\User\IdeaProjects\netology\src\netology\jd\springboot\coursework)
2022-08-16 18:17:52.820  INFO 67876 --- [main] c.e.c.CourseworkApplicationTests         : No active profile set, falling back to 1 default profile: "default"
2022-08-16 18:17:54.509  INFO 67876 --- [main] o.s.b.w.embedded.tomcat.TomcatWebServer  : Tomcat initialized with port(s): 0 (http)
2022-08-16 18:17:54.523  INFO 67876 --- [main] o.apache.catalina.core.StandardService   : Starting service [Tomcat]
2022-08-16 18:17:54.524  INFO 67876 --- [main] org.apache.catalina.core.StandardEngine  : Starting Servlet engine: [Apache Tomcat/9.0.65]
2022-08-16 18:17:54.687  INFO 67876 --- [main] o.a.c.c.C.[Tomcat].[localhost].[/]       : Initializing Spring embedded WebApplicationContext
2022-08-16 18:17:54.687  INFO 67876 --- [main] w.s.c.ServletWebServerApplicationContext : Root WebApplicationContext: initialization completed in 1837 ms
2022-08-16 18:17:55.721  INFO 67876 --- [main] o.s.b.w.embedded.tomcat.TomcatWebServer  : Tomcat started on port(s): 60522 (http) with context path ''
2022-08-16 18:17:55.736  INFO 67876 --- [main] c.e.c.CourseworkApplicationTests         : Started CourseworkApplicationTests in 3.375 seconds (JVM running for 5.143)
2022-08-16 18:17:56.481  INFO 67876 --- [main] o.t.d.DockerClientProviderStrategy       : Loaded org.testcontainers.dockerclient.NpipeSocketClientProviderStrategy from ~/.testcontainers.properties, will try it first
2022-08-16 18:17:57.084  INFO 67876 --- [main] o.t.d.DockerClientProviderStrategy       : Found Docker environment with local Npipe socket (npipe:////./pipe/docker_engine)
2022-08-16 18:17:57.086  INFO 67876 --- [main] org.testcontainers.DockerClientFactory   : Docker host IP address is localhost
2022-08-16 18:17:57.116  INFO 67876 --- [main] org.testcontainers.DockerClientFactory   : Connected to docker: 
  Server Version: 20.10.17
  API Version: 1.41
  Operating System: Docker Desktop
  Total Memory: 3909 MB
2022-08-16 18:17:57.154  INFO 67876 --- [main] üê≥ [testcontainers/ryuk:0.3.3]           : Creating container for image: testcontainers/ryuk:0.3.3
2022-08-16 18:17:57.564  INFO 67876 --- [main] o.t.utility.RegistryAuthLocator          : Credential helper/store (docker-credential-desktop) does not have credentials for https://index.docker.io/v1/
2022-08-16 18:17:57.770  INFO 67876 --- [main] üê≥ [testcontainers/ryuk:0.3.3]           : Container testcontainers/ryuk:0.3.3 is starting: a8bd702c90e4336f6fbccc16f9f5ab440a5399c3099b1790596e26cedd3d8fd9
2022-08-16 18:17:58.600  INFO 67876 --- [main] üê≥ [testcontainers/ryuk:0.3.3]           : Container testcontainers/ryuk:0.3.3 started in PT1.4712394S
2022-08-16 18:17:58.607  INFO 67876 --- [main] o.t.utility.RyukResourceReaper           : Ryuk started - will monitor and terminate Testcontainers containers on JVM exit
2022-08-16 18:17:58.608  INFO 67876 --- [main] org.testcontainers.DockerClientFactory   : Checking the system...
2022-08-16 18:17:58.609  INFO 67876 --- [main] org.testcontainers.DockerClientFactory   : ‚úîÔ∏é Docker server version should be at least 1.6.0
2022-08-16 18:17:58.611  INFO 67876 --- [main] üê≥ [backend:1.0]                         : Creating container for image: backend:1.0
2022-08-16 18:17:58.678  INFO 67876 --- [main] üê≥ [backend:1.0]                         : Container backend:1.0 is starting: bd6cf6196c2096e2df59c7fd935b06f1838a865a4967c7264816ae7961c66420
2022-08-16 18:18:05.199  INFO 67876 --- [main] üê≥ [backend:1.0]                         : Container backend:1.0 started in PT6.5884586S
2022-08-16 18:18:06.590  INFO 67876 --- [main] üê≥ [backend:1.0]                         : Creating container for image: backend:1.0
2022-08-16 18:18:08.409  INFO 67876 --- [main] üê≥ [backend:1.0]                         : Container backend:1.0 is starting: 6746497cea133a1ffa659d1b8a5ac00f8509bf8c749066c081418a613490275f
2022-08-16 18:18:14.046  INFO 67876 --- [main] üê≥ [backend:1.0]                         : Container backend:1.0 started in PT7.4560702S
2022-08-16 18:18:15.178  INFO 67876 --- [main] üê≥ [backend:1.0]                         : Creating container for image: backend:1.0
2022-08-16 18:18:15.268  INFO 67876 --- [main] üê≥ [backend:1.0]                         : Container backend:1.0 is starting: a30e59323e83f30624cbce93cb2fa9dfb0acd6b57e7c379cf281cec405086fde
2022-08-16 18:18:21.077  INFO 67876 --- [main] üê≥ [backend:1.0]                         : Container backend:1.0 started in PT5.9005237S
2022-08-16 18:18:22.241  INFO 67876 --- [main] üê≥ [backend:1.0]                         : Creating container for image: backend:1.0
2022-08-16 18:18:22.331  INFO 67876 --- [main] üê≥ [backend:1.0]                         : Container backend:1.0 is starting: c63b3a4271bf21db559f28678ff9796080ecf0415c9a1aa6b4bfbd3ef4844d98
2022-08-16 18:18:28.067  INFO 67876 --- [main] üê≥ [backend:1.0]                         : Container backend:1.0 started in PT5.8268842S
2022-08-16 18:18:29.152  INFO 67876 --- [main] üê≥ [backend:1.0]                         : Creating container for image: backend:1.0
2022-08-16 18:18:29.279  INFO 67876 --- [main] üê≥ [backend:1.0]                         : Container backend:1.0 is starting: c9add61aa40ae1fed021e4f47a91c72ec877cd4c6269093fcd4c394011b5e458
2022-08-16 18:18:34.921  INFO 67876 --- [main] üê≥ [backend:1.0]                         : Container backend:1.0 started in PT5.7690121S
2022-08-16 18:18:35.501  INFO 67876 --- [main] üê≥ [backend:1.0]                         : Creating container for image: backend:1.0
2022-08-16 18:18:35.603  INFO 67876 --- [main] üê≥ [backend:1.0]                         : Container backend:1.0 is starting: df25f058ebbef4d6b3323f349457ad2e02648b484725c4c11775de842902cbf0
2022-08-16 18:18:40.677  INFO 67876 --- [main] üê≥ [backend:1.0]                         : Container backend:1.0 started in PT5.176815S
2022-08-16 18:22:29.656  INFO 65496 --- [main] c.e.c.CourseworkApplicationTests         : Starting CourseworkApplicationTests using Java 17.0.4 on DESKTOP-O6BUNA7 with PID 65496 (started by User in C:\Users\User\IdeaProjects\netology\src\netology\jd\springboot\coursework)
2022-08-16 18:22:29.658  INFO 65496 --- [main] c.e.c.CourseworkApplicationTests         : No active profile set, falling back to 1 default profile: "default"
2022-08-16 18:22:31.349  INFO 65496 --- [main] o.s.b.w.embedded.tomcat.TomcatWebServer  : Tomcat initialized with port(s): 0 (http)
2022-08-16 18:22:31.362  INFO 65496 --- [main] o.apache.catalina.core.StandardService   : Starting service [Tomcat]
2022-08-16 18:22:31.362  INFO 65496 --- [main] org.apache.catalina.core.StandardEngine  : Starting Servlet engine: [Apache Tomcat/9.0.65]
2022-08-16 18:22:31.513  INFO 65496 --- [main] o.a.c.c.C.[Tomcat].[localhost].[/]       : Initializing Spring embedded WebApplicationContext
2022-08-16 18:22:31.513  INFO 65496 --- [main] w.s.c.ServletWebServerApplicationContext : Root WebApplicationContext: initialization completed in 1827 ms
2022-08-16 18:22:32.447  INFO 65496 --- [main] o.s.b.w.embedded.tomcat.TomcatWebServer  : Tomcat started on port(s): 60705 (http) with context path ''
2022-08-16 18:22:32.459  INFO 65496 --- [main] c.e.c.CourseworkApplicationTests         : Started CourseworkApplicationTests in 3.236 seconds (JVM running for 4.898)
2022-08-16 18:22:33.107  INFO 65496 --- [main] o.t.d.DockerClientProviderStrategy       : Loaded org.testcontainers.dockerclient.NpipeSocketClientProviderStrategy from ~/.testcontainers.properties, will try it first
2022-08-16 18:22:33.781  INFO 65496 --- [main] o.t.d.DockerClientProviderStrategy       : Found Docker environment with local Npipe socket (npipe:////./pipe/docker_engine)
2022-08-16 18:22:33.783  INFO 65496 --- [main] org.testcontainers.DockerClientFactory   : Docker host IP address is localhost
2022-08-16 18:22:33.812  INFO 65496 --- [main] org.testcontainers.DockerClientFactory   : Connected to docker: 
  Server Version: 20.10.17
  API Version: 1.41
  Operating System: Docker Desktop
  Total Memory: 3909 MB
2022-08-16 18:22:33.844  INFO 65496 --- [main] üê≥ [testcontainers/ryuk:0.3.3]           : Creating container for image: testcontainers/ryuk:0.3.3
2022-08-16 18:22:34.097  INFO 65496 --- [main] o.t.utility.RegistryAuthLocator          : Credential helper/store (docker-credential-desktop) does not have credentials for https://index.docker.io/v1/
2022-08-16 18:22:34.275  INFO 65496 --- [main] üê≥ [testcontainers/ryuk:0.3.3]           : Container testcontainers/ryuk:0.3.3 is starting: 9e503aa640302a3f7e4b45b4f67301e52367a37c05a1948d002995762cdd2e17
2022-08-16 18:22:35.128  INFO 65496 --- [main] üê≥ [testcontainers/ryuk:0.3.3]           : Container testcontainers/ryuk:0.3.3 started in PT1.3062662S
2022-08-16 18:22:35.143  INFO 65496 --- [main] o.t.utility.RyukResourceReaper           : Ryuk started - will monitor and terminate Testcontainers containers on JVM exit
2022-08-16 18:22:35.143  INFO 65496 --- [main] org.testcontainers.DockerClientFactory   : Checking the system...
2022-08-16 18:22:35.144  INFO 65496 --- [main] org.testcontainers.DockerClientFactory   : ‚úîÔ∏é Docker server version should be at least 1.6.0
2022-08-16 18:22:35.144  INFO 65496 --- [main] üê≥ [backend:1.0]                         : Creating container for image: backend:1.0
2022-08-16 18:22:35.223  INFO 65496 --- [main] üê≥ [backend:1.0]                         : Container backend:1.0 is starting: 10eafc66d86e29a8e22599f9de8534b797f247212df970de011d0cb1c2749151
2022-08-16 18:22:40.199  INFO 65496 --- [main] üê≥ [backend:1.0]                         : Container backend:1.0 started in PT5.0546632S
2022-08-16 18:22:41.298  INFO 65496 --- [main] üê≥ [backend:1.0]                         : Creating container for image: backend:1.0
2022-08-16 18:22:41.378  INFO 65496 --- [main] üê≥ [backend:1.0]                         : Container backend:1.0 is starting: ada2a94c93e63f647de1253a7e9d3c9ef89de22b9dd983f120ebc19ed3a141a0
2022-08-16 18:22:46.523  INFO 65496 --- [main] üê≥ [backend:1.0]                         : Container backend:1.0 started in PT5.2250136S
2022-08-16 18:22:47.598  INFO 65496 --- [main] üê≥ [backend:1.0]                         : Creating container for image: backend:1.0
2022-08-16 18:22:47.688  INFO 65496 --- [main] üê≥ [backend:1.0]                         : Container backend:1.0 is starting: 5a07fe60a185d49a87d3db00a9608b25d2ac703ce09447ee9714421ea8b22fbb
2022-08-16 18:22:52.492  INFO 65496 --- [main] üê≥ [backend:1.0]                         : Container backend:1.0 started in PT4.8940953S
2022-08-16 18:22:53.611  INFO 65496 --- [main] üê≥ [backend:1.0]                         : Creating container for image: backend:1.0
2022-08-16 18:22:53.706  INFO 65496 --- [main] üê≥ [backend:1.0]                         : Container backend:1.0 is starting: 4996eb7250996acae7d0a06ada07dc0d98b7b1ef75cc04d7ea45bb7f19a2f615
2022-08-16 18:22:59.393  INFO 65496 --- [main] üê≥ [backend:1.0]                         : Container backend:1.0 started in PT5.7821036S
2022-08-16 18:23:00.428  INFO 65496 --- [main] üê≥ [backend:1.0]                         : Creating container for image: backend:1.0
2022-08-16 18:23:00.531  INFO 65496 --- [main] üê≥ [backend:1.0]                         : Container backend:1.0 is starting: db73afa762db369d481ae162506faacd9c0e6633910c2f5391b9997067193dd8
2022-08-16 18:23:05.332  INFO 65496 --- [main] üê≥ [backend:1.0]                         : Container backend:1.0 started in PT4.9038217S
2022-08-16 18:23:06.002  INFO 65496 --- [main] üê≥ [backend:1.0]                         : Creating container for image: backend:1.0
2022-08-16 18:23:06.093  INFO 65496 --- [main] üê≥ [backend:1.0]                         : Container backend:1.0 is starting: 92ebc52e4401f7413b7c703a58f469bbf9cc814b5488ec8449586f55246614fa
2022-08-16 18:23:11.070  INFO 65496 --- [main] üê≥ [backend:1.0]                         : Container backend:1.0 started in PT5.0679162S
2022-08-16 18:35:37.408  INFO 75552 --- [main] c.e.c.CourseworkApplicationTests         : Starting CourseworkApplicationTests using Java 17.0.4 on DESKTOP-O6BUNA7 with PID 75552 (started by User in C:\Users\User\IdeaProjects\netology\src\netology\jd\springboot\coursework)
2022-08-16 18:35:37.410  INFO 75552 --- [main] c.e.c.CourseworkApplicationTests         : No active profile set, falling back to 1 default profile: "default"
2022-08-16 18:35:40.049  INFO 75552 --- [main] o.s.b.w.embedded.tomcat.TomcatWebServer  : Tomcat initialized with port(s): 0 (http)
2022-08-16 18:35:40.070  INFO 75552 --- [main] o.apache.catalina.core.StandardService   : Starting service [Tomcat]
2022-08-16 18:35:40.071  INFO 75552 --- [main] org.apache.catalina.core.StandardEngine  : Starting Servlet engine: [Apache Tomcat/9.0.65]
2022-08-16 18:35:40.395  INFO 75552 --- [main] o.a.c.c.C.[Tomcat].[localhost].[/]       : Initializing Spring embedded WebApplicationContext
2022-08-16 18:35:40.395  INFO 75552 --- [main] w.s.c.ServletWebServerApplicationContext : Root WebApplicationContext: initialization completed in 2949 ms
2022-08-16 18:35:41.432  INFO 75552 --- [main] o.s.b.w.embedded.tomcat.TomcatWebServer  : Tomcat started on port(s): 58385 (http) with context path ''
2022-08-16 18:35:41.448  INFO 75552 --- [main] c.e.c.CourseworkApplicationTests         : Started CourseworkApplicationTests in 4.588 seconds (JVM running for 8.403)
2022-08-16 18:35:42.362  INFO 75552 --- [main] o.t.d.DockerClientProviderStrategy       : Loaded org.testcontainers.dockerclient.NpipeSocketClientProviderStrategy from ~/.testcontainers.properties, will try it first
2022-08-16 18:35:43.684  INFO 75552 --- [main] o.t.d.DockerClientProviderStrategy       : Found Docker environment with local Npipe socket (npipe:////./pipe/docker_engine)
2022-08-16 18:35:43.686  INFO 75552 --- [main] org.testcontainers.DockerClientFactory   : Docker host IP address is localhost
2022-08-16 18:35:43.723  INFO 75552 --- [main] org.testcontainers.DockerClientFactory   : Connected to docker: 
  Server Version: 20.10.17
  API Version: 1.41
  Operating System: Docker Desktop
  Total Memory: 3909 MB
2022-08-16 18:35:43.868  INFO 75552 --- [main] üê≥ [testcontainers/ryuk:0.3.3]           : Creating container for image: testcontainers/ryuk:0.3.3
2022-08-16 18:35:44.321  INFO 75552 --- [main] o.t.utility.RegistryAuthLocator          : Credential helper/store (docker-credential-desktop) does not have credentials for https://index.docker.io/v1/
2022-08-16 18:35:45.190  INFO 75552 --- [main] üê≥ [testcontainers/ryuk:0.3.3]           : Container testcontainers/ryuk:0.3.3 is starting: 4eda3a297066ce4f2a9df252f46897181271d195740486e4dfcc36b781027c88
2022-08-16 18:35:51.098  INFO 75552 --- [main] üê≥ [testcontainers/ryuk:0.3.3]           : Container testcontainers/ryuk:0.3.3 started in PT7.360302S
2022-08-16 18:35:51.155  INFO 75552 --- [main] o.t.utility.RyukResourceReaper           : Ryuk started - will monitor and terminate Testcontainers containers on JVM exit
2022-08-16 18:35:51.156  INFO 75552 --- [main] org.testcontainers.DockerClientFactory   : Checking the system...
2022-08-16 18:35:51.158  INFO 75552 --- [main] org.testcontainers.DockerClientFactory   : ‚úîÔ∏é Docker server version should be at least 1.6.0
2022-08-16 18:35:51.159  INFO 75552 --- [main] üê≥ [backend:1.0]                         : Creating container for image: backend:1.0
2022-08-16 18:35:51.293  INFO 75552 --- [main] üê≥ [backend:1.0]                         : Container backend:1.0 is starting: 7aa3d4e264e078da5a283167b9112eb0fda7e65f8bef764834069a804276a14b
2022-08-16 18:36:01.031  INFO 75552 --- [main] üê≥ [backend:1.0]                         : Container backend:1.0 started in PT9.8721204S
2022-08-16 18:36:02.912  INFO 75552 --- [main] üê≥ [backend:1.0]                         : Creating container for image: backend:1.0
2022-08-16 18:36:03.056  INFO 75552 --- [main] üê≥ [backend:1.0]                         : Container backend:1.0 is starting: 280230b82911ef7abd1380f4b49e47cba535dcad8822bce58989940f85b69213
2022-08-16 18:36:11.282  INFO 75552 --- [main] üê≥ [backend:1.0]                         : Container backend:1.0 started in PT8.3700296S
2022-08-16 18:36:12.731  INFO 75552 --- [main] üê≥ [backend:1.0]                         : Creating container for image: backend:1.0
2022-08-16 18:36:12.844  INFO 75552 --- [main] üê≥ [backend:1.0]                         : Container backend:1.0 is starting: 5f4d008f3aefa76e44f922d773dede70d8b092324801281bdff5068cbe86f6a6
2022-08-16 18:36:23.286  INFO 75552 --- [main] üê≥ [backend:1.0]                         : Container backend:1.0 started in PT10.5549454S
2022-08-16 18:36:24.586  INFO 75552 --- [main] üê≥ [backend:1.0]                         : Creating container for image: backend:1.0
2022-08-16 18:36:24.690  INFO 75552 --- [main] üê≥ [backend:1.0]                         : Container backend:1.0 is starting: 553ddabc6110e296b700d63ecf570d95b5ad87480051e3b0e15a12c5d84d70e4
2022-08-16 18:36:31.791  INFO 75552 --- [main] üê≥ [backend:1.0]                         : Container backend:1.0 started in PT7.2048209S
2022-08-16 18:36:33.288  INFO 75552 --- [main] üê≥ [backend:1.0]                         : Creating container for image: backend:1.0
2022-08-16 18:36:33.416  INFO 75552 --- [main] üê≥ [backend:1.0]                         : Container backend:1.0 is starting: b7939427003bd9da74feae61c54246c2f964b0ecbc0cb9c6e1842de1c4d77f69
2022-08-16 18:36:42.436  INFO 75552 --- [main] üê≥ [backend:1.0]                         : Container backend:1.0 started in PT9.1477945S
2022-08-16 18:36:43.191  INFO 75552 --- [main] üê≥ [backend:1.0]                         : Creating container for image: backend:1.0
2022-08-16 18:36:43.304  INFO 75552 --- [main] üê≥ [backend:1.0]                         : Container backend:1.0 is starting: 4493511895d85f04321afe11b1a24c29912081e4ed39a4d29035ce44c2676cbc
2022-08-16 18:36:48.633  INFO 74720 --- [main] c.e.coursework.CourseworkApplication     : Starting CourseworkApplication using Java 17.0.4 on DESKTOP-O6BUNA7 with PID 74720 (C:\Users\User\IdeaProjects\netology\src\netology\jd\springboot\coursework\target\classes started by User in C:\Users\User\IdeaProjects\netology\src\netology\jd\springboot\coursework)
2022-08-16 18:36:48.637  INFO 74720 --- [main] c.e.coursework.CourseworkApplication     : No active profile set, falling back to 1 default profile: "default"
2022-08-16 18:36:50.199  INFO 74720 --- [main] o.s.b.w.embedded.tomcat.TomcatWebServer  : Tomcat initialized with port(s): 5500 (http)
2022-08-16 18:36:50.215  INFO 74720 --- [main] o.apache.catalina.core.StandardService   : Starting service [Tomcat]
2022-08-16 18:36:50.215  INFO 74720 --- [main] org.apache.catalina.core.StandardEngine  : Starting Servlet engine: [Apache Tomcat/9.0.65]
2022-08-16 18:36:50.400  INFO 74720 --- [main] o.a.c.c.C.[Tomcat].[localhost].[/]       : Initializing Spring embedded WebApplicationContext
2022-08-16 18:36:50.401  INFO 74720 --- [main] w.s.c.ServletWebServerApplicationContext : Root WebApplicationContext: initialization completed in 1692 ms
2022-08-16 18:36:51.134  INFO 74720 --- [main] o.s.b.w.embedded.tomcat.TomcatWebServer  : Tomcat started on port(s): 5500 (http) with context path ''
2022-08-16 18:36:51.150  INFO 74720 --- [main] c.e.coursework.CourseworkApplication     : Started CourseworkApplication in 3.018 seconds (JVM running for 5.219)
2022-08-16 18:36:55.116  INFO 75552 --- [main] üê≥ [backend:1.0]                         : Container backend:1.0 started in PT11.9252499S
2022-08-16 18:37:58.508  INFO 74720 --- [http-nio-5500-exec-1] o.a.c.c.C.[Tomcat].[localhost].[/]       : Initializing Spring DispatcherServlet 'dispatcherServlet'
2022-08-16 18:37:58.509  INFO 74720 --- [http-nio-5500-exec-1] o.s.web.servlet.DispatcherServlet        : Initializing Servlet 'dispatcherServlet'
2022-08-16 18:37:58.510  INFO 74720 --- [http-nio-5500-exec-1] o.s.web.servlet.DispatcherServlet        : Completed initialization in 1 ms
2022-08-16 18:37:58.720  WARN 74720 --- [http-nio-5500-exec-1] .w.s.m.s.DefaultHandlerExceptionResolver : Resolved [org.springframework.web.bind.MethodArgumentNotValidException: Validation failed for argument [0] in public com.example.coursework.model.response.SuccessTransferResponse com.example.coursework.controller.TransferController.transfer(com.example.coursework.model.Transfer): [Field error in object 'transfer' on field 'amount.value': rejected value [-1]; codes [Min.transfer.amount.value,Min.amount.value,Min.value,Min.int,Min]; arguments [org.springframework.context.support.DefaultMessageSourceResolvable: codes [transfer.amount.value,amount.value]; arguments []; default message [amount.value],1]; default message [–¥–æ–ª–∂–Ω–æ –±—ã—Ç—å –Ω–µ –º–µ–Ω—å—à–µ 1]] ]
2022-08-16 18:39:04.947  INFO 72732 --- [main] c.e.c.CourseworkApplicationTests         : Starting CourseworkApplicationTests using Java 17.0.4 on DESKTOP-O6BUNA7 with PID 72732 (started by User in C:\Users\User\IdeaProjects\netology\src\netology\jd\springboot\coursework)
2022-08-16 18:39:04.950  INFO 72732 --- [main] c.e.c.CourseworkApplicationTests         : No active profile set, falling back to 1 default profile: "default"
2022-08-16 18:39:06.972  INFO 72732 --- [main] o.s.b.w.embedded.tomcat.TomcatWebServer  : Tomcat initialized with port(s): 0 (http)
2022-08-16 18:39:06.992  INFO 72732 --- [main] o.apache.catalina.core.StandardService   : Starting service [Tomcat]
2022-08-16 18:39:06.993  INFO 72732 --- [main] org.apache.catalina.core.StandardEngine  : Starting Servlet engine: [Apache Tomcat/9.0.65]
2022-08-16 18:39:07.160  INFO 72732 --- [main] o.a.c.c.C.[Tomcat].[localhost].[/]       : Initializing Spring embedded WebApplicationContext
2022-08-16 18:39:07.160  INFO 72732 --- [main] w.s.c.ServletWebServerApplicationContext : Root WebApplicationContext: initialization completed in 2178 ms
2022-08-16 18:39:08.155  INFO 72732 --- [main] o.s.b.w.embedded.tomcat.TomcatWebServer  : Tomcat started on port(s): 56818 (http) with context path ''
2022-08-16 18:39:08.168  INFO 72732 --- [main] c.e.c.CourseworkApplicationTests         : Started CourseworkApplicationTests in 3.711 seconds (JVM running for 5.475)
2022-08-16 18:39:08.935  INFO 72732 --- [main] o.t.d.DockerClientProviderStrategy       : Loaded org.testcontainers.dockerclient.NpipeSocketClientProviderStrategy from ~/.testcontainers.properties, will try it first
2022-08-16 18:39:09.614  INFO 72732 --- [main] o.t.d.DockerClientProviderStrategy       : Found Docker environment with local Npipe socket (npipe:////./pipe/docker_engine)
2022-08-16 18:39:09.618  INFO 72732 --- [main] org.testcontainers.DockerClientFactory   : Docker host IP address is localhost
2022-08-16 18:39:09.664  INFO 72732 --- [main] org.testcontainers.DockerClientFactory   : Connected to docker: 
  Server Version: 20.10.17
  API Version: 1.41
  Operating System: Docker Desktop
  Total Memory: 3909 MB
2022-08-16 18:39:09.699  INFO 72732 --- [main] docker[testcontainers/ryuk:0.3.3]        : Creating container for image: testcontainers/ryuk:0.3.3
2022-08-16 18:39:10.027  INFO 72732 --- [main] o.t.utility.RegistryAuthLocator          : Credential helper/store (docker-credential-desktop) does not have credentials for https://index.docker.io/v1/
2022-08-16 18:39:10.303  INFO 72732 --- [main] docker[testcontainers/ryuk:0.3.3]        : Container testcontainers/ryuk:0.3.3 is starting: 1addbdd7a57410610b8a4f946a563f67e6736b1e8733fe937eb8a6761cddfb13
2022-08-16 18:39:11.424  INFO 72732 --- [main] docker[testcontainers/ryuk:0.3.3]        : Container testcontainers/ryuk:0.3.3 started in PT1.7488694S
2022-08-16 18:39:11.441  INFO 72732 --- [main] o.t.utility.RyukResourceReaper           : Ryuk started - will monitor and terminate Testcontainers containers on JVM exit
2022-08-16 18:39:11.441  INFO 72732 --- [main] org.testcontainers.DockerClientFactory   : Checking the system...
2022-08-16 18:39:11.442  INFO 72732 --- [main] org.testcontainers.DockerClientFactory   : ?? Docker server version should be at least 1.6.0
2022-08-16 18:39:11.443  INFO 72732 --- [main] docker[backend:1.0]                      : Creating container for image: backend:1.0
2022-08-16 18:39:11.613  INFO 72732 --- [main] docker[backend:1.0]                      : Container backend:1.0 is starting: 3db4ad0355bb1712890ec336afde955306312b3d1e062050a31b5791b69b5f2c
2022-08-16 18:39:19.977  INFO 72732 --- [main] docker[backend:1.0]                      : Container backend:1.0 started in PT8.5342095S
2022-08-16 18:39:21.609  INFO 72732 --- [main] docker[backend:1.0]                      : Creating container for image: backend:1.0
2022-08-16 18:39:21.724  INFO 72732 --- [main] docker[backend:1.0]                      : Container backend:1.0 is starting: cf347cc98ab609b8ef430d42bc53b91ef5169594e25d0152d5cae67dc2c7b43a
2022-08-16 18:39:30.169  INFO 72732 --- [main] docker[backend:1.0]                      : Container backend:1.0 started in PT8.5605851S
2022-08-16 18:39:31.708  INFO 72732 --- [main] docker[backend:1.0]                      : Creating container for image: backend:1.0
2022-08-16 18:39:31.971  INFO 72732 --- [main] docker[backend:1.0]                      : Container backend:1.0 is starting: 8907585ce20a6ce1ba8f8b35a5183e11cd4deeae591ba5b09f8118e61d47f672
2022-08-16 18:39:39.912  INFO 72732 --- [main] docker[backend:1.0]                      : Container backend:1.0 started in PT8.2040041S
2022-08-16 18:39:41.482  INFO 72732 --- [main] docker[backend:1.0]                      : Creating container for image: backend:1.0
2022-08-16 18:39:41.596  INFO 72732 --- [main] docker[backend:1.0]                      : Container backend:1.0 is starting: a8e6be011515c3329e92daf347dd3303f2f964bd1df7b62a74a8c5ed5aa08254
2022-08-16 18:39:49.268  INFO 72732 --- [main] docker[backend:1.0]                      : Container backend:1.0 started in PT7.7861031S
2022-08-16 18:39:50.846  INFO 72732 --- [main] docker[backend:1.0]                      : Creating container for image: backend:1.0
2022-08-16 18:39:50.996  INFO 72732 --- [main] docker[backend:1.0]                      : Container backend:1.0 is starting: 56b7cf589c57b6d3894dc8ae787403c409078242e76cc1076867cc259c03cbd5
2022-08-16 18:39:59.119  INFO 72732 --- [main] docker[backend:1.0]                      : Container backend:1.0 started in PT8.2731583S
2022-08-16 18:40:00.314  INFO 72732 --- [main] docker[backend:1.0]                      : Creating container for image: backend:1.0
2022-08-16 18:40:00.486  INFO 72732 --- [main] docker[backend:1.0]                      : Container backend:1.0 is starting: 571c0fa6a33d58d38c2d6b5eda7eeea6d7ce4b21d54af840d1cf5dd50bcd8b70
2022-08-16 18:40:07.943  INFO 72732 --- [main] docker[backend:1.0]                      : Container backend:1.0 started in PT7.629097S
2022-08-16 18:40:09.567  INFO 72732 --- [main] c.e.coursework.service.TransferService   : œÎ‡Ú∏Ê Mock for Transfer, hashCode: 561711442 ·˚Î ÔÓ‰Ú‚ÂÊ‰∏Ì ÔÓ ÒÏÒ Ë ÛÒÔÂ¯ÌÓ ‚˚ÔÓÎÌÂÌ
2022-08-16 18:40:09.574  INFO 72732 --- [main] c.e.coursework.service.TransferService   : œÎ‡ÚÂÊ Mock for Transfer, hashCode: 596848689 ÒÓÁ‰‡Ì. ÕÂÓ·ıÓ‰ËÏÓ ÔÓ‰Ú‚ÂÊ‰ÂÌËÂ ÔÓ ÒÏÒ
2022-08-16 18:40:09.588  INFO 72732 --- [main] c.e.coursework.service.TransferService   : œÎ‡Ú∏Ê Mock for Transfer, hashCode: 132930221 ·˚Î ÔÓ‰Ú‚ÂÊ‰∏Ì ÔÓ ÒÏÒ Ë ÛÒÔÂ¯ÌÓ ‚˚ÔÓÎÌÂÌ
2022-08-16 18:40:58.305  INFO 76348 --- [main] c.e.c.CourseworkApplicationTests         : Starting CourseworkApplicationTests using Java 17.0.4 on DESKTOP-O6BUNA7 with PID 76348 (started by User in C:\Users\User\IdeaProjects\netology\src\netology\jd\springboot\coursework)
2022-08-16 18:40:58.308  INFO 76348 --- [main] c.e.c.CourseworkApplicationTests         : No active profile set, falling back to 1 default profile: "default"
2022-08-16 18:41:00.038  INFO 76348 --- [main] o.s.b.w.embedded.tomcat.TomcatWebServer  : Tomcat initialized with port(s): 0 (http)
2022-08-16 18:41:00.057  INFO 76348 --- [main] o.apache.catalina.core.StandardService   : Starting service [Tomcat]
2022-08-16 18:41:00.058  INFO 76348 --- [main] org.apache.catalina.core.StandardEngine  : Starting Servlet engine: [Apache Tomcat/9.0.65]
2022-08-16 18:41:00.211  INFO 76348 --- [main] o.a.c.c.C.[Tomcat].[localhost].[/]       : Initializing Spring embedded WebApplicationContext
2022-08-16 18:41:00.212  INFO 76348 --- [main] w.s.c.ServletWebServerApplicationContext : Root WebApplicationContext: initialization completed in 1874 ms
2022-08-16 18:41:01.472  INFO 76348 --- [main] o.s.b.w.embedded.tomcat.TomcatWebServer  : Tomcat started on port(s): 65487 (http) with context path ''
2022-08-16 18:41:01.486  INFO 76348 --- [main] c.e.c.CourseworkApplicationTests         : Started CourseworkApplicationTests in 3.726 seconds (JVM running for 5.386)
2022-08-16 18:41:02.147  INFO 76348 --- [main] o.t.d.DockerClientProviderStrategy       : Loaded org.testcontainers.dockerclient.NpipeSocketClientProviderStrategy from ~/.testcontainers.properties, will try it first
2022-08-16 18:41:02.683  INFO 76348 --- [main] o.t.d.DockerClientProviderStrategy       : Found Docker environment with local Npipe socket (npipe:////./pipe/docker_engine)
2022-08-16 18:41:02.685  INFO 76348 --- [main] org.testcontainers.DockerClientFactory   : Docker host IP address is localhost
2022-08-16 18:41:02.712  INFO 76348 --- [main] org.testcontainers.DockerClientFactory   : Connected to docker: 
  Server Version: 20.10.17
  API Version: 1.41
  Operating System: Docker Desktop
  Total Memory: 3909 MB
2022-08-16 18:41:02.743  INFO 76348 --- [main] docker[testcontainers/ryuk:0.3.3]        : Creating container for image: testcontainers/ryuk:0.3.3
2022-08-16 18:41:03.324  INFO 76348 --- [main] o.t.utility.RegistryAuthLocator          : Credential helper/store (docker-credential-desktop) does not have credentials for https://index.docker.io/v1/
2022-08-16 18:41:03.501  INFO 76348 --- [main] docker[testcontainers/ryuk:0.3.3]        : Container testcontainers/ryuk:0.3.3 is starting: 88445d49c208244fd4c2ce0c63230757ef2ee4bde2201c00f40214b27be8bd31
2022-08-16 18:41:05.042  INFO 76348 --- [main] docker[testcontainers/ryuk:0.3.3]        : Container testcontainers/ryuk:0.3.3 started in PT2.3205855S
2022-08-16 18:41:05.051  INFO 76348 --- [main] o.t.utility.RyukResourceReaper           : Ryuk started - will monitor and terminate Testcontainers containers on JVM exit
2022-08-16 18:41:05.053  INFO 76348 --- [main] org.testcontainers.DockerClientFactory   : Checking the system...
2022-08-16 18:41:05.053  INFO 76348 --- [main] org.testcontainers.DockerClientFactory   : ?? Docker server version should be at least 1.6.0
2022-08-16 18:41:05.055  INFO 76348 --- [main] docker[backend:1.0]                      : Creating container for image: backend:1.0
2022-08-16 18:41:05.131  INFO 76348 --- [main] docker[backend:1.0]                      : Container backend:1.0 is starting: 17f9821ff7b6226465fdca3f2f5f9142bc25320f1c9710962163c98ed2be869e
2022-08-16 18:41:13.329  INFO 76348 --- [main] docker[backend:1.0]                      : Container backend:1.0 started in PT8.2748735S
2022-08-16 18:41:16.551  INFO 76348 --- [main] docker[backend:1.0]                      : Creating container for image: backend:1.0
2022-08-16 18:41:16.625  INFO 76348 --- [main] docker[backend:1.0]                      : Container backend:1.0 is starting: 6a2a456eae4c0a7690074fe4fd8ed86a778b96aae219bf77735bc8ba17447286
2022-08-16 18:41:25.597  INFO 76348 --- [main] docker[backend:1.0]                      : Container backend:1.0 started in PT9.0457127S
2022-08-16 18:41:27.298  INFO 76348 --- [main] docker[backend:1.0]                      : Creating container for image: backend:1.0
2022-08-16 18:41:27.429  INFO 76348 --- [main] docker[backend:1.0]                      : Container backend:1.0 is starting: eb87027b918b39b333dad3e636a94a94126bd6d18fd3a9420b32bc5a62200588
2022-08-16 18:41:36.650  INFO 76348 --- [main] docker[backend:1.0]                      : Container backend:1.0 started in PT9.3518733S
2022-08-16 18:41:38.354  INFO 76348 --- [main] docker[backend:1.0]                      : Creating container for image: backend:1.0
2022-08-16 18:41:38.456  INFO 76348 --- [main] docker[backend:1.0]                      : Container backend:1.0 is starting: c264b9c12d6635f20bd98432521367d11e5ac1c95e8c92191c09cef8ff906259
2022-08-16 18:41:46.127  INFO 76348 --- [main] docker[backend:1.0]                      : Container backend:1.0 started in PT7.7727533S
2022-08-16 18:41:46.811  INFO 76348 --- [main] docker[backend:1.0]                      : Creating container for image: backend:1.0
2022-08-16 18:41:46.895  INFO 76348 --- [main] docker[backend:1.0]                      : Container backend:1.0 is starting: c24e66172a035b3d4c58847227aa2567240c2fc33d68bc9b4c262a48f97b0a7f
2022-08-16 18:41:53.626  INFO 76348 --- [main] docker[backend:1.0]                      : Container backend:1.0 started in PT6.8156714S
2022-08-16 18:41:55.265  INFO 76348 --- [main] c.e.coursework.service.TransferService   : œÎ‡Ú∏Ê Mock for Transfer, hashCode: 532299734 ·˚Î ÔÓ‰Ú‚ÂÊ‰∏Ì ÔÓ ÒÏÒ Ë ÛÒÔÂ¯ÌÓ ‚˚ÔÓÎÌÂÌ
2022-08-16 18:41:55.274  INFO 76348 --- [main] c.e.coursework.service.TransferService   : œÎ‡ÚÂÊ Mock for Transfer, hashCode: 1775247809 ÒÓÁ‰‡Ì. ÕÂÓ·ıÓ‰ËÏÓ ÔÓ‰Ú‚ÂÊ‰ÂÌËÂ ÔÓ ÒÏÒ
2022-08-16 18:41:55.302  INFO 76348 --- [main] c.e.coursework.service.TransferService   : œÎ‡Ú∏Ê Mock for Transfer, hashCode: 1292599253 ·˚Î ÔÓ‰Ú‚ÂÊ‰∏Ì ÔÓ ÒÏÒ Ë ÛÒÔÂ¯ÌÓ ‚˚ÔÓÎÌÂÌ
2022-08-16 18:43:05.012  INFO 74096 --- [main] c.e.coursework.CourseworkApplication     : Starting CourseworkApplication using Java 17.0.4 on DESKTOP-O6BUNA7 with PID 74096 (C:\Users\User\IdeaProjects\netology\src\netology\jd\springboot\coursework\target\classes started by User in C:\Users\User\IdeaProjects\netology\src\netology\jd\springboot\coursework)
2022-08-16 18:43:05.015  INFO 74096 --- [main] c.e.coursework.CourseworkApplication     : No active profile set, falling back to 1 default profile: "default"
2022-08-16 18:43:06.132  INFO 74096 --- [main] o.s.b.w.embedded.tomcat.TomcatWebServer  : Tomcat initialized with port(s): 5500 (http)
2022-08-16 18:43:06.159  INFO 74096 --- [main] o.apache.catalina.core.StandardService   : Starting service [Tomcat]
2022-08-16 18:43:06.160  INFO 74096 --- [main] org.apache.catalina.core.StandardEngine  : Starting Servlet engine: [Apache Tomcat/9.0.65]
2022-08-16 18:43:06.300  INFO 74096 --- [main] o.a.c.c.C.[Tomcat].[localhost].[/]       : Initializing Spring embedded WebApplicationContext
2022-08-16 18:43:06.301  INFO 74096 --- [main] w.s.c.ServletWebServerApplicationContext : Root WebApplicationContext: initialization completed in 1212 ms
2022-08-16 18:43:06.714  INFO 74096 --- [main] o.s.b.w.embedded.tomcat.TomcatWebServer  : Tomcat started on port(s): 5500 (http) with context path ''
2022-08-16 18:43:06.726  INFO 74096 --- [main] c.e.coursework.CourseworkApplication     : Started CourseworkApplication in 2.185 seconds (JVM running for 3.23)
2022-08-16 18:43:52.913  INFO 76756 --- [main] c.e.c.CourseworkApplicationTests         : Starting CourseworkApplicationTests using Java 17.0.4 on DESKTOP-O6BUNA7 with PID 76756 (started by User in C:\Users\User\IdeaProjects\netology\src\netology\jd\springboot\coursework)
2022-08-16 18:43:52.915  INFO 76756 --- [main] c.e.c.CourseworkApplicationTests         : No active profile set, falling back to 1 default profile: "default"
2022-08-16 18:43:54.584  INFO 76756 --- [main] o.s.b.w.embedded.tomcat.TomcatWebServer  : Tomcat initialized with port(s): 0 (http)
2022-08-16 18:43:54.617  INFO 76756 --- [main] o.apache.catalina.core.StandardService   : Starting service [Tomcat]
2022-08-16 18:43:54.619  INFO 76756 --- [main] org.apache.catalina.core.StandardEngine  : Starting Servlet engine: [Apache Tomcat/9.0.65]
2022-08-16 18:43:54.800  INFO 76756 --- [main] o.a.c.c.C.[Tomcat].[localhost].[/]       : Initializing Spring embedded WebApplicationContext
2022-08-16 18:43:54.801  INFO 76756 --- [main] w.s.c.ServletWebServerApplicationContext : Root WebApplicationContext: initialization completed in 1853 ms
2022-08-16 18:43:56.444  INFO 76756 --- [main] o.s.b.w.embedded.tomcat.TomcatWebServer  : Tomcat started on port(s): 49582 (http) with context path ''
2022-08-16 18:43:56.479  INFO 76756 --- [main] c.e.c.CourseworkApplicationTests         : Started CourseworkApplicationTests in 4.102 seconds (JVM running for 7.017)
2022-08-16 18:43:56.585  INFO 76756 --- [main] o.t.d.DockerClientProviderStrategy       : Loaded org.testcontainers.dockerclient.NpipeSocketClientProviderStrategy from ~/.testcontainers.properties, will try it first
2022-08-16 18:43:57.513  INFO 76756 --- [main] o.t.d.DockerClientProviderStrategy       : Found Docker environment with local Npipe socket (npipe:////./pipe/docker_engine)
2022-08-16 18:43:57.516  INFO 76756 --- [main] org.testcontainers.DockerClientFactory   : Docker host IP address is localhost
2022-08-16 18:43:57.562  INFO 76756 --- [main] org.testcontainers.DockerClientFactory   : Connected to docker: 
  Server Version: 20.10.17
  API Version: 1.41
  Operating System: Docker Desktop
  Total Memory: 3909 MB
2022-08-16 18:43:57.614  INFO 76756 --- [main] üê≥ [testcontainers/ryuk:0.3.3]           : Creating container for image: testcontainers/ryuk:0.3.3
2022-08-16 18:43:58.104  INFO 76756 --- [main] o.t.utility.RegistryAuthLocator          : Credential helper/store (docker-credential-desktop) does not have credentials for https://index.docker.io/v1/
2022-08-16 18:43:58.335  INFO 76756 --- [main] üê≥ [testcontainers/ryuk:0.3.3]           : Container testcontainers/ryuk:0.3.3 is starting: a04a826ad99e730076c19fd538c568b36f214efd32f4e712d26a53305c0bfee9
2022-08-16 18:44:00.410  INFO 76756 --- [main] üê≥ [testcontainers/ryuk:0.3.3]           : Container testcontainers/ryuk:0.3.3 started in PT2.8326892S
2022-08-16 18:44:00.431  INFO 76756 --- [main] o.t.utility.RyukResourceReaper           : Ryuk started - will monitor and terminate Testcontainers containers on JVM exit
2022-08-16 18:44:00.432  INFO 76756 --- [main] org.testcontainers.DockerClientFactory   : Checking the system...
2022-08-16 18:44:00.434  INFO 76756 --- [main] org.testcontainers.DockerClientFactory   : ‚úîÔ∏é Docker server version should be at least 1.6.0
2022-08-16 18:44:00.435  INFO 76756 --- [main] üê≥ [backend:1.0]                         : Creating container for image: backend:1.0
2022-08-16 18:44:00.557  INFO 76756 --- [main] üê≥ [backend:1.0]                         : Container backend:1.0 is starting: c1a0a07538142a11c507eeb66b1c944f05914e85011d0161c7f64fdd90cb8e11
2022-08-16 18:44:10.967  INFO 76756 --- [main] üê≥ [backend:1.0]                         : Container backend:1.0 started in PT10.5315495S
2022-08-16 18:44:12.758  INFO 76756 --- [main] üê≥ [backend:1.0]                         : Creating container for image: backend:1.0
2022-08-16 18:44:12.871  INFO 76756 --- [main] üê≥ [backend:1.0]                         : Container backend:1.0 is starting: d1ac2f0d2a1d9998d6b6dce2e87988bc1054def6a0f96cb8eeb52eccdabefbbe
2022-08-16 18:44:20.970  INFO 76756 --- [main] üê≥ [backend:1.0]                         : Container backend:1.0 started in PT8.2117695S
2022-08-16 18:44:22.487  INFO 76756 --- [main] üê≥ [backend:1.0]                         : Creating container for image: backend:1.0
2022-08-16 18:44:22.590  INFO 76756 --- [main] üê≥ [backend:1.0]                         : Container backend:1.0 is starting: f3ece7ee466593c06db893a1a153e13d479c115ea76aa954cd74b6d6b4b8c67c
2022-08-16 18:44:30.243  INFO 76756 --- [main] üê≥ [backend:1.0]                         : Container backend:1.0 started in PT7.7574327S
2022-08-16 18:44:31.802  INFO 76756 --- [main] üê≥ [backend:1.0]                         : Creating container for image: backend:1.0
2022-08-16 18:44:31.904  INFO 76756 --- [main] üê≥ [backend:1.0]                         : Container backend:1.0 is starting: def19582db120eca8890506ca2b71c4e8048534ddad65c743c7b3628f5b4c042
2022-08-16 18:44:40.878  INFO 76756 --- [main] üê≥ [backend:1.0]                         : Container backend:1.0 started in PT9.0753819S
2022-08-16 18:44:42.300  INFO 76756 --- [main] üê≥ [backend:1.0]                         : Creating container for image: backend:1.0
2022-08-16 18:44:42.394  INFO 76756 --- [main] üê≥ [backend:1.0]                         : Container backend:1.0 is starting: 145cce983cc3d0d1a2b501f1546f572b9fc5f8d0d8bc77e88d7992a5e13d37ea
2022-08-16 18:44:48.897  INFO 76756 --- [main] üê≥ [backend:1.0]                         : Container backend:1.0 started in PT6.5974575S
2022-08-16 18:44:49.499  INFO 76756 --- [main] üê≥ [backend:1.0]                         : Creating container for image: backend:1.0
2022-08-16 18:44:49.627  INFO 76756 --- [main] üê≥ [backend:1.0]                         : Container backend:1.0 is starting: ab0e0bbcd54bbeedd075af03398db54ec58d1cff70345325c6a14590994286ee
2022-08-16 18:44:55.854  INFO 76756 --- [main] üê≥ [backend:1.0]                         : Container backend:1.0 started in PT6.355873S
2022-08-16 18:58:47.295  INFO 72888 --- [main] c.e.c.CourseworkApplicationTests         : Starting CourseworkApplicationTests using Java 17.0.4 on DESKTOP-O6BUNA7 with PID 72888 (started by User in C:\Users\User\IdeaProjects\netology\src\netology\jd\springboot\coursework)
2022-08-16 18:58:47.298  INFO 72888 --- [main] c.e.c.CourseworkApplicationTests         : No active profile set, falling back to 1 default profile: "default"
2022-08-16 18:58:49.355  INFO 72888 --- [main] o.s.b.w.embedded.tomcat.TomcatWebServer  : Tomcat initialized with port(s): 0 (http)
2022-08-16 18:58:49.398  INFO 72888 --- [main] o.apache.catalina.core.StandardService   : Starting service [Tomcat]
2022-08-16 18:58:49.400  INFO 72888 --- [main] org.apache.catalina.core.StandardEngine  : Starting Servlet engine: [Apache Tomcat/9.0.65]
2022-08-16 18:58:49.606  INFO 72888 --- [main] o.a.c.c.C.[Tomcat].[localhost].[/]       : Initializing Spring embedded WebApplicationContext
2022-08-16 18:58:49.606  INFO 72888 --- [main] w.s.c.ServletWebServerApplicationContext : Root WebApplicationContext: initialization completed in 2260 ms
2022-08-16 18:58:50.723  INFO 72888 --- [main] o.s.b.w.embedded.tomcat.TomcatWebServer  : Tomcat started on port(s): 63579 (http) with context path ''
2022-08-16 18:58:50.736  INFO 72888 --- [main] c.e.c.CourseworkApplicationTests         : Started CourseworkApplicationTests in 4.034 seconds (JVM running for 6.984)
2022-08-16 18:58:50.782  INFO 72888 --- [main] o.t.d.DockerClientProviderStrategy       : Loaded org.testcontainers.dockerclient.NpipeSocketClientProviderStrategy from ~/.testcontainers.properties, will try it first
2022-08-16 18:58:52.206  INFO 72888 --- [main] o.t.d.DockerClientProviderStrategy       : Found Docker environment with local Npipe socket (npipe:////./pipe/docker_engine)
2022-08-16 18:58:52.208  INFO 72888 --- [main] org.testcontainers.DockerClientFactory   : Docker host IP address is localhost
2022-08-16 18:58:52.260  INFO 72888 --- [main] org.testcontainers.DockerClientFactory   : Connected to docker: 
  Server Version: 20.10.17
  API Version: 1.41
  Operating System: Docker Desktop
  Total Memory: 3909 MB
2022-08-16 18:58:52.380  INFO 72888 --- [main] üê≥ [testcontainers/ryuk:0.3.3]           : Creating container for image: testcontainers/ryuk:0.3.3
2022-08-16 18:58:52.909  INFO 72888 --- [main] o.t.utility.RegistryAuthLocator          : Credential helper/store (docker-credential-desktop) does not have credentials for https://index.docker.io/v1/
2022-08-16 18:58:53.254  INFO 72888 --- [main] üê≥ [testcontainers/ryuk:0.3.3]           : Container testcontainers/ryuk:0.3.3 is starting: 7148ee7aecb96d0faaedeb33adbda6a64f5b47b1aa6c807fab2e64f33b47e5d3
2022-08-16 18:58:56.380  INFO 72888 --- [main] üê≥ [testcontainers/ryuk:0.3.3]           : Container testcontainers/ryuk:0.3.3 started in PT4.1062043S
2022-08-16 18:58:56.411  INFO 72888 --- [main] o.t.utility.RyukResourceReaper           : Ryuk started - will monitor and terminate Testcontainers containers on JVM exit
2022-08-16 18:58:56.412  INFO 72888 --- [main] org.testcontainers.DockerClientFactory   : Checking the system...
2022-08-16 18:58:56.414  INFO 72888 --- [main] org.testcontainers.DockerClientFactory   : ‚úîÔ∏é Docker server version should be at least 1.6.0
2022-08-16 18:58:56.415  INFO 72888 --- [main] üê≥ [backend:1.0]                         : Creating container for image: backend:1.0
2022-08-16 18:58:56.516  INFO 72888 --- [main] üê≥ [backend:1.0]                         : Container backend:1.0 is starting: 5e05b3cacb55cbbe6e26b7985ead084555ce17d2f7e802f127fd645453825101
2022-08-16 18:59:07.520  INFO 72888 --- [main] üê≥ [backend:1.0]                         : Container backend:1.0 started in PT11.1056339S
2022-08-16 18:59:09.741  INFO 72888 --- [main] üê≥ [backend:1.0]                         : Creating container for image: backend:1.0
2022-08-16 18:59:09.862  INFO 72888 --- [main] üê≥ [backend:1.0]                         : Container backend:1.0 is starting: 7c1ac0b655597fee471d37a70942bf5d329510b21e807ed24112de2403508e9e
2022-08-16 18:59:20.938  INFO 72888 --- [main] üê≥ [backend:1.0]                         : Container backend:1.0 started in PT11.197343S
2022-08-16 18:59:22.432  INFO 72888 --- [main] üê≥ [backend:1.0]                         : Creating container for image: backend:1.0
2022-08-16 18:59:22.602  INFO 72888 --- [main] üê≥ [backend:1.0]                         : Container backend:1.0 is starting: 71d0838f6d797ff73f7d9e8d2a1ba3478410f0721de1c8985fda654771f449e1
2022-08-16 18:59:32.815  INFO 72888 --- [main] üê≥ [backend:1.0]                         : Container backend:1.0 started in PT10.3835369S
2022-08-16 18:59:35.646  INFO 72888 --- [main] üê≥ [backend:1.0]                         : Creating container for image: backend:1.0
2022-08-16 18:59:37.139  INFO 72888 --- [main] üê≥ [backend:1.0]                         : Container backend:1.0 is starting: a28076a47dc6a2439b27a0233dae5aea8fbcabc34f12871de95c887a8e27e7fb
2022-08-16 18:59:47.738  INFO 72888 --- [main] üê≥ [backend:1.0]                         : Container backend:1.0 started in PT12.0926157S
2022-08-16 18:59:49.416  INFO 72888 --- [main] üê≥ [backend:1.0]                         : Creating container for image: backend:1.0
2022-08-16 18:59:49.548  INFO 72888 --- [main] üê≥ [backend:1.0]                         : Container backend:1.0 is starting: db35b319ec7070d7633acc19fe8a54f7a4f15c501e3d600ccd444ac863792434
2022-08-16 18:59:59.481  INFO 72888 --- [main] üê≥ [backend:1.0]                         : Container backend:1.0 started in PT10.0658943S
2022-08-16 19:00:00.255  INFO 72888 --- [main] üê≥ [backend:1.0]                         : Creating container for image: backend:1.0
2022-08-16 19:00:00.367  INFO 72888 --- [main] üê≥ [backend:1.0]                         : Container backend:1.0 is starting: bd0d62f772cdc3ed5d4afd93bfe8a3e5424c6e420ac336befd504deb27ad4492
2022-08-16 19:00:11.388  INFO 72888 --- [main] üê≥ [backend:1.0]                         : Container backend:1.0 started in PT11.1331898S
2022-08-16 19:24:55.847  INFO 80272 --- [main] c.e.c.CourseworkApplicationTests         : Starting CourseworkApplicationTests using Java 17.0.4 on DESKTOP-O6BUNA7 with PID 80272 (started by User in C:\Users\User\IdeaProjects\netology\src\netology\jd\springboot\coursework)
2022-08-16 19:24:55.850  INFO 80272 --- [main] c.e.c.CourseworkApplicationTests         : No active profile set, falling back to 1 default profile: "default"
2022-08-16 19:24:57.730  INFO 80272 --- [main] o.s.b.w.embedded.tomcat.TomcatWebServer  : Tomcat initialized with port(s): 0 (http)
2022-08-16 19:24:57.746  INFO 80272 --- [main] o.apache.catalina.core.StandardService   : Starting service [Tomcat]
2022-08-16 19:24:57.747  INFO 80272 --- [main] org.apache.catalina.core.StandardEngine  : Starting Servlet engine: [Apache Tomcat/9.0.65]
2022-08-16 19:24:57.919  INFO 80272 --- [main] o.a.c.c.C.[Tomcat].[localhost].[/]       : Initializing Spring embedded WebApplicationContext
2022-08-16 19:24:57.920  INFO 80272 --- [main] w.s.c.ServletWebServerApplicationContext : Root WebApplicationContext: initialization completed in 2030 ms
2022-08-16 19:24:59.156  INFO 80272 --- [main] o.s.b.w.embedded.tomcat.TomcatWebServer  : Tomcat started on port(s): 55841 (http) with context path ''
2022-08-16 19:24:59.168  INFO 80272 --- [main] c.e.c.CourseworkApplicationTests         : Started CourseworkApplicationTests in 3.907 seconds (JVM running for 5.847)
2022-08-16 19:24:59.987  INFO 80272 --- [main] o.t.d.DockerClientProviderStrategy       : Loaded org.testcontainers.dockerclient.NpipeSocketClientProviderStrategy from ~/.testcontainers.properties, will try it first
2022-08-16 19:25:01.532  INFO 80272 --- [main] o.t.d.DockerClientProviderStrategy       : Found Docker environment with local Npipe socket (npipe:////./pipe/docker_engine)
2022-08-16 19:25:01.534  INFO 80272 --- [main] org.testcontainers.DockerClientFactory   : Docker host IP address is localhost
2022-08-16 19:25:01.627  INFO 80272 --- [main] org.testcontainers.DockerClientFactory   : Connected to docker: 
  Server Version: 20.10.17
  API Version: 1.41
  Operating System: Docker Desktop
  Total Memory: 3909 MB
2022-08-16 19:25:01.726  INFO 80272 --- [main] docker[testcontainers/ryuk:0.3.3]        : Creating container for image: testcontainers/ryuk:0.3.3
2022-08-16 19:25:02.113  INFO 80272 --- [main] o.t.utility.RegistryAuthLocator          : Credential helper/store (docker-credential-desktop) does not have credentials for https://index.docker.io/v1/
2022-08-16 19:25:02.542  INFO 80272 --- [main] docker[testcontainers/ryuk:0.3.3]        : Container testcontainers/ryuk:0.3.3 is starting: 0dc2e339d99d296ffe9f661dd36e9cb336400377a6349e58c9a740517c353df0
2022-08-16 19:25:06.357  INFO 80272 --- [main] docker[testcontainers/ryuk:0.3.3]        : Container testcontainers/ryuk:0.3.3 started in PT4.7192433S
2022-08-16 19:25:06.391  INFO 80272 --- [main] o.t.utility.RyukResourceReaper           : Ryuk started - will monitor and terminate Testcontainers containers on JVM exit
2022-08-16 19:25:06.392  INFO 80272 --- [main] org.testcontainers.DockerClientFactory   : Checking the system...
2022-08-16 19:25:06.394  INFO 80272 --- [main] org.testcontainers.DockerClientFactory   : ?? Docker server version should be at least 1.6.0
2022-08-16 19:25:06.395  INFO 80272 --- [main] docker[backend:1.0]                      : Creating container for image: backend:1.0
2022-08-16 19:25:06.512  INFO 80272 --- [main] docker[backend:1.0]                      : Container backend:1.0 is starting: 0e298a79df3270ed417a8b727652c17dd0524ff30c9ded2c7514bb4a8a5c97ae
2022-08-16 19:25:16.339  INFO 80272 --- [main] docker[backend:1.0]                      : Container backend:1.0 started in PT9.9441629S
2022-08-16 19:25:18.036  INFO 80272 --- [main] docker[backend:1.0]                      : Creating container for image: backend:1.0
2022-08-16 19:25:18.233  INFO 80272 --- [main] docker[backend:1.0]                      : Container backend:1.0 is starting: 400fb70284e426e4e64d71d33dedb5d87d558f28d12c4fb59f80c9ff3baa7755
2022-08-16 19:25:26.289  INFO 80272 --- [main] docker[backend:1.0]                      : Container backend:1.0 started in PT8.2529044S
2022-08-16 19:25:27.867  INFO 80272 --- [main] docker[backend:1.0]                      : Creating container for image: backend:1.0
2022-08-16 19:25:28.092  INFO 80272 --- [main] docker[backend:1.0]                      : Container backend:1.0 is starting: faf9caa75ddb74bbff39f334ffc845b3b3b5f4d0c3b9697d922f71d3a044a5bb
2022-08-16 19:25:35.954  INFO 80272 --- [main] docker[backend:1.0]                      : Container backend:1.0 started in PT8.087568S
2022-08-16 19:25:37.319  INFO 80272 --- [main] docker[backend:1.0]                      : Creating container for image: backend:1.0
2022-08-16 19:25:37.435  INFO 80272 --- [main] docker[backend:1.0]                      : Container backend:1.0 is starting: f116948fd8307207fd1d964d93b5b0b2a81615042661a2861164b1aaabaf5d34
2022-08-16 19:25:44.387  INFO 80272 --- [main] docker[backend:1.0]                      : Container backend:1.0 started in PT7.067703S
2022-08-16 19:25:45.741  INFO 80272 --- [main] docker[backend:1.0]                      : Creating container for image: backend:1.0
2022-08-16 19:25:45.914  INFO 80272 --- [main] docker[backend:1.0]                      : Container backend:1.0 is starting: 35637b7108c9bdd3647e8b2bddfccdcd644e76a13d67ca4ac39171835538900d
2022-08-16 19:25:53.076  INFO 80272 --- [main] docker[backend:1.0]                      : Container backend:1.0 started in PT7.3348773S
2022-08-16 19:25:53.639  INFO 80272 --- [main] docker[backend:1.0]                      : Creating container for image: backend:1.0
2022-08-16 19:25:53.760  INFO 80272 --- [main] docker[backend:1.0]                      : Container backend:1.0 is starting: cb9d21185d5621db413570ce89b9153f9f2658bd26c0ae249793c41d3d1a563b
2022-08-16 19:26:01.208  INFO 80272 --- [main] docker[backend:1.0]                      : Container backend:1.0 started in PT7.5690424S
2022-08-16 19:26:02.767  INFO 80272 --- [main] c.e.coursework.service.TransferService   : œÎ‡ÚÂÊ Mock for Transfer, hashCode: 1931130011 ÒÓÁ‰‡Ì. ÕÂÓ·ıÓ‰ËÏÓ ÔÓ‰Ú‚ÂÊ‰ÂÌËÂ ÔÓ ÒÏÒ
2022-08-16 19:26:02.812  INFO 80272 --- [main] c.e.coursework.service.TransferService   : œÎ‡Ú∏Ê Mock for Transfer, hashCode: 424573103 ·˚Î ÔÓ‰Ú‚ÂÊ‰∏Ì ÔÓ ÒÏÒ Ë ÛÒÔÂ¯ÌÓ ‚˚ÔÓÎÌÂÌ
2022-08-16 19:26:48.814  INFO 79516 --- [main] c.e.c.CourseworkApplicationTests         : Starting CourseworkApplicationTests using Java 17.0.4 on DESKTOP-O6BUNA7 with PID 79516 (started by User in C:\Users\User\IdeaProjects\netology\src\netology\jd\springboot\coursework)
2022-08-16 19:26:48.816  INFO 79516 --- [main] c.e.c.CourseworkApplicationTests         : No active profile set, falling back to 1 default profile: "default"
2022-08-16 19:26:50.449  INFO 79516 --- [main] o.s.b.w.embedded.tomcat.TomcatWebServer  : Tomcat initialized with port(s): 0 (http)
2022-08-16 19:26:50.469  INFO 79516 --- [main] o.apache.catalina.core.StandardService   : Starting service [Tomcat]
2022-08-16 19:26:50.470  INFO 79516 --- [main] org.apache.catalina.core.StandardEngine  : Starting Servlet engine: [Apache Tomcat/9.0.65]
2022-08-16 19:26:50.699  INFO 79516 --- [main] o.a.c.c.C.[Tomcat].[localhost].[/]       : Initializing Spring embedded WebApplicationContext
2022-08-16 19:26:50.700  INFO 79516 --- [main] w.s.c.ServletWebServerApplicationContext : Root WebApplicationContext: initialization completed in 1854 ms
2022-08-16 19:26:51.740  INFO 79516 --- [main] o.s.b.w.embedded.tomcat.TomcatWebServer  : Tomcat started on port(s): 51793 (http) with context path ''
2022-08-16 19:26:51.756  INFO 79516 --- [main] c.e.c.CourseworkApplicationTests         : Started CourseworkApplicationTests in 3.442 seconds (JVM running for 6.226)
2022-08-16 19:26:51.814  INFO 79516 --- [main] o.t.d.DockerClientProviderStrategy       : Loaded org.testcontainers.dockerclient.NpipeSocketClientProviderStrategy from ~/.testcontainers.properties, will try it first
2022-08-16 19:26:52.520  INFO 79516 --- [main] o.t.d.DockerClientProviderStrategy       : Found Docker environment with local Npipe socket (npipe:////./pipe/docker_engine)
2022-08-16 19:26:52.522  INFO 79516 --- [main] org.testcontainers.DockerClientFactory   : Docker host IP address is localhost
2022-08-16 19:26:52.551  INFO 79516 --- [main] org.testcontainers.DockerClientFactory   : Connected to docker: 
  Server Version: 20.10.17
  API Version: 1.41
  Operating System: Docker Desktop
  Total Memory: 3909 MB
2022-08-16 19:26:52.585  INFO 79516 --- [main] üê≥ [testcontainers/ryuk:0.3.3]           : Creating container for image: testcontainers/ryuk:0.3.3
2022-08-16 19:26:52.896  INFO 79516 --- [main] o.t.utility.RegistryAuthLocator          : Credential helper/store (docker-credential-desktop) does not have credentials for https://index.docker.io/v1/
2022-08-16 19:26:53.095  INFO 79516 --- [main] üê≥ [testcontainers/ryuk:0.3.3]           : Container testcontainers/ryuk:0.3.3 is starting: 8a0c80d475078efe80ba220aa1547bddb88ace8aed9165d0a82f1804cab843f8
2022-08-16 19:26:54.002  INFO 79516 --- [main] üê≥ [testcontainers/ryuk:0.3.3]           : Container testcontainers/ryuk:0.3.3 started in PT1.4399962S
2022-08-16 19:26:54.009  INFO 79516 --- [main] o.t.utility.RyukResourceReaper           : Ryuk started - will monitor and terminate Testcontainers containers on JVM exit
2022-08-16 19:26:54.010  INFO 79516 --- [main] org.testcontainers.DockerClientFactory   : Checking the system...
2022-08-16 19:26:54.011  INFO 79516 --- [main] org.testcontainers.DockerClientFactory   : ‚úîÔ∏é Docker server version should be at least 1.6.0
2022-08-16 19:26:54.012  INFO 79516 --- [main] üê≥ [backend:1.0]                         : Creating container for image: backend:1.0
2022-08-16 19:26:54.107  INFO 79516 --- [main] üê≥ [backend:1.0]                         : Container backend:1.0 is starting: 4258bdb0cfab863b2cf845c73cbefacbef5ce6f46a77346d335fa83ee89bace1
2022-08-16 19:27:01.312  INFO 79516 --- [main] üê≥ [backend:1.0]                         : Container backend:1.0 started in PT7.3009029S
2022-08-16 19:27:02.881  INFO 79516 --- [main] üê≥ [backend:1.0]                         : Creating container for image: backend:1.0
2022-08-16 19:27:03.002  INFO 79516 --- [main] üê≥ [backend:1.0]                         : Container backend:1.0 is starting: d42adbbea13b9294a97e5ddd16a7b4a849abb55b5b812d26ba88a39891f4b142
2022-08-16 19:27:10.279  INFO 79516 --- [main] üê≥ [backend:1.0]                         : Container backend:1.0 started in PT7.39766S
2022-08-16 19:27:11.634  INFO 79516 --- [main] üê≥ [backend:1.0]                         : Creating container for image: backend:1.0
2022-08-16 19:27:12.278  INFO 79516 --- [main] üê≥ [backend:1.0]                         : Container backend:1.0 is starting: a72af4cade77725f5d7a69d12fd60d3f101b581ba16a1418cc7f2ff4dfa7a753
2022-08-16 19:27:19.057  INFO 79516 --- [main] üê≥ [backend:1.0]                         : Container backend:1.0 started in PT7.4228148S
2022-08-16 19:27:20.795  INFO 79516 --- [main] üê≥ [backend:1.0]                         : Creating container for image: backend:1.0
2022-08-16 19:27:20.949  INFO 79516 --- [main] üê≥ [backend:1.0]                         : Container backend:1.0 is starting: 1bd5de370fd29e6d50fb20eb89e46814eb5b3a140edf0d6008f9cdc9e0f4d5c5
2022-08-16 19:27:27.516  INFO 79516 --- [main] üê≥ [backend:1.0]                         : Container backend:1.0 started in PT6.7209582S
2022-08-16 19:27:28.789  INFO 79516 --- [main] üê≥ [backend:1.0]                         : Creating container for image: backend:1.0
2022-08-16 19:27:28.896  INFO 79516 --- [main] üê≥ [backend:1.0]                         : Container backend:1.0 is starting: ccbbff91701b125ed2160b5b5fb667de8cf9408907b9b16c429d29d9d59b388c
2022-08-16 19:27:35.603  INFO 79516 --- [main] üê≥ [backend:1.0]                         : Container backend:1.0 started in PT6.8140169S
2022-08-16 19:27:36.220  INFO 79516 --- [main] üê≥ [backend:1.0]                         : Creating container for image: backend:1.0
2022-08-16 19:27:36.308  INFO 79516 --- [main] üê≥ [backend:1.0]                         : Container backend:1.0 is starting: 9084bece5cc0ef545e46ba28ca0cbe0f64af66ca682ed5fa4ba7d01c93abb667
2022-08-16 19:27:43.732  INFO 79516 --- [main] üê≥ [backend:1.0]                         : Container backend:1.0 started in PT7.5130471S
2022-08-16 19:41:41.700  INFO 81252 --- [main] c.e.c.CourseworkApplicationTests         : Starting CourseworkApplicationTests using Java 17.0.4 on DESKTOP-O6BUNA7 with PID 81252 (started by User in C:\Users\User\IdeaProjects\netology\src\netology\jd\springboot\coursework)
2022-08-16 19:41:41.703  INFO 81252 --- [main] c.e.c.CourseworkApplicationTests         : No active profile set, falling back to 1 default profile: "default"
2022-08-16 19:41:44.407  INFO 81252 --- [main] o.s.b.w.embedded.tomcat.TomcatWebServer  : Tomcat initialized with port(s): 0 (http)
2022-08-16 19:41:44.423  INFO 81252 --- [main] o.apache.catalina.core.StandardService   : Starting service [Tomcat]
2022-08-16 19:41:44.424  INFO 81252 --- [main] org.apache.catalina.core.StandardEngine  : Starting Servlet engine: [Apache Tomcat/9.0.65]
2022-08-16 19:41:44.597  INFO 81252 --- [main] o.a.c.c.C.[Tomcat].[localhost].[/]       : Initializing Spring embedded WebApplicationContext
2022-08-16 19:41:44.598  INFO 81252 --- [main] w.s.c.ServletWebServerApplicationContext : Root WebApplicationContext: initialization completed in 2862 ms
2022-08-16 19:41:45.720  INFO 81252 --- [main] o.s.b.w.embedded.tomcat.TomcatWebServer  : Tomcat started on port(s): 63512 (http) with context path ''
2022-08-16 19:41:45.732  INFO 81252 --- [main] c.e.c.CourseworkApplicationTests         : Started CourseworkApplicationTests in 4.581 seconds (JVM running for 6.914)
2022-08-16 19:41:46.533  INFO 81252 --- [main] o.t.d.DockerClientProviderStrategy       : Loaded org.testcontainers.dockerclient.NpipeSocketClientProviderStrategy from ~/.testcontainers.properties, will try it first
2022-08-16 19:41:48.020  INFO 81252 --- [main] o.t.d.DockerClientProviderStrategy       : Found Docker environment with local Npipe socket (npipe:////./pipe/docker_engine)
2022-08-16 19:41:48.023  INFO 81252 --- [main] org.testcontainers.DockerClientFactory   : Docker host IP address is localhost
2022-08-16 19:41:48.197  INFO 81252 --- [main] org.testcontainers.DockerClientFactory   : Connected to docker: 
  Server Version: 20.10.17
  API Version: 1.41
  Operating System: Docker Desktop
  Total Memory: 3909 MB
2022-08-16 19:41:48.359  INFO 81252 --- [main] docker[testcontainers/ryuk:0.3.3]        : Creating container for image: testcontainers/ryuk:0.3.3
2022-08-16 19:41:48.802  INFO 81252 --- [main] o.t.utility.RegistryAuthLocator          : Credential helper/store (docker-credential-desktop) does not have credentials for https://index.docker.io/v1/
2022-08-16 19:41:49.360  INFO 81252 --- [main] docker[testcontainers/ryuk:0.3.3]        : Container testcontainers/ryuk:0.3.3 is starting: 15feb6f1f28c2e955cabb4e8cc291e0f36fb8209195c1734b06be91ca1513656
2022-08-16 19:41:52.889  INFO 81252 --- [main] docker[testcontainers/ryuk:0.3.3]        : Container testcontainers/ryuk:0.3.3 started in PT4.6723578S
2022-08-16 19:41:52.926  INFO 81252 --- [main] o.t.utility.RyukResourceReaper           : Ryuk started - will monitor and terminate Testcontainers containers on JVM exit
2022-08-16 19:41:52.927  INFO 81252 --- [main] org.testcontainers.DockerClientFactory   : Checking the system...
2022-08-16 19:41:52.930  INFO 81252 --- [main] org.testcontainers.DockerClientFactory   : ?? Docker server version should be at least 1.6.0
2022-08-16 19:41:52.933  INFO 81252 --- [main] docker[backend:1.0]                      : Creating container for image: backend:1.0
2022-08-16 19:41:53.114  INFO 81252 --- [main] docker[backend:1.0]                      : Container backend:1.0 is starting: 8e3093c5c5c5c02f448dc45ef12587500f0cb2914d88b157c5853fe36b351abf
2022-08-16 19:42:04.510  INFO 81252 --- [main] docker[backend:1.0]                      : Container backend:1.0 started in PT11.5779744S
2022-08-16 19:42:06.477  INFO 81252 --- [main] docker[backend:1.0]                      : Creating container for image: backend:1.0
2022-08-16 19:42:06.619  INFO 81252 --- [main] docker[backend:1.0]                      : Container backend:1.0 is starting: 02572dd65d2485cf2ddd683547cf057ce2d9c26a3d037423a1e23391b4055712
2022-08-16 19:42:15.182  INFO 81252 --- [main] docker[backend:1.0]                      : Container backend:1.0 started in PT8.7060141S
2022-08-16 19:42:16.638  INFO 81252 --- [main] docker[backend:1.0]                      : Creating container for image: backend:1.0
2022-08-16 19:42:16.771  INFO 81252 --- [main] docker[backend:1.0]                      : Container backend:1.0 is starting: 8ae2bc336f8aad1be40f6134fca6cc9f1247ac51ca0305aa00345a1c616a4091
2022-08-16 19:42:25.488  INFO 81252 --- [main] docker[backend:1.0]                      : Container backend:1.0 started in PT8.8503589S
2022-08-16 19:42:27.830  INFO 81252 --- [main] docker[backend:1.0]                      : Creating container for image: backend:1.0
2022-08-16 19:42:28.081  INFO 81252 --- [main] docker[backend:1.0]                      : Container backend:1.0 is starting: 0253bf32d3b904a1d8b2d65df99aa180577a88f01f2ef11f06eeb8018ef1714b
2022-08-16 19:42:39.081  INFO 81252 --- [main] docker[backend:1.0]                      : Container backend:1.0 started in PT11.2512404S
2022-08-16 19:42:40.473  INFO 81252 --- [main] docker[backend:1.0]                      : Creating container for image: backend:1.0
2022-08-16 19:42:40.613  INFO 81252 --- [main] docker[backend:1.0]                      : Container backend:1.0 is starting: 20ad01a7f093c72fff18d141e8b8c2996ef0e9d4dd5ff079f6425899ae835055
2022-08-16 19:42:47.457  INFO 81252 --- [main] docker[backend:1.0]                      : Container backend:1.0 started in PT6.9843895S
2022-08-16 19:42:48.096  INFO 81252 --- [main] docker[backend:1.0]                      : Creating container for image: backend:1.0
2022-08-16 19:42:48.182  INFO 81252 --- [main] docker[backend:1.0]                      : Container backend:1.0 is starting: c15c66f9d34ef0c2b9ed767322308e3a8b9b35473d694ed79fa5d9caca19de28
2022-08-16 19:42:55.019  INFO 81252 --- [main] docker[backend:1.0]                      : Container backend:1.0 started in PT6.9235175S
2022-08-16 19:42:56.452  INFO 81252 --- [main] c.e.coursework.service.TransferService   : œÎ‡ÚÂÊ Mock for Transfer, hashCode: 1458088096 ÒÓÁ‰‡Ì. ÕÂÓ·ıÓ‰ËÏÓ ÔÓ‰Ú‚ÂÊ‰ÂÌËÂ ÔÓ ÒÏÒ
2022-08-16 19:42:56.498  INFO 81252 --- [main] c.e.coursework.service.TransferService   : œÎ‡Ú∏Ê Mock for Transfer, hashCode: 212207240 ·˚Î ÔÓ‰Ú‚ÂÊ‰∏Ì ÔÓ ÒÏÒ Ë ÛÒÔÂ¯ÌÓ ‚˚ÔÓÎÌÂÌ
2022-08-16 19:45:45.138  INFO 12432 --- [main] c.e.c.CourseworkApplicationTests         : Starting CourseworkApplicationTests using Java 17.0.4 on DESKTOP-O6BUNA7 with PID 12432 (started by User in C:\Users\User\IdeaProjects\netology\src\netology\jd\springboot\coursework)
2022-08-16 19:45:45.141  INFO 12432 --- [main] c.e.c.CourseworkApplicationTests         : No active profile set, falling back to 1 default profile: "default"
2022-08-16 19:45:46.946  INFO 12432 --- [main] o.s.b.w.embedded.tomcat.TomcatWebServer  : Tomcat initialized with port(s): 0 (http)
2022-08-16 19:45:46.971  INFO 12432 --- [main] o.apache.catalina.core.StandardService   : Starting service [Tomcat]
2022-08-16 19:45:46.974  INFO 12432 --- [main] org.apache.catalina.core.StandardEngine  : Starting Servlet engine: [Apache Tomcat/9.0.65]
2022-08-16 19:45:47.316  INFO 12432 --- [main] o.a.c.c.C.[Tomcat].[localhost].[/]       : Initializing Spring embedded WebApplicationContext
2022-08-16 19:45:47.316  INFO 12432 --- [main] w.s.c.ServletWebServerApplicationContext : Root WebApplicationContext: initialization completed in 2141 ms
2022-08-16 19:45:48.291  INFO 12432 --- [main] o.s.b.w.embedded.tomcat.TomcatWebServer  : Tomcat started on port(s): 59246 (http) with context path ''
2022-08-16 19:45:48.303  INFO 12432 --- [main] c.e.c.CourseworkApplicationTests         : Started CourseworkApplicationTests in 3.687 seconds (JVM running for 5.476)
2022-08-16 19:45:49.061  INFO 12432 --- [main] o.t.d.DockerClientProviderStrategy       : Loaded org.testcontainers.dockerclient.NpipeSocketClientProviderStrategy from ~/.testcontainers.properties, will try it first
2022-08-16 19:45:49.869  INFO 12432 --- [main] o.t.d.DockerClientProviderStrategy       : Found Docker environment with local Npipe socket (npipe:////./pipe/docker_engine)
2022-08-16 19:45:49.871  INFO 12432 --- [main] org.testcontainers.DockerClientFactory   : Docker host IP address is localhost
2022-08-16 19:45:50.963  INFO 12432 --- [main] org.testcontainers.DockerClientFactory   : Connected to docker: 
  Server Version: 20.10.17
  API Version: 1.41
  Operating System: Docker Desktop
  Total Memory: 3909 MB
2022-08-16 19:45:51.292  INFO 12432 --- [main] docker[testcontainers/ryuk:0.3.3]        : Creating container for image: testcontainers/ryuk:0.3.3
2022-08-16 19:45:51.672  INFO 12432 --- [main] o.t.utility.RegistryAuthLocator          : Credential helper/store (docker-credential-desktop) does not have credentials for https://index.docker.io/v1/
2022-08-16 19:45:51.938  INFO 12432 --- [main] docker[testcontainers/ryuk:0.3.3]        : Container testcontainers/ryuk:0.3.3 is starting: 7da3dcdebbb5b930b39ad9113b4e80a588c9f5181f994df054fcd97ac209089c
2022-08-16 19:45:53.309  INFO 12432 --- [main] docker[testcontainers/ryuk:0.3.3]        : Container testcontainers/ryuk:0.3.3 started in PT2.0682724S
2022-08-16 19:45:53.328  INFO 12432 --- [main] o.t.utility.RyukResourceReaper           : Ryuk started - will monitor and terminate Testcontainers containers on JVM exit
2022-08-16 19:45:53.329  INFO 12432 --- [main] org.testcontainers.DockerClientFactory   : Checking the system...
2022-08-16 19:45:53.330  INFO 12432 --- [main] org.testcontainers.DockerClientFactory   : ?? Docker server version should be at least 1.6.0
2022-08-16 19:45:53.332  INFO 12432 --- [main] docker[backend:1.0]                      : Creating container for image: backend:1.0
2022-08-16 19:45:53.427  INFO 12432 --- [main] docker[backend:1.0]                      : Container backend:1.0 is starting: 935eca3abfcf65ec870a5c84dff61cd745183d2da10d27da5693ede93fbe0641
2022-08-16 19:46:03.970  INFO 12432 --- [main] docker[backend:1.0]                      : Container backend:1.0 started in PT10.6387859S
2022-08-16 19:46:07.524  INFO 12432 --- [main] docker[backend:1.0]                      : Creating container for image: backend:1.0
2022-08-16 19:46:08.482  INFO 12432 --- [main] docker[backend:1.0]                      : Container backend:1.0 is starting: f0f5afd49ca0c1a72309ba1e99795d7ebef8d72dffe8e98f31632689e648f407
2022-08-16 19:46:23.297  INFO 12432 --- [main] docker[backend:1.0]                      : Container backend:1.0 started in PT15.7729322S
2022-08-16 19:46:24.857  INFO 12432 --- [main] docker[backend:1.0]                      : Creating container for image: backend:1.0
2022-08-16 19:46:25.795  INFO 12432 --- [main] docker[backend:1.0]                      : Container backend:1.0 is starting: 254e131e28a2f959b81c19165d83c9506933e355cbe4ebaca39bee1aa00b2cef
2022-08-16 19:46:34.402  INFO 12432 --- [main] docker[backend:1.0]                      : Container backend:1.0 started in PT9.545444S
2022-08-16 19:46:36.302  INFO 12432 --- [main] docker[backend:1.0]                      : Creating container for image: backend:1.0
2022-08-16 19:46:36.543  INFO 12432 --- [main] docker[backend:1.0]                      : Container backend:1.0 is starting: ce806e26828d871bb3d797540ecb4fb91c0024303bc22f3a67ac3d48d3ed3447
2022-08-16 19:46:44.575  INFO 12432 --- [main] docker[backend:1.0]                      : Container backend:1.0 started in PT8.2730722S
2022-08-16 19:46:46.153  INFO 12432 --- [main] docker[backend:1.0]                      : Creating container for image: backend:1.0
2022-08-16 19:46:46.318  INFO 12432 --- [main] docker[backend:1.0]                      : Container backend:1.0 is starting: 7c2098c3b1f425fb732364988529e8cd9cf82a126a81a97a55c93f389fa5e6b2
2022-08-16 19:46:55.014  INFO 12432 --- [main] docker[backend:1.0]                      : Container backend:1.0 started in PT8.860918S
2022-08-16 19:46:55.609  INFO 12432 --- [main] docker[backend:1.0]                      : Creating container for image: backend:1.0
2022-08-16 19:46:55.751  INFO 12432 --- [main] docker[backend:1.0]                      : Container backend:1.0 is starting: 77961f0f3467b8ea39ec1450657576d23c235f9f6cbdd73b8838fb4469346841
2022-08-16 19:47:04.366  INFO 12432 --- [main] docker[backend:1.0]                      : Container backend:1.0 started in PT8.7579041S
2022-08-16 19:47:05.896  INFO 12432 --- [main] c.e.coursework.service.TransferService   : œÎ‡Ú∏Ê Mock for Transfer, hashCode: 1806545036 ·˚Î ÔÓ‰Ú‚ÂÊ‰∏Ì ÔÓ ÒÏÒ Ë ÛÒÔÂ¯ÌÓ ‚˚ÔÓÎÌÂÌ
2022-08-16 19:47:05.905  INFO 12432 --- [main] c.e.coursework.service.TransferService   : œÎ‡ÚÂÊ Mock for Transfer, hashCode: 272354463 ÒÓÁ‰‡Ì. ÕÂÓ·ıÓ‰ËÏÓ ÔÓ‰Ú‚ÂÊ‰ÂÌËÂ ÔÓ ÒÏÒ
2022-08-16 19:47:05.921  INFO 12432 --- [main] c.e.coursework.service.TransferService   : œÎ‡Ú∏Ê Mock for Transfer, hashCode: 1124663701 ·˚Î ÔÓ‰Ú‚ÂÊ‰∏Ì ÔÓ ÒÏÒ Ë ÛÒÔÂ¯ÌÓ ‚˚ÔÓÎÌÂÌ
2022-08-16 19:52:09.731  INFO 81688 --- [main] c.e.coursework.CourseworkApplication     : Starting CourseworkApplication using Java 17.0.4 on DESKTOP-O6BUNA7 with PID 81688 (C:\Users\User\IdeaProjects\netology\src\netology\jd\springboot\coursework\target\classes started by User in C:\Users\User\IdeaProjects\netology\src\netology\jd\springboot\coursework)
2022-08-16 19:52:09.735  INFO 81688 --- [main] c.e.coursework.CourseworkApplication     : No active profile set, falling back to 1 default profile: "default"
2022-08-16 19:52:10.932  INFO 81688 --- [main] o.s.b.w.embedded.tomcat.TomcatWebServer  : Tomcat initialized with port(s): 5500 (http)
2022-08-16 19:52:10.948  INFO 81688 --- [main] o.apache.catalina.core.StandardService   : Starting service [Tomcat]
2022-08-16 19:52:10.949  INFO 81688 --- [main] org.apache.catalina.core.StandardEngine  : Starting Servlet engine: [Apache Tomcat/9.0.65]
2022-08-16 19:52:11.107  INFO 81688 --- [main] o.a.c.c.C.[Tomcat].[localhost].[/]       : Initializing Spring embedded WebApplicationContext
2022-08-16 19:52:11.107  INFO 81688 --- [main] w.s.c.ServletWebServerApplicationContext : Root WebApplicationContext: initialization completed in 1305 ms
2022-08-16 19:52:11.602  WARN 81688 --- [main] ConfigServletWebServerApplicationContext : Exception encountered during context initialization - cancelling refresh attempt: org.springframework.context.ApplicationContextException: Failed to start bean 'webServerStartStop'; nested exception is org.springframework.boot.web.server.PortInUseException: Port 5500 is already in use
2022-08-16 19:52:11.606  INFO 81688 --- [main] o.apache.catalina.core.StandardService   : Stopping service [Tomcat]
2022-08-16 19:52:11.622  INFO 81688 --- [main] ConditionEvaluationReportLoggingListener : 

Error starting ApplicationContext. To display the conditions report re-run your application with 'debug' enabled.
2022-08-16 19:52:11.642 ERROR 81688 --- [main] o.s.b.d.LoggingFailureAnalysisReporter   : 

***************************
APPLICATION FAILED TO START
***************************

Description:

Web server failed to start. Port 5500 was already in use.

Action:

Identify and stop the process that's listening on port 5500 or configure this application to listen on another port.

